<?xml version="1.0" encoding="utf-8"?>
<coverage line-rate="0.9995" branch-rate="1" version="1.9" timestamp="1693581020" lines-covered="2064" lines-valid="2065" branches-covered="70" branches-valid="70">
  <sources>
    <source>C:\</source>
  </sources>
  <packages>
    <package name="blog.api" line-rate="1" branch-rate="1" complexity="122">
      <classes>
        <class name="blog.api.Model.CurrentUser" filename="repo_mediamonk\test5\blog\blog.api\Model\CurrentUser.cs" line-rate="1" branch-rate="1" complexity="1">
          <methods>
            <method name="get_Id" signature="()" line-rate="1" branch-rate="1" complexity="1">
              <lines>
                <line number="5" hits="125" branch="False" />
              </lines>
            </method>
          </methods>
          <lines>
            <line number="5" hits="125" branch="False" />
          </lines>
        </class>
        <class name="blog.api.Mapper.MapperCommentInputToCommentDB" filename="repo_mediamonk\test5\blog\blog.api\Mapper\MapperCommentInputToCommentDB.cs" line-rate="1" branch-rate="1" complexity="1">
          <methods>
            <method name="Map" signature="(blog.common.Model.CommentInput)" line-rate="1" branch-rate="1" complexity="1">
              <lines>
                <line number="8" hits="15" branch="False" />
                <line number="9" hits="15" branch="False" />
                <line number="10" hits="15" branch="False" />
                <line number="11" hits="15" branch="False" />
                <line number="12" hits="15" branch="False" />
                <line number="13" hits="15" branch="False" />
              </lines>
            </method>
          </methods>
          <lines>
            <line number="8" hits="15" branch="False" />
            <line number="9" hits="15" branch="False" />
            <line number="10" hits="15" branch="False" />
            <line number="11" hits="15" branch="False" />
            <line number="12" hits="15" branch="False" />
            <line number="13" hits="15" branch="False" />
          </lines>
        </class>
        <class name="blog.api.Mapper.MapperPostInputToPostDB" filename="repo_mediamonk\test5\blog\blog.api\Mapper\MapperPostInputToPostDB.cs" line-rate="1" branch-rate="1" complexity="1">
          <methods>
            <method name="Map" signature="(blog.common.Model.PostInput)" line-rate="1" branch-rate="1" complexity="1">
              <lines>
                <line number="8" hits="58" branch="False" />
                <line number="9" hits="58" branch="False" />
                <line number="10" hits="58" branch="False" />
                <line number="11" hits="58" branch="False" />
                <line number="12" hits="58" branch="False" />
                <line number="13" hits="58" branch="False" />
                <line number="14" hits="58" branch="False" />
              </lines>
            </method>
          </methods>
          <lines>
            <line number="8" hits="58" branch="False" />
            <line number="9" hits="58" branch="False" />
            <line number="10" hits="58" branch="False" />
            <line number="11" hits="58" branch="False" />
            <line number="12" hits="58" branch="False" />
            <line number="13" hits="58" branch="False" />
            <line number="14" hits="58" branch="False" />
          </lines>
        </class>
        <class name="blog.common.Service.PostService" filename="repo_mediamonk\test5\blog\blog.api\Service\PostService.cs" line-rate="1" branch-rate="1" complexity="1">
          <methods>
            <method name=".ctor" signature="(blog.common.Repository.IPostRepository,blog.api.Mapper.IMapper`2&lt;blog.common.Model.CommentDB,blog.common.Model.CommentInput&gt;,blog.api.Mapper.IMapper`2&lt;blog.common.Model.PostDB,blog.common.Model.PostInput&gt;,blog.api.Model.CurrentUser)" line-rate="1" branch-rate="1" complexity="1">
              <lines>
                <line number="15" hits="51" branch="False" />
                <line number="16" hits="51" branch="False" />
                <line number="17" hits="51" branch="False" />
                <line number="18" hits="51" branch="False" />
                <line number="19" hits="51" branch="False" />
                <line number="20" hits="51" branch="False" />
                <line number="21" hits="51" branch="False" />
                <line number="22" hits="51" branch="False" />
                <line number="23" hits="51" branch="False" />
                <line number="24" hits="51" branch="False" />
              </lines>
            </method>
          </methods>
          <lines>
            <line number="15" hits="51" branch="False" />
            <line number="16" hits="51" branch="False" />
            <line number="17" hits="51" branch="False" />
            <line number="18" hits="51" branch="False" />
            <line number="19" hits="51" branch="False" />
            <line number="20" hits="51" branch="False" />
            <line number="21" hits="51" branch="False" />
            <line number="22" hits="51" branch="False" />
            <line number="23" hits="51" branch="False" />
            <line number="24" hits="51" branch="False" />
          </lines>
        </class>
        <class name="blog.common.Service.PostService/&lt;&gt;c" filename="repo_mediamonk\test5\blog\blog.api\Service\PostService.cs" line-rate="1" branch-rate="1" complexity="1">
          <methods>
            <method name="&lt;GetById&gt;b__6_0" signature="(blog.common.Model.CommentDB)" line-rate="1" branch-rate="1" complexity="1">
              <lines>
                <line number="38" hits="4" branch="False" />
              </lines>
            </method>
          </methods>
          <lines>
            <line number="38" hits="4" branch="False" />
          </lines>
        </class>
        <class name="blog.common.Service.PostService/&lt;Add&gt;d__7" filename="repo_mediamonk\test5\blog\blog.api\Service\PostService.cs" line-rate="1" branch-rate="1" complexity="1">
          <methods>
            <method name="MoveNext" signature="()" line-rate="1" branch-rate="1" complexity="1">
              <lines>
                <line number="45" hits="43" branch="False" />
                <line number="46" hits="43" branch="False" />
                <line number="47" hits="43" branch="False" />
                <line number="49" hits="43" branch="False" />
                <line number="50" hits="39" branch="False" />
                <line number="51" hits="39" branch="False" />
              </lines>
            </method>
          </methods>
          <lines>
            <line number="45" hits="43" branch="False" />
            <line number="46" hits="43" branch="False" />
            <line number="47" hits="43" branch="False" />
            <line number="49" hits="43" branch="False" />
            <line number="50" hits="39" branch="False" />
            <line number="51" hits="39" branch="False" />
          </lines>
        </class>
        <class name="blog.common.Service.PostService/&lt;Approve&gt;d__12" filename="repo_mediamonk\test5\blog\blog.api\Service\PostService.cs" line-rate="1" branch-rate="1" complexity="2">
          <methods>
            <method name="MoveNext" signature="()" line-rate="1" branch-rate="1" complexity="2">
              <lines>
                <line number="105" hits="18" branch="False" />
                <line number="106" hits="18" branch="False" />
                <line number="108" hits="17" branch="True" condition-coverage="100% (2/2)">
                  <conditions>
                    <condition number="183" type="jump" coverage="100%" />
                  </conditions>
                </line>
                <line number="109" hits="6" branch="False" />
                <line number="111" hits="11" branch="False" />
                <line number="112" hits="11" branch="False" />
                <line number="113" hits="11" branch="False" />
                <line number="115" hits="11" branch="False" />
                <line number="116" hits="11" branch="False" />
              </lines>
            </method>
          </methods>
          <lines>
            <line number="105" hits="18" branch="False" />
            <line number="106" hits="18" branch="False" />
            <line number="108" hits="17" branch="True" condition-coverage="100% (2/2)">
              <conditions>
                <condition number="183" type="jump" coverage="100%" />
              </conditions>
            </line>
            <line number="109" hits="6" branch="False" />
            <line number="111" hits="11" branch="False" />
            <line number="112" hits="11" branch="False" />
            <line number="113" hits="11" branch="False" />
            <line number="115" hits="11" branch="False" />
            <line number="116" hits="11" branch="False" />
          </lines>
        </class>
        <class name="blog.common.Service.PostService/&lt;Comment&gt;d__11" filename="repo_mediamonk\test5\blog\blog.api\Service\PostService.cs" line-rate="1" branch-rate="1" complexity="2">
          <methods>
            <method name="MoveNext" signature="()" line-rate="1" branch-rate="1" complexity="2">
              <lines>
                <line number="90" hits="12" branch="False" />
                <line number="91" hits="12" branch="False" />
                <line number="93" hits="11" branch="True" condition-coverage="100% (2/2)">
                  <conditions>
                    <condition number="183" type="jump" coverage="100%" />
                  </conditions>
                </line>
                <line number="94" hits="4" branch="False" />
                <line number="96" hits="7" branch="False" />
                <line number="97" hits="7" branch="False" />
                <line number="99" hits="7" branch="False" />
                <line number="101" hits="7" branch="False" />
                <line number="102" hits="7" branch="False" />
              </lines>
            </method>
          </methods>
          <lines>
            <line number="90" hits="12" branch="False" />
            <line number="91" hits="12" branch="False" />
            <line number="93" hits="11" branch="True" condition-coverage="100% (2/2)">
              <conditions>
                <condition number="183" type="jump" coverage="100%" />
              </conditions>
            </line>
            <line number="94" hits="4" branch="False" />
            <line number="96" hits="7" branch="False" />
            <line number="97" hits="7" branch="False" />
            <line number="99" hits="7" branch="False" />
            <line number="101" hits="7" branch="False" />
            <line number="102" hits="7" branch="False" />
          </lines>
        </class>
        <class name="blog.common.Service.PostService/&lt;Edit&gt;d__9" filename="repo_mediamonk\test5\blog\blog.api\Service\PostService.cs" line-rate="1" branch-rate="1" complexity="4">
          <methods>
            <method name="MoveNext" signature="()" line-rate="1" branch-rate="1" complexity="4">
              <lines>
                <line number="61" hits="9" branch="False" />
                <line number="62" hits="9" branch="False" />
                <line number="64" hits="7" branch="True" condition-coverage="100% (4/4)">
                  <conditions>
                    <condition number="174" type="jump" coverage="100%" />
                    <condition number="197" type="jump" coverage="100%" />
                  </conditions>
                </line>
                <line number="65" hits="7" branch="False" />
                <line number="66" hits="4" branch="False" />
                <line number="68" hits="3" branch="False" />
                <line number="69" hits="3" branch="False" />
                <line number="70" hits="3" branch="False" />
                <line number="72" hits="3" branch="False" />
                <line number="73" hits="3" branch="False" />
              </lines>
            </method>
          </methods>
          <lines>
            <line number="61" hits="9" branch="False" />
            <line number="62" hits="9" branch="False" />
            <line number="64" hits="7" branch="True" condition-coverage="100% (4/4)">
              <conditions>
                <condition number="174" type="jump" coverage="100%" />
                <condition number="197" type="jump" coverage="100%" />
              </conditions>
            </line>
            <line number="65" hits="7" branch="False" />
            <line number="66" hits="4" branch="False" />
            <line number="68" hits="3" branch="False" />
            <line number="69" hits="3" branch="False" />
            <line number="70" hits="3" branch="False" />
            <line number="72" hits="3" branch="False" />
            <line number="73" hits="3" branch="False" />
          </lines>
        </class>
        <class name="blog.common.Service.PostService/&lt;GetById&gt;d__6" filename="repo_mediamonk\test5\blog\blog.api\Service\PostService.cs" line-rate="1" branch-rate="1" complexity="4">
          <methods>
            <method name="MoveNext" signature="()" line-rate="1" branch-rate="1" complexity="4">
              <lines>
                <line number="32" hits="26" branch="False" />
                <line number="33" hits="26" branch="False" />
                <line number="35" hits="23" branch="True" condition-coverage="100% (2/2)">
                  <conditions>
                    <condition number="171" type="jump" coverage="100%" />
                  </conditions>
                </line>
                <line number="36" hits="4" branch="False" />
                <line number="37" hits="4" branch="True" condition-coverage="100% (2/2)">
                  <conditions>
                    <condition number="200" type="jump" coverage="100%" />
                  </conditions>
                </line>
                <line number="39" hits="4" branch="False" />
                <line number="41" hits="23" branch="False" />
                <line number="42" hits="23" branch="False" />
              </lines>
            </method>
          </methods>
          <lines>
            <line number="32" hits="26" branch="False" />
            <line number="33" hits="26" branch="False" />
            <line number="35" hits="23" branch="True" condition-coverage="100% (2/2)">
              <conditions>
                <condition number="171" type="jump" coverage="100%" />
              </conditions>
            </line>
            <line number="36" hits="4" branch="False" />
            <line number="37" hits="4" branch="True" condition-coverage="100% (2/2)">
              <conditions>
                <condition number="200" type="jump" coverage="100%" />
              </conditions>
            </line>
            <line number="39" hits="4" branch="False" />
            <line number="41" hits="23" branch="False" />
            <line number="42" hits="23" branch="False" />
          </lines>
        </class>
        <class name="blog.common.Service.PostService/&lt;List&gt;d__5" filename="repo_mediamonk\test5\blog\blog.api\Service\PostService.cs" line-rate="1" branch-rate="1" complexity="1">
          <methods>
            <method name="MoveNext" signature="()" line-rate="1" branch-rate="1" complexity="1">
              <lines>
                <line number="27" hits="5" branch="False" />
                <line number="28" hits="5" branch="False" />
                <line number="29" hits="3" branch="False" />
              </lines>
            </method>
          </methods>
          <lines>
            <line number="27" hits="5" branch="False" />
            <line number="28" hits="5" branch="False" />
            <line number="29" hits="3" branch="False" />
          </lines>
        </class>
        <class name="blog.common.Service.PostService/&lt;ListByOwner&gt;d__8" filename="repo_mediamonk\test5\blog\blog.api\Service\PostService.cs" line-rate="1" branch-rate="1" complexity="1">
          <methods>
            <method name="MoveNext" signature="()" line-rate="1" branch-rate="1" complexity="1">
              <lines>
                <line number="54" hits="5" branch="False" />
                <line number="55" hits="5" branch="False" />
                <line number="57" hits="2" branch="False" />
                <line number="58" hits="2" branch="False" />
              </lines>
            </method>
          </methods>
          <lines>
            <line number="54" hits="5" branch="False" />
            <line number="55" hits="5" branch="False" />
            <line number="57" hits="2" branch="False" />
            <line number="58" hits="2" branch="False" />
          </lines>
        </class>
        <class name="blog.common.Service.PostService/&lt;Reject&gt;d__13" filename="repo_mediamonk\test5\blog\blog.api\Service\PostService.cs" line-rate="1" branch-rate="1" complexity="4">
          <methods>
            <method name="MoveNext" signature="()" line-rate="1" branch-rate="1" complexity="4">
              <lines>
                <line number="119" hits="16" branch="False" />
                <line number="120" hits="16" branch="False" />
                <line number="122" hits="15" branch="True" condition-coverage="100% (2/2)">
                  <conditions>
                    <condition number="183" type="jump" coverage="100%" />
                  </conditions>
                </line>
                <line number="123" hits="6" branch="False" />
                <line number="125" hits="9" branch="True" condition-coverage="100% (2/2)">
                  <conditions>
                    <condition number="257" type="jump" coverage="100%" />
                  </conditions>
                </line>
                <line number="126" hits="2" branch="False" />
                <line number="128" hits="7" branch="False" />
                <line number="130" hits="7" branch="False" />
                <line number="132" hits="7" branch="False" />
                <line number="133" hits="7" branch="False" />
                <line number="135" hits="7" branch="False" />
                <line number="137" hits="7" branch="False" />
                <line number="138" hits="7" branch="False" />
              </lines>
            </method>
          </methods>
          <lines>
            <line number="119" hits="16" branch="False" />
            <line number="120" hits="16" branch="False" />
            <line number="122" hits="15" branch="True" condition-coverage="100% (2/2)">
              <conditions>
                <condition number="183" type="jump" coverage="100%" />
              </conditions>
            </line>
            <line number="123" hits="6" branch="False" />
            <line number="125" hits="9" branch="True" condition-coverage="100% (2/2)">
              <conditions>
                <condition number="257" type="jump" coverage="100%" />
              </conditions>
            </line>
            <line number="126" hits="2" branch="False" />
            <line number="128" hits="7" branch="False" />
            <line number="130" hits="7" branch="False" />
            <line number="132" hits="7" branch="False" />
            <line number="133" hits="7" branch="False" />
            <line number="135" hits="7" branch="False" />
            <line number="137" hits="7" branch="False" />
            <line number="138" hits="7" branch="False" />
          </lines>
        </class>
        <class name="blog.common.Service.PostService/&lt;Submit&gt;d__10" filename="repo_mediamonk\test5\blog\blog.api\Service\PostService.cs" line-rate="1" branch-rate="1" complexity="4">
          <methods>
            <method name="MoveNext" signature="()" line-rate="1" branch-rate="1" complexity="4">
              <lines>
                <line number="76" hits="31" branch="False" />
                <line number="77" hits="31" branch="False" />
                <line number="79" hits="30" branch="True" condition-coverage="100% (4/4)">
                  <conditions>
                    <condition number="173" type="jump" coverage="100%" />
                    <condition number="199" type="jump" coverage="100%" />
                  </conditions>
                </line>
                <line number="80" hits="30" branch="False" />
                <line number="81" hits="4" branch="False" />
                <line number="83" hits="26" branch="False" />
                <line number="84" hits="26" branch="False" />
                <line number="86" hits="26" branch="False" />
                <line number="87" hits="26" branch="False" />
              </lines>
            </method>
          </methods>
          <lines>
            <line number="76" hits="31" branch="False" />
            <line number="77" hits="31" branch="False" />
            <line number="79" hits="30" branch="True" condition-coverage="100% (4/4)">
              <conditions>
                <condition number="173" type="jump" coverage="100%" />
                <condition number="199" type="jump" coverage="100%" />
              </conditions>
            </line>
            <line number="80" hits="30" branch="False" />
            <line number="81" hits="4" branch="False" />
            <line number="83" hits="26" branch="False" />
            <line number="84" hits="26" branch="False" />
            <line number="86" hits="26" branch="False" />
            <line number="87" hits="26" branch="False" />
          </lines>
        </class>
        <class name="blog.common.Service.UserService" filename="repo_mediamonk\test5\blog\blog.api\Service\UserService.cs" line-rate="1" branch-rate="1" complexity="2">
          <methods>
            <method name="Authenticate" signature="(System.String,System.String)" line-rate="1" branch-rate="1" complexity="1">
              <lines>
                <line number="51" hits="2" branch="False" />
                <line number="52" hits="2" branch="False" />
                <line number="53" hits="2" branch="False" />
              </lines>
            </method>
            <method name=".ctor" signature="(blog.common.Repository.IUserRepository)" line-rate="1" branch-rate="1" complexity="1">
              <lines>
                <line number="10" hits="18" branch="False" />
                <line number="11" hits="18" branch="False" />
                <line number="12" hits="18" branch="False" />
                <line number="13" hits="18" branch="False" />
              </lines>
            </method>
          </methods>
          <lines>
            <line number="51" hits="2" branch="False" />
            <line number="52" hits="2" branch="False" />
            <line number="53" hits="2" branch="False" />
            <line number="10" hits="18" branch="False" />
            <line number="11" hits="18" branch="False" />
            <line number="12" hits="18" branch="False" />
            <line number="13" hits="18" branch="False" />
          </lines>
        </class>
        <class name="blog.common.Service.UserService/&lt;GetById&gt;d__3" filename="repo_mediamonk\test5\blog\blog.api\Service\UserService.cs" line-rate="1" branch-rate="1" complexity="1">
          <methods>
            <method name="MoveNext" signature="()" line-rate="1" branch-rate="1" complexity="1">
              <lines>
                <line number="21" hits="8" branch="False" />
                <line number="22" hits="8" branch="False" />
                <line number="23" hits="4" branch="False" />
                <line number="24" hits="4" branch="False" />
              </lines>
            </method>
          </methods>
          <lines>
            <line number="21" hits="8" branch="False" />
            <line number="22" hits="8" branch="False" />
            <line number="23" hits="4" branch="False" />
            <line number="24" hits="4" branch="False" />
          </lines>
        </class>
        <class name="blog.common.Service.UserService/&lt;GetByUsername&gt;d__5" filename="repo_mediamonk\test5\blog\blog.api\Service\UserService.cs" line-rate="1" branch-rate="1" complexity="1">
          <methods>
            <method name="MoveNext" signature="()" line-rate="1" branch-rate="1" complexity="1">
              <lines>
                <line number="38" hits="7" branch="False" />
                <line number="39" hits="7" branch="False" />
                <line number="40" hits="3" branch="False" />
                <line number="41" hits="3" branch="False" />
              </lines>
            </method>
          </methods>
          <lines>
            <line number="38" hits="7" branch="False" />
            <line number="39" hits="7" branch="False" />
            <line number="40" hits="3" branch="False" />
            <line number="41" hits="3" branch="False" />
          </lines>
        </class>
        <class name="blog.common.Service.UserService/&lt;HasRole&gt;d__6" filename="repo_mediamonk\test5\blog\blog.api\Service\UserService.cs" line-rate="1" branch-rate="1" complexity="1">
          <methods>
            <method name="MoveNext" signature="()" line-rate="1" branch-rate="1" complexity="1">
              <lines>
                <line number="44" hits="2" branch="False" />
                <line number="45" hits="2" branch="False" />
                <line number="47" hits="2" branch="False" />
                <line number="48" hits="2" branch="False" />
              </lines>
            </method>
          </methods>
          <lines>
            <line number="44" hits="2" branch="False" />
            <line number="45" hits="2" branch="False" />
            <line number="47" hits="2" branch="False" />
            <line number="48" hits="2" branch="False" />
          </lines>
        </class>
        <class name="blog.common.Service.UserService/&lt;List&gt;d__2" filename="repo_mediamonk\test5\blog\blog.api\Service\UserService.cs" line-rate="1" branch-rate="1" complexity="1">
          <methods>
            <method name="MoveNext" signature="()" line-rate="1" branch-rate="1" complexity="1">
              <lines>
                <line number="16" hits="2" branch="False" />
                <line number="17" hits="2" branch="False" />
                <line number="18" hits="1" branch="False" />
              </lines>
            </method>
          </methods>
          <lines>
            <line number="16" hits="2" branch="False" />
            <line number="17" hits="2" branch="False" />
            <line number="18" hits="1" branch="False" />
          </lines>
        </class>
        <class name="blog.common.Service.UserService/&lt;Save&gt;d__4" filename="repo_mediamonk\test5\blog\blog.api\Service\UserService.cs" line-rate="1" branch-rate="1" complexity="2">
          <methods>
            <method name="MoveNext" signature="()" line-rate="1" branch-rate="1" complexity="2">
              <lines>
                <line number="27" hits="9" branch="False" />
                <line number="28" hits="9" branch="False" />
                <line number="30" hits="9" branch="True" condition-coverage="100% (2/2)">
                  <conditions>
                    <condition number="53" type="jump" coverage="100%" />
                  </conditions>
                </line>
                <line number="31" hits="1" branch="False" />
                <line number="33" hits="9" branch="False" />
                <line number="34" hits="8" branch="False" />
                <line number="35" hits="8" branch="False" />
              </lines>
            </method>
          </methods>
          <lines>
            <line number="27" hits="9" branch="False" />
            <line number="28" hits="9" branch="False" />
            <line number="30" hits="9" branch="True" condition-coverage="100% (2/2)">
              <conditions>
                <condition number="53" type="jump" coverage="100%" />
              </conditions>
            </line>
            <line number="31" hits="1" branch="False" />
            <line number="33" hits="9" branch="False" />
            <line number="34" hits="8" branch="False" />
            <line number="35" hits="8" branch="False" />
          </lines>
        </class>
        <class name="blog.common.Repository.PostRepository" filename="repo_mediamonk\test5\blog\blog.api\Repository\PostRepository.cs" line-rate="1" branch-rate="1" complexity="1">
          <methods>
            <method name=".ctor" signature="(blog.common.Database.DBContextBlog)" line-rate="1" branch-rate="1" complexity="1">
              <lines>
                <line number="11" hits="61" branch="False" />
                <line number="12" hits="61" branch="False" />
                <line number="13" hits="61" branch="False" />
                <line number="14" hits="61" branch="False" />
              </lines>
            </method>
          </methods>
          <lines>
            <line number="11" hits="61" branch="False" />
            <line number="12" hits="61" branch="False" />
            <line number="13" hits="61" branch="False" />
            <line number="14" hits="61" branch="False" />
          </lines>
        </class>
        <class name="blog.common.Repository.PostRepository/&lt;Add&gt;d__4" filename="repo_mediamonk\test5\blog\blog.api\Repository\PostRepository.cs" line-rate="1" branch-rate="1" complexity="1">
          <methods>
            <method name="MoveNext" signature="()" line-rate="1" branch-rate="1" complexity="1">
              <lines>
                <line number="30" hits="57" branch="False" />
                <line number="31" hits="57" branch="False" />
                <line number="33" hits="56" branch="False" />
                <line number="35" hits="50" branch="False" />
                <line number="36" hits="50" branch="False" />
              </lines>
            </method>
          </methods>
          <lines>
            <line number="30" hits="57" branch="False" />
            <line number="31" hits="57" branch="False" />
            <line number="33" hits="56" branch="False" />
            <line number="35" hits="50" branch="False" />
            <line number="36" hits="50" branch="False" />
          </lines>
        </class>
        <class name="blog.common.Repository.PostRepository/&lt;Edit&gt;d__5" filename="repo_mediamonk\test5\blog\blog.api\Repository\PostRepository.cs" line-rate="1" branch-rate="1" complexity="4">
          <methods>
            <method name="MoveNext" signature="()" line-rate="1" branch-rate="1" complexity="4">
              <lines>
                <line number="38" hits="57" branch="False" />
                <line number="39" hits="57" branch="False" />
                <line number="41" hits="57" branch="True" condition-coverage="100% (2/2)">
                  <conditions>
                    <condition number="269" type="jump" coverage="100%" />
                  </conditions>
                </line>
                <line number="42" hits="2" branch="False" />
                <line number="44" hits="55" branch="False" />
                <line number="45" hits="55" branch="False" />
                <line number="46" hits="55" branch="False" />
                <line number="47" hits="55" branch="False" />
                <line number="48" hits="55" branch="True" condition-coverage="100% (2/2)">
                  <conditions>
                    <condition number="407" type="jump" coverage="100%" />
                  </conditions>
                </line>
                <line number="49" hits="14" branch="False" />
                <line number="50" hits="14" branch="False" />
                <line number="51" hits="14" branch="False" />
                <line number="53" hits="55" branch="False" />
                <line number="55" hits="55" branch="False" />
                <line number="56" hits="55" branch="False" />
              </lines>
            </method>
          </methods>
          <lines>
            <line number="38" hits="57" branch="False" />
            <line number="39" hits="57" branch="False" />
            <line number="41" hits="57" branch="True" condition-coverage="100% (2/2)">
              <conditions>
                <condition number="269" type="jump" coverage="100%" />
              </conditions>
            </line>
            <line number="42" hits="2" branch="False" />
            <line number="44" hits="55" branch="False" />
            <line number="45" hits="55" branch="False" />
            <line number="46" hits="55" branch="False" />
            <line number="47" hits="55" branch="False" />
            <line number="48" hits="55" branch="True" condition-coverage="100% (2/2)">
              <conditions>
                <condition number="407" type="jump" coverage="100%" />
              </conditions>
            </line>
            <line number="49" hits="14" branch="False" />
            <line number="50" hits="14" branch="False" />
            <line number="51" hits="14" branch="False" />
            <line number="53" hits="55" branch="False" />
            <line number="55" hits="55" branch="False" />
            <line number="56" hits="55" branch="False" />
          </lines>
        </class>
        <class name="blog.common.Repository.PostRepository/&lt;GetById&gt;d__3" filename="repo_mediamonk\test5\blog\blog.api\Repository\PostRepository.cs" line-rate="1" branch-rate="1" complexity="2">
          <methods>
            <method name="MoveNext" signature="()" line-rate="1" branch-rate="1" complexity="2">
              <lines>
                <line number="22" hits="117" branch="False" />
                <line number="23" hits="117" branch="False" />
                <line number="24" hits="116" branch="True" condition-coverage="100% (2/2)">
                  <conditions>
                    <condition number="375" type="jump" coverage="100%" />
                  </conditions>
                </line>
                <line number="25" hits="10" branch="False" />
                <line number="26" hits="106" branch="False" />
                <line number="27" hits="106" branch="False" />
              </lines>
            </method>
          </methods>
          <lines>
            <line number="22" hits="117" branch="False" />
            <line number="23" hits="117" branch="False" />
            <line number="24" hits="116" branch="True" condition-coverage="100% (2/2)">
              <conditions>
                <condition number="375" type="jump" coverage="100%" />
              </conditions>
            </line>
            <line number="25" hits="10" branch="False" />
            <line number="26" hits="106" branch="False" />
            <line number="27" hits="106" branch="False" />
          </lines>
        </class>
        <class name="blog.common.Repository.PostRepository/&lt;List&gt;d__2" filename="repo_mediamonk\test5\blog\blog.api\Repository\PostRepository.cs" line-rate="1" branch-rate="1" complexity="1">
          <methods>
            <method name="MoveNext" signature="()" line-rate="1" branch-rate="1" complexity="1">
              <lines>
                <line number="17" hits="6" branch="False" />
                <line number="18" hits="6" branch="False" />
                <line number="19" hits="4" branch="False" />
              </lines>
            </method>
          </methods>
          <lines>
            <line number="17" hits="6" branch="False" />
            <line number="18" hits="6" branch="False" />
            <line number="19" hits="4" branch="False" />
          </lines>
        </class>
        <class name="blog.common.Repository.PostRepository/&lt;ListByOwner&gt;d__6" filename="repo_mediamonk\test5\blog\blog.api\Repository\PostRepository.cs" line-rate="1" branch-rate="1" complexity="2">
          <methods>
            <method name="MoveNext" signature="()" line-rate="1" branch-rate="1" complexity="2">
              <lines>
                <line number="60" hits="8" branch="False" />
                <line number="61" hits="8" branch="False" />
                <line number="62" hits="7" branch="True" condition-coverage="100% (2/2)">
                  <conditions>
                    <condition number="380" type="jump" coverage="100%" />
                  </conditions>
                </line>
                <line number="63" hits="4" branch="False" />
                <line number="65" hits="3" branch="False" />
                <line number="66" hits="3" branch="False" />
              </lines>
            </method>
          </methods>
          <lines>
            <line number="60" hits="8" branch="False" />
            <line number="61" hits="8" branch="False" />
            <line number="62" hits="7" branch="True" condition-coverage="100% (2/2)">
              <conditions>
                <condition number="380" type="jump" coverage="100%" />
              </conditions>
            </line>
            <line number="63" hits="4" branch="False" />
            <line number="65" hits="3" branch="False" />
            <line number="66" hits="3" branch="False" />
          </lines>
        </class>
        <class name="blog.common.Repository.UserRepository" filename="repo_mediamonk\test5\blog\blog.api\Repository\UserRepository.cs" line-rate="1" branch-rate="1" complexity="2">
          <methods>
            <method name="Authenticate" signature="(System.String,System.String)" line-rate="1" branch-rate="1" complexity="1">
              <lines>
                <line number="48" hits="4" branch="False" />
                <line number="49" hits="4" branch="False" />
                <line number="50" hits="4" branch="False" />
              </lines>
            </method>
            <method name=".ctor" signature="(blog.common.Database.DBContextBlog)" line-rate="1" branch-rate="1" complexity="1">
              <lines>
                <line number="11" hits="24" branch="False" />
                <line number="12" hits="24" branch="False" />
                <line number="13" hits="24" branch="False" />
                <line number="14" hits="24" branch="False" />
              </lines>
            </method>
          </methods>
          <lines>
            <line number="48" hits="4" branch="False" />
            <line number="49" hits="4" branch="False" />
            <line number="50" hits="4" branch="False" />
            <line number="11" hits="24" branch="False" />
            <line number="12" hits="24" branch="False" />
            <line number="13" hits="24" branch="False" />
            <line number="14" hits="24" branch="False" />
          </lines>
        </class>
        <class name="blog.common.Repository.UserRepository/&lt;GetById&gt;d__3" filename="repo_mediamonk\test5\blog\blog.api\Repository\UserRepository.cs" line-rate="1" branch-rate="1" complexity="2">
          <methods>
            <method name="MoveNext" signature="()" line-rate="1" branch-rate="1" complexity="2">
              <lines>
                <line number="22" hits="10" branch="False" />
                <line number="23" hits="10" branch="False" />
                <line number="24" hits="9" branch="True" condition-coverage="100% (2/2)">
                  <conditions>
                    <condition number="187" type="jump" coverage="100%" />
                  </conditions>
                </line>
                <line number="25" hits="4" branch="False" />
                <line number="26" hits="5" branch="False" />
                <line number="27" hits="5" branch="False" />
              </lines>
            </method>
          </methods>
          <lines>
            <line number="22" hits="10" branch="False" />
            <line number="23" hits="10" branch="False" />
            <line number="24" hits="9" branch="True" condition-coverage="100% (2/2)">
              <conditions>
                <condition number="187" type="jump" coverage="100%" />
              </conditions>
            </line>
            <line number="25" hits="4" branch="False" />
            <line number="26" hits="5" branch="False" />
            <line number="27" hits="5" branch="False" />
          </lines>
        </class>
        <class name="blog.common.Repository.UserRepository/&lt;GetByUserName&gt;d__5" filename="repo_mediamonk\test5\blog\blog.api\Repository\UserRepository.cs" line-rate="1" branch-rate="1" complexity="2">
          <methods>
            <method name="MoveNext" signature="()" line-rate="1" branch-rate="1" complexity="2">
              <lines>
                <line number="40" hits="9" branch="False" />
                <line number="41" hits="9" branch="False" />
                <line number="42" hits="8" branch="True" condition-coverage="100% (2/2)">
                  <conditions>
                    <condition number="303" type="jump" coverage="100%" />
                  </conditions>
                </line>
                <line number="43" hits="4" branch="False" />
                <line number="44" hits="4" branch="False" />
                <line number="45" hits="4" branch="False" />
              </lines>
            </method>
          </methods>
          <lines>
            <line number="40" hits="9" branch="False" />
            <line number="41" hits="9" branch="False" />
            <line number="42" hits="8" branch="True" condition-coverage="100% (2/2)">
              <conditions>
                <condition number="303" type="jump" coverage="100%" />
              </conditions>
            </line>
            <line number="43" hits="4" branch="False" />
            <line number="44" hits="4" branch="False" />
            <line number="45" hits="4" branch="False" />
          </lines>
        </class>
        <class name="blog.common.Repository.UserRepository/&lt;List&gt;d__2" filename="repo_mediamonk\test5\blog\blog.api\Repository\UserRepository.cs" line-rate="1" branch-rate="1" complexity="1">
          <methods>
            <method name="MoveNext" signature="()" line-rate="1" branch-rate="1" complexity="1">
              <lines>
                <line number="17" hits="2" branch="False" />
                <line number="18" hits="2" branch="False" />
                <line number="19" hits="1" branch="False" />
              </lines>
            </method>
          </methods>
          <lines>
            <line number="17" hits="2" branch="False" />
            <line number="18" hits="2" branch="False" />
            <line number="19" hits="1" branch="False" />
          </lines>
        </class>
        <class name="blog.common.Repository.UserRepository/&lt;Save&gt;d__4" filename="repo_mediamonk\test5\blog\blog.api\Repository\UserRepository.cs" line-rate="1" branch-rate="1" complexity="1">
          <methods>
            <method name="MoveNext" signature="()" line-rate="1" branch-rate="1" complexity="1">
              <lines>
                <line number="31" hits="13" branch="False" />
                <line number="32" hits="13" branch="False" />
                <line number="34" hits="12" branch="False" />
                <line number="36" hits="12" branch="False" />
                <line number="37" hits="12" branch="False" />
              </lines>
            </method>
          </methods>
          <lines>
            <line number="31" hits="13" branch="False" />
            <line number="32" hits="13" branch="False" />
            <line number="34" hits="12" branch="False" />
            <line number="36" hits="12" branch="False" />
            <line number="37" hits="12" branch="False" />
          </lines>
        </class>
        <class name="blog.common.Model.CommentDB" filename="repo_mediamonk\test5\blog\blog.api\Model\CommentDB.cs" line-rate="1" branch-rate="1" complexity="5">
          <methods>
            <method name="get_ID" signature="()" line-rate="1" branch-rate="1" complexity="1">
              <lines>
                <line number="9" hits="2" branch="False" />
              </lines>
            </method>
            <method name="get_Content" signature="()" line-rate="1" branch-rate="1" complexity="1">
              <lines>
                <line number="11" hits="32" branch="False" />
              </lines>
            </method>
            <method name="get_DatePublished" signature="()" line-rate="1" branch-rate="1" complexity="1">
              <lines>
                <line number="13" hits="59" branch="False" />
              </lines>
            </method>
            <method name="get_PostId" signature="()" line-rate="1" branch-rate="1" complexity="1">
              <lines>
                <line number="15" hits="30" branch="False" />
              </lines>
            </method>
            <method name="get_Type" signature="()" line-rate="1" branch-rate="1" complexity="1">
              <lines>
                <line number="16" hits="59" branch="False" />
              </lines>
            </method>
          </methods>
          <lines>
            <line number="9" hits="2" branch="False" />
            <line number="11" hits="32" branch="False" />
            <line number="13" hits="59" branch="False" />
            <line number="15" hits="30" branch="False" />
            <line number="16" hits="59" branch="False" />
          </lines>
        </class>
        <class name="blog.common.Model.CommentInput" filename="repo_mediamonk\test5\blog\blog.api\Model\CommentInput.cs" line-rate="1" branch-rate="1" complexity="1">
          <methods>
            <method name="get_Content" signature="()" line-rate="1" branch-rate="1" complexity="1">
              <lines>
                <line number="8" hits="54" branch="False" />
              </lines>
            </method>
          </methods>
          <lines>
            <line number="8" hits="54" branch="False" />
          </lines>
        </class>
        <class name="blog.common.Model.ErrorMessage" filename="repo_mediamonk\test5\blog\blog.api\Model\ErrorMessage.cs" line-rate="1" branch-rate="1" complexity="2">
          <methods>
            <method name="get_Error" signature="()" line-rate="1" branch-rate="1" complexity="1">
              <lines>
                <line number="10" hits="20" branch="False" />
              </lines>
            </method>
            <method name=".ctor" signature="(System.String)" line-rate="1" branch-rate="1" complexity="1">
              <lines>
                <line number="6" hits="19" branch="False" />
                <line number="7" hits="19" branch="False" />
                <line number="8" hits="19" branch="False" />
                <line number="9" hits="19" branch="False" />
              </lines>
            </method>
          </methods>
          <lines>
            <line number="10" hits="20" branch="False" />
            <line number="6" hits="19" branch="False" />
            <line number="7" hits="19" branch="False" />
            <line number="8" hits="19" branch="False" />
            <line number="9" hits="19" branch="False" />
          </lines>
        </class>
        <class name="blog.common.Model.PostDB" filename="repo_mediamonk\test5\blog\blog.api\Model\PostDB.cs" line-rate="1" branch-rate="1" complexity="7">
          <methods>
            <method name="get_ID" signature="()" line-rate="1" branch-rate="1" complexity="1">
              <lines>
                <line number="9" hits="158" branch="False" />
              </lines>
            </method>
            <method name="get_Title" signature="()" line-rate="1" branch-rate="1" complexity="1">
              <lines>
                <line number="11" hits="468" branch="False" />
              </lines>
            </method>
            <method name="get_Content" signature="()" line-rate="1" branch-rate="1" complexity="1">
              <lines>
                <line number="13" hits="466" branch="False" />
              </lines>
            </method>
            <method name="get_DatePublished" signature="()" line-rate="1" branch-rate="1" complexity="1">
              <lines>
                <line number="14" hits="307" branch="False" />
              </lines>
            </method>
            <method name="get_OwnerId" signature="()" line-rate="1" branch-rate="1" complexity="1">
              <lines>
                <line number="15" hits="69" branch="False" />
              </lines>
            </method>
            <method name="get_Status" signature="()" line-rate="1" branch-rate="1" complexity="1">
              <lines>
                <line number="16" hits="454" branch="False" />
              </lines>
            </method>
            <method name="get_Comments" signature="()" line-rate="1" branch-rate="1" complexity="1">
              <lines>
                <line number="17" hits="240" branch="False" />
              </lines>
            </method>
          </methods>
          <lines>
            <line number="9" hits="158" branch="False" />
            <line number="11" hits="468" branch="False" />
            <line number="13" hits="466" branch="False" />
            <line number="14" hits="307" branch="False" />
            <line number="15" hits="69" branch="False" />
            <line number="16" hits="454" branch="False" />
            <line number="17" hits="240" branch="False" />
          </lines>
        </class>
        <class name="blog.common.Model.PostInput" filename="repo_mediamonk\test5\blog\blog.api\Model\PostInput.cs" line-rate="1" branch-rate="1" complexity="2">
          <methods>
            <method name="get_Title" signature="()" line-rate="1" branch-rate="1" complexity="1">
              <lines>
                <line number="8" hits="197" branch="False" />
              </lines>
            </method>
            <method name="get_Content" signature="()" line-rate="1" branch-rate="1" complexity="1">
              <lines>
                <line number="10" hits="197" branch="False" />
              </lines>
            </method>
          </methods>
          <lines>
            <line number="8" hits="197" branch="False" />
            <line number="10" hits="197" branch="False" />
          </lines>
        </class>
        <class name="blog.common.Model.User" filename="repo_mediamonk\test5\blog\blog.api\Model\User.cs" line-rate="1" branch-rate="1" complexity="6">
          <methods>
            <method name="get_ID" signature="()" line-rate="1" branch-rate="1" complexity="1">
              <lines>
                <line number="9" hits="24" branch="False" />
              </lines>
            </method>
            <method name="get_Name" signature="()" line-rate="1" branch-rate="1" complexity="1">
              <lines>
                <line number="11" hits="45" branch="False" />
              </lines>
            </method>
            <method name="get_Username" signature="()" line-rate="1" branch-rate="1" complexity="1">
              <lines>
                <line number="13" hits="45" branch="False" />
              </lines>
            </method>
            <method name="get_Password" signature="()" line-rate="1" branch-rate="1" complexity="1">
              <lines>
                <line number="15" hits="45" branch="False" />
              </lines>
            </method>
            <method name="get_Email" signature="()" line-rate="1" branch-rate="1" complexity="1">
              <lines>
                <line number="18" hits="45" branch="False" />
              </lines>
            </method>
            <method name="get_Role" signature="()" line-rate="1" branch-rate="1" complexity="1">
              <lines>
                <line number="20" hits="59" branch="False" />
              </lines>
            </method>
          </methods>
          <lines>
            <line number="9" hits="24" branch="False" />
            <line number="11" hits="45" branch="False" />
            <line number="13" hits="45" branch="False" />
            <line number="15" hits="45" branch="False" />
            <line number="18" hits="45" branch="False" />
            <line number="20" hits="59" branch="False" />
          </lines>
        </class>
        <class name="blog.common.Middleware.AuthorizeFilter" filename="repo_mediamonk\test5\blog\blog.api\Middleware\AuthorizeFilter.cs" line-rate="1" branch-rate="1" complexity="10">
          <methods>
            <method name="OnAuthorization" signature="(Microsoft.AspNetCore.Mvc.Filters.AuthorizationFilterContext)" line-rate="1" branch-rate="1" complexity="10">
              <lines>
                <line number="14" hits="7" branch="False" />
                <line number="16" hits="7" branch="False" />
                <line number="17" hits="7" branch="True" condition-coverage="100% (2/2)">
                  <conditions>
                    <condition number="26" type="jump" coverage="100%" />
                  </conditions>
                </line>
                <line number="18" hits="1" branch="False" />
                <line number="21" hits="6" branch="False" />
                <line number="22" hits="6" branch="False" />
                <line number="23" hits="5" branch="False" />
                <line number="24" hits="4" branch="False" />
                <line number="25" hits="4" branch="False" />
                <line number="26" hits="4" branch="False" />
                <line number="28" hits="4" branch="False" />
                <line number="30" hits="4" branch="False" />
                <line number="32" hits="4" branch="True" condition-coverage="100% (2/2)">
                  <conditions>
                    <condition number="158" type="jump" coverage="100%" />
                  </conditions>
                </line>
                <line number="33" hits="1" branch="False" />
                <line number="35" hits="1" branch="False" />
                <line number="36" hits="1" branch="False" />
                <line number="38" hits="3" branch="False" />
                <line number="39" hits="3" branch="False" />
                <line number="40" hits="3" branch="True" condition-coverage="100% (2/2)">
                  <conditions>
                    <condition number="239" type="jump" coverage="100%" />
                  </conditions>
                </line>
                <line number="41" hits="2" branch="False" />
                <line number="42" hits="2" branch="True" condition-coverage="100% (2/2)">
                  <conditions>
                    <condition number="271" type="jump" coverage="100%" />
                  </conditions>
                </line>
                <line number="43" hits="1" branch="False" />
                <line number="45" hits="1" branch="False" />
                <line number="46" hits="1" branch="False" />
                <line number="48" hits="1" branch="False" />
                <line number="49" hits="1" branch="False" />
                <line number="50" hits="1" branch="True" condition-coverage="100% (2/2)">
                  <conditions>
                    <condition number="359" type="jump" coverage="100%" />
                  </conditions>
                </line>
                <line number="51" hits="1" branch="False" />
                <line number="52" hits="1" branch="False" />
                <line number="53" hits="1" branch="False" />
                <line number="54" hits="1" branch="False" />
                <line number="55" hits="2" branch="False" />
                <line number="56" hits="3" branch="False" />
                <line number="57" hits="4" branch="False" />
                <line number="58" hits="2" branch="False" />
                <line number="59" hits="2" branch="False" />
                <line number="60" hits="2" branch="False" />
                <line number="61" hits="2" branch="False" />
                <line number="63" hits="7" branch="False" />
              </lines>
            </method>
          </methods>
          <lines>
            <line number="14" hits="7" branch="False" />
            <line number="16" hits="7" branch="False" />
            <line number="17" hits="7" branch="True" condition-coverage="100% (2/2)">
              <conditions>
                <condition number="26" type="jump" coverage="100%" />
              </conditions>
            </line>
            <line number="18" hits="1" branch="False" />
            <line number="21" hits="6" branch="False" />
            <line number="22" hits="6" branch="False" />
            <line number="23" hits="5" branch="False" />
            <line number="24" hits="4" branch="False" />
            <line number="25" hits="4" branch="False" />
            <line number="26" hits="4" branch="False" />
            <line number="28" hits="4" branch="False" />
            <line number="30" hits="4" branch="False" />
            <line number="32" hits="4" branch="True" condition-coverage="100% (2/2)">
              <conditions>
                <condition number="158" type="jump" coverage="100%" />
              </conditions>
            </line>
            <line number="33" hits="1" branch="False" />
            <line number="35" hits="1" branch="False" />
            <line number="36" hits="1" branch="False" />
            <line number="38" hits="3" branch="False" />
            <line number="39" hits="3" branch="False" />
            <line number="40" hits="3" branch="True" condition-coverage="100% (2/2)">
              <conditions>
                <condition number="239" type="jump" coverage="100%" />
              </conditions>
            </line>
            <line number="41" hits="2" branch="False" />
            <line number="42" hits="2" branch="True" condition-coverage="100% (2/2)">
              <conditions>
                <condition number="271" type="jump" coverage="100%" />
              </conditions>
            </line>
            <line number="43" hits="1" branch="False" />
            <line number="45" hits="1" branch="False" />
            <line number="46" hits="1" branch="False" />
            <line number="48" hits="1" branch="False" />
            <line number="49" hits="1" branch="False" />
            <line number="50" hits="1" branch="True" condition-coverage="100% (2/2)">
              <conditions>
                <condition number="359" type="jump" coverage="100%" />
              </conditions>
            </line>
            <line number="51" hits="1" branch="False" />
            <line number="52" hits="1" branch="False" />
            <line number="53" hits="1" branch="False" />
            <line number="54" hits="1" branch="False" />
            <line number="55" hits="2" branch="False" />
            <line number="56" hits="3" branch="False" />
            <line number="57" hits="4" branch="False" />
            <line number="58" hits="2" branch="False" />
            <line number="59" hits="2" branch="False" />
            <line number="60" hits="2" branch="False" />
            <line number="61" hits="2" branch="False" />
            <line number="63" hits="7" branch="False" />
          </lines>
        </class>
        <class name="blog.common.Database.DBContextBlog" filename="repo_mediamonk\test5\blog\blog.api\Database\DBContextBlog.cs" line-rate="1" branch-rate="1" complexity="5">
          <methods>
            <method name="get_Users" signature="()" line-rate="1" branch-rate="1" complexity="1">
              <lines>
                <line number="15" hits="110" branch="False" />
              </lines>
            </method>
            <method name="get_Posts" signature="()" line-rate="1" branch-rate="1" complexity="1">
              <lines>
                <line number="16" hits="316" branch="False" />
              </lines>
            </method>
            <method name="get_Comments" signature="()" line-rate="1" branch-rate="1" complexity="1">
              <lines>
                <line number="17" hits="76" branch="False" />
              </lines>
            </method>
            <method name="OnModelCreating" signature="(Microsoft.EntityFrameworkCore.ModelBuilder)" line-rate="1" branch-rate="1" complexity="1">
              <lines>
                <line number="20" hits="1" branch="False" />
                <line number="21" hits="1" branch="False" />
                <line number="22" hits="1" branch="False" />
                <line number="24" hits="1" branch="False" />
                <line number="25" hits="1" branch="False" />
                <line number="27" hits="1" branch="False" />
                <line number="28" hits="1" branch="False" />
                <line number="29" hits="1" branch="False" />
                <line number="30" hits="1" branch="False" />
                <line number="31" hits="1" branch="False" />
                <line number="32" hits="1" branch="False" />
                <line number="33" hits="1" branch="False" />
                <line number="34" hits="1" branch="False" />
                <line number="36" hits="1" branch="False" />
                <line number="37" hits="1" branch="False" />
                <line number="38" hits="1" branch="False" />
                <line number="39" hits="1" branch="False" />
                <line number="40" hits="1" branch="False" />
                <line number="41" hits="1" branch="False" />
                <line number="42" hits="1" branch="False" />
                <line number="44" hits="1" branch="False" />
                <line number="45" hits="1" branch="False" />
                <line number="47" hits="1" branch="False" />
                <line number="48" hits="1" branch="False" />
                <line number="49" hits="1" branch="False" />
                <line number="50" hits="1" branch="False" />
                <line number="51" hits="1" branch="False" />
                <line number="53" hits="1" branch="False" />
                <line number="54" hits="1" branch="False" />
                <line number="55" hits="1" branch="False" />
                <line number="56" hits="1" branch="False" />
                <line number="57" hits="1" branch="False" />
                <line number="58" hits="1" branch="False" />
                <line number="60" hits="1" branch="False" />
                <line number="61" hits="1" branch="False" />
                <line number="62" hits="1" branch="False" />
                <line number="63" hits="1" branch="False" />
                <line number="64" hits="1" branch="False" />
                <line number="66" hits="1" branch="False" />
                <line number="67" hits="1" branch="False" />
                <line number="68" hits="1" branch="False" />
                <line number="69" hits="1" branch="False" />
                <line number="70" hits="1" branch="False" />
                <line number="73" hits="1" branch="False" />
                <line number="74" hits="1" branch="False" />
              </lines>
            </method>
            <method name=".ctor" signature="(Microsoft.EntityFrameworkCore.DbContextOptions`1&lt;blog.common.Database.DBContextBlog&gt;)" line-rate="1" branch-rate="1" complexity="1">
              <lines>
                <line number="11" hits="76" branch="False" />
                <line number="12" hits="76" branch="False" />
                <line number="13" hits="76" branch="False" />
              </lines>
            </method>
          </methods>
          <lines>
            <line number="15" hits="110" branch="False" />
            <line number="16" hits="316" branch="False" />
            <line number="17" hits="76" branch="False" />
            <line number="20" hits="1" branch="False" />
            <line number="21" hits="1" branch="False" />
            <line number="22" hits="1" branch="False" />
            <line number="24" hits="1" branch="False" />
            <line number="25" hits="1" branch="False" />
            <line number="27" hits="1" branch="False" />
            <line number="28" hits="1" branch="False" />
            <line number="29" hits="1" branch="False" />
            <line number="30" hits="1" branch="False" />
            <line number="31" hits="1" branch="False" />
            <line number="32" hits="1" branch="False" />
            <line number="33" hits="1" branch="False" />
            <line number="34" hits="1" branch="False" />
            <line number="36" hits="1" branch="False" />
            <line number="37" hits="1" branch="False" />
            <line number="38" hits="1" branch="False" />
            <line number="39" hits="1" branch="False" />
            <line number="40" hits="1" branch="False" />
            <line number="41" hits="1" branch="False" />
            <line number="42" hits="1" branch="False" />
            <line number="44" hits="1" branch="False" />
            <line number="45" hits="1" branch="False" />
            <line number="47" hits="1" branch="False" />
            <line number="48" hits="1" branch="False" />
            <line number="49" hits="1" branch="False" />
            <line number="50" hits="1" branch="False" />
            <line number="51" hits="1" branch="False" />
            <line number="53" hits="1" branch="False" />
            <line number="54" hits="1" branch="False" />
            <line number="55" hits="1" branch="False" />
            <line number="56" hits="1" branch="False" />
            <line number="57" hits="1" branch="False" />
            <line number="58" hits="1" branch="False" />
            <line number="60" hits="1" branch="False" />
            <line number="61" hits="1" branch="False" />
            <line number="62" hits="1" branch="False" />
            <line number="63" hits="1" branch="False" />
            <line number="64" hits="1" branch="False" />
            <line number="66" hits="1" branch="False" />
            <line number="67" hits="1" branch="False" />
            <line number="68" hits="1" branch="False" />
            <line number="69" hits="1" branch="False" />
            <line number="70" hits="1" branch="False" />
            <line number="73" hits="1" branch="False" />
            <line number="74" hits="1" branch="False" />
            <line number="11" hits="76" branch="False" />
            <line number="12" hits="76" branch="False" />
            <line number="13" hits="76" branch="False" />
          </lines>
        </class>
        <class name="blog.common.Database.DBContextBlog/&lt;&gt;c" filename="repo_mediamonk\test5\blog\blog.api\Database\DBContextBlog.cs" line-rate="1" branch-rate="1" complexity="3">
          <methods>
            <method name="&lt;SaveChangesAsync&gt;b__14_0" signature="(Microsoft.EntityFrameworkCore.ChangeTracking.EntityEntry)" line-rate="1" branch-rate="1" complexity="2">
              <lines>
                <line number="79" hits="150" branch="True" condition-coverage="100% (2/2)">
                  <conditions>
                    <condition number="7" type="jump" coverage="100%" />
                  </conditions>
                </line>
                <line number="80" hits="150" branch="False" />
              </lines>
            </method>
            <method name="&lt;SaveChangesAsync&gt;b__14_1" signature="(Microsoft.EntityFrameworkCore.ChangeTracking.EntityEntry)" line-rate="1" branch-rate="1" complexity="1">
              <lines>
                <line number="81" hits="229" branch="False" />
              </lines>
            </method>
          </methods>
          <lines>
            <line number="79" hits="150" branch="True" condition-coverage="100% (2/2)">
              <conditions>
                <condition number="7" type="jump" coverage="100%" />
              </conditions>
            </line>
            <line number="80" hits="150" branch="False" />
            <line number="81" hits="229" branch="False" />
          </lines>
        </class>
        <class name="blog.common.Database.DBContextBlog/&lt;SaveChangesAsync&gt;d__14" filename="repo_mediamonk\test5\blog\blog.api\Database\DBContextBlog.cs" line-rate="1" branch-rate="1" complexity="2">
          <methods>
            <method name="MoveNext" signature="()" line-rate="1" branch-rate="1" complexity="2">
              <lines>
                <line number="77" hits="111" branch="False" />
                <line number="78" hits="111" branch="False" />
                <line number="82" hits="563" branch="True" condition-coverage="100% (2/2)">
                  <conditions>
                    <condition number="212" type="jump" coverage="100%" />
                  </conditions>
                </line>
                <line number="83" hits="118" branch="False" />
                <line number="84" hits="118" branch="False" />
                <line number="85" hits="118" branch="False" />
                <line number="86" hits="118" branch="False" />
                <line number="87" hits="118" branch="False" />
                <line number="88" hits="118" branch="False" />
                <line number="89" hits="112" branch="False" />
                <line number="91" hits="105" branch="False" />
                <line number="92" hits="105" branch="False" />
              </lines>
            </method>
          </methods>
          <lines>
            <line number="77" hits="111" branch="False" />
            <line number="78" hits="111" branch="False" />
            <line number="82" hits="563" branch="True" condition-coverage="100% (2/2)">
              <conditions>
                <condition number="212" type="jump" coverage="100%" />
              </conditions>
            </line>
            <line number="83" hits="118" branch="False" />
            <line number="84" hits="118" branch="False" />
            <line number="85" hits="118" branch="False" />
            <line number="86" hits="118" branch="False" />
            <line number="87" hits="118" branch="False" />
            <line number="88" hits="118" branch="False" />
            <line number="89" hits="112" branch="False" />
            <line number="91" hits="105" branch="False" />
            <line number="92" hits="105" branch="False" />
          </lines>
        </class>
        <class name="Blog.Controllers.PostController" filename="repo_mediamonk\test5\blog\blog.api\Controllers\PostController.cs" line-rate="1" branch-rate="1" complexity="6">
          <methods>
            <method name=".ctor" signature="(Microsoft.Extensions.Logging.ILogger`1&lt;Blog.Controllers.PostController&gt;,blog.common.Service.IPostService,blog.api.Model.CurrentUser)" line-rate="1" branch-rate="1" complexity="6">
              <lines>
                <line number="19" hits="23" branch="False" />
                <line number="20" hits="23" branch="False" />
                <line number="21" hits="23" branch="True" condition-coverage="100% (2/2)">
                  <conditions>
                    <condition number="11" type="jump" coverage="100%" />
                  </conditions>
                </line>
                <line number="22" hits="22" branch="True" condition-coverage="100% (2/2)">
                  <conditions>
                    <condition number="33" type="jump" coverage="100%" />
                  </conditions>
                </line>
                <line number="23" hits="21" branch="True" condition-coverage="100% (2/2)">
                  <conditions>
                    <condition number="55" type="jump" coverage="100%" />
                  </conditions>
                </line>
                <line number="24" hits="20" branch="False" />
              </lines>
            </method>
          </methods>
          <lines>
            <line number="19" hits="23" branch="False" />
            <line number="20" hits="23" branch="False" />
            <line number="21" hits="23" branch="True" condition-coverage="100% (2/2)">
              <conditions>
                <condition number="11" type="jump" coverage="100%" />
              </conditions>
            </line>
            <line number="22" hits="22" branch="True" condition-coverage="100% (2/2)">
              <conditions>
                <condition number="33" type="jump" coverage="100%" />
              </conditions>
            </line>
            <line number="23" hits="21" branch="True" condition-coverage="100% (2/2)">
              <conditions>
                <condition number="55" type="jump" coverage="100%" />
              </conditions>
            </line>
            <line number="24" hits="20" branch="False" />
          </lines>
        </class>
        <class name="Blog.Controllers.PostController/&lt;Approve&gt;d__11" filename="repo_mediamonk\test5\blog\blog.api\Controllers\PostController.cs" line-rate="1" branch-rate="1" complexity="1">
          <methods>
            <method name="MoveNext" signature="()" line-rate="1" branch-rate="1" complexity="1">
              <lines>
                <line number="159" hits="5" branch="False" />
                <line number="161" hits="5" branch="False" />
                <line number="162" hits="5" branch="False" />
                <line number="164" hits="1" branch="False" />
                <line number="165" hits="1" branch="False" />
                <line number="166" hits="1" branch="False" />
                <line number="168" hits="5" branch="False" />
              </lines>
            </method>
          </methods>
          <lines>
            <line number="159" hits="5" branch="False" />
            <line number="161" hits="5" branch="False" />
            <line number="162" hits="5" branch="False" />
            <line number="164" hits="1" branch="False" />
            <line number="165" hits="1" branch="False" />
            <line number="166" hits="1" branch="False" />
            <line number="168" hits="5" branch="False" />
          </lines>
        </class>
        <class name="Blog.Controllers.PostController/&lt;Comment&gt;d__13" filename="repo_mediamonk\test5\blog\blog.api\Controllers\PostController.cs" line-rate="1" branch-rate="1" complexity="1">
          <methods>
            <method name="MoveNext" signature="()" line-rate="1" branch-rate="1" complexity="1">
              <lines>
                <line number="192" hits="2" branch="False" />
                <line number="194" hits="2" branch="False" />
                <line number="195" hits="2" branch="False" />
                <line number="197" hits="1" branch="False" />
                <line number="198" hits="1" branch="False" />
                <line number="199" hits="1" branch="False" />
                <line number="201" hits="2" branch="False" />
              </lines>
            </method>
          </methods>
          <lines>
            <line number="192" hits="2" branch="False" />
            <line number="194" hits="2" branch="False" />
            <line number="195" hits="2" branch="False" />
            <line number="197" hits="1" branch="False" />
            <line number="198" hits="1" branch="False" />
            <line number="199" hits="1" branch="False" />
            <line number="201" hits="2" branch="False" />
          </lines>
        </class>
        <class name="Blog.Controllers.PostController/&lt;Edit&gt;d__9" filename="repo_mediamonk\test5\blog\blog.api\Controllers\PostController.cs" line-rate="1" branch-rate="1" complexity="1">
          <methods>
            <method name="MoveNext" signature="()" line-rate="1" branch-rate="1" complexity="1">
              <lines>
                <line number="125" hits="2" branch="False" />
                <line number="127" hits="2" branch="False" />
                <line number="128" hits="2" branch="False" />
                <line number="130" hits="1" branch="False" />
                <line number="131" hits="1" branch="False" />
                <line number="132" hits="1" branch="False" />
                <line number="134" hits="2" branch="False" />
              </lines>
            </method>
          </methods>
          <lines>
            <line number="125" hits="2" branch="False" />
            <line number="127" hits="2" branch="False" />
            <line number="128" hits="2" branch="False" />
            <line number="130" hits="1" branch="False" />
            <line number="131" hits="1" branch="False" />
            <line number="132" hits="1" branch="False" />
            <line number="134" hits="2" branch="False" />
          </lines>
        </class>
        <class name="Blog.Controllers.PostController/&lt;Get&gt;d__4" filename="repo_mediamonk\test5\blog\blog.api\Controllers\PostController.cs" line-rate="1" branch-rate="1" complexity="1">
          <methods>
            <method name="MoveNext" signature="()" line-rate="1" branch-rate="1" complexity="1">
              <lines>
                <line number="31" hits="2" branch="False" />
                <line number="33" hits="2" branch="False" />
                <line number="34" hits="2" branch="False" />
                <line number="36" hits="1" branch="False" />
                <line number="37" hits="1" branch="False" />
                <line number="38" hits="1" branch="False" />
                <line number="40" hits="2" branch="False" />
              </lines>
            </method>
          </methods>
          <lines>
            <line number="31" hits="2" branch="False" />
            <line number="33" hits="2" branch="False" />
            <line number="34" hits="2" branch="False" />
            <line number="36" hits="1" branch="False" />
            <line number="37" hits="1" branch="False" />
            <line number="38" hits="1" branch="False" />
            <line number="40" hits="2" branch="False" />
          </lines>
        </class>
        <class name="Blog.Controllers.PostController/&lt;GetById&gt;d__6" filename="repo_mediamonk\test5\blog\blog.api\Controllers\PostController.cs" line-rate="1" branch-rate="1" complexity="1">
          <methods>
            <method name="MoveNext" signature="()" line-rate="1" branch-rate="1" complexity="1">
              <lines>
                <line number="64" hits="2" branch="False" />
                <line number="66" hits="2" branch="False" />
                <line number="67" hits="2" branch="False" />
                <line number="69" hits="1" branch="False" />
                <line number="70" hits="1" branch="False" />
                <line number="71" hits="1" branch="False" />
                <line number="73" hits="1" branch="False" />
                <line number="74" hits="1" branch="False" />
[...]
          <methods>
            <method name="MoveNext" signature="()" line-rate="1" branch-rate="1" complexity="1">
              <lines>
                <line number="56" hits="1" branch="False" />
                <line number="57" hits="1" branch="False" />
                <line number="58" hits="1" branch="False" />
                <line number="59" hits="1" branch="False" />
                <line number="60" hits="1" branch="False" />
                <line number="61" hits="1" branch="False" />
                <line number="63" hits="1" branch="False" />
                <line number="65" hits="1" branch="False" />
                <line number="66" hits="1" branch="False" />
                <line number="67" hits="1" branch="False" />
                <line number="68" hits="1" branch="False" />
                <line number="69" hits="1" branch="False" />
                <line number="70" hits="1" branch="False" />
                <line number="71" hits="1" branch="False" />
                <line number="73" hits="1" branch="False" />
                <line number="75" hits="1" branch="False" />
                <line number="76" hits="1" branch="False" />
                <line number="77" hits="1" branch="False" />
                <line number="78" hits="1" branch="False" />
                <line number="79" hits="1" branch="False" />
                <line number="80" hits="1" branch="False" />
                <line number="81" hits="1" branch="False" />
                <line number="82" hits="1" branch="False" />
                <line number="83" hits="1" branch="False" />
              </lines>
            </method>
          </methods>
          <lines>
            <line number="56" hits="1" branch="False" />
            <line number="57" hits="1" branch="False" />
            <line number="58" hits="1" branch="False" />
            <line number="59" hits="1" branch="False" />
            <line number="60" hits="1" branch="False" />
            <line number="61" hits="1" branch="False" />
            <line number="63" hits="1" branch="False" />
            <line number="65" hits="1" branch="False" />
            <line number="66" hits="1" branch="False" />
            <line number="67" hits="1" branch="False" />
            <line number="68" hits="1" branch="False" />
            <line number="69" hits="1" branch="False" />
            <line number="70" hits="1" branch="False" />
            <line number="71" hits="1" branch="False" />
            <line number="73" hits="1" branch="False" />
            <line number="75" hits="1" branch="False" />
            <line number="76" hits="1" branch="False" />
            <line number="77" hits="1" branch="False" />
            <line number="78" hits="1" branch="False" />
            <line number="79" hits="1" branch="False" />
            <line number="80" hits="1" branch="False" />
            <line number="81" hits="1" branch="False" />
            <line number="82" hits="1" branch="False" />
            <line number="83" hits="1" branch="False" />
          </lines>
        </class>
        <class name="blog.api.test.UserServiceTest/&lt;TestUserServiceShouldAuthenticateFailPath&gt;d__7" filename="repo_mediamonk\test5\blog\blog.api.test\UserServiceTest.cs" line-rate="1" branch-rate="1" complexity="1">
          <methods>
            <method name="MoveNext" signature="()" line-rate="1" branch-rate="1" complexity="1">
              <lines>
                <line number="180" hits="1" branch="False" />
                <line number="181" hits="1" branch="False" />
                <line number="182" hits="1" branch="False" />
                <line number="183" hits="1" branch="False" />
                <line number="184" hits="1" branch="False" />
                <line number="185" hits="1" branch="False" />
                <line number="187" hits="1" branch="False" />
                <line number="189" hits="1" branch="False" />
                <line number="190" hits="1" branch="False" />
                <line number="191" hits="1" branch="False" />
                <line number="192" hits="1" branch="False" />
                <line number="193" hits="1" branch="False" />
                <line number="194" hits="1" branch="False" />
                <line number="195" hits="1" branch="False" />
                <line number="196" hits="1" branch="False" />
                <line number="198" hits="1" branch="False" />
                <line number="200" hits="1" branch="False" />
                <line number="201" hits="1" branch="False" />
                <line number="202" hits="1" branch="False" />
              </lines>
            </method>
          </methods>
          <lines>
            <line number="180" hits="1" branch="False" />
            <line number="181" hits="1" branch="False" />
            <line number="182" hits="1" branch="False" />
            <line number="183" hits="1" branch="False" />
            <line number="184" hits="1" branch="False" />
            <line number="185" hits="1" branch="False" />
            <line number="187" hits="1" branch="False" />
            <line number="189" hits="1" branch="False" />
            <line number="190" hits="1" branch="False" />
            <line number="191" hits="1" branch="False" />
            <line number="192" hits="1" branch="False" />
            <line number="193" hits="1" branch="False" />
            <line number="194" hits="1" branch="False" />
            <line number="195" hits="1" branch="False" />
            <line number="196" hits="1" branch="False" />
            <line number="198" hits="1" branch="False" />
            <line number="200" hits="1" branch="False" />
            <line number="201" hits="1" branch="False" />
            <line number="202" hits="1" branch="False" />
          </lines>
        </class>
        <class name="blog.api.test.UserServiceTest/&lt;TestUserServiceShouldAuthenticateHappyPath&gt;d__6" filename="repo_mediamonk\test5\blog\blog.api.test\UserServiceTest.cs" line-rate="1" branch-rate="1" complexity="1">
          <methods>
            <method name="MoveNext" signature="()" line-rate="1" branch-rate="1" complexity="1">
              <lines>
                <line number="149" hits="1" branch="False" />
                <line number="150" hits="1" branch="False" />
                <line number="151" hits="1" branch="False" />
                <line number="152" hits="1" branch="False" />
                <line number="153" hits="1" branch="False" />
                <line number="154" hits="1" branch="False" />
                <line number="156" hits="1" branch="False" />
                <line number="158" hits="1" branch="False" />
                <line number="159" hits="1" branch="False" />
                <line number="160" hits="1" branch="False" />
                <line number="161" hits="1" branch="False" />
                <line number="162" hits="1" branch="False" />
                <line number="163" hits="1" branch="False" />
                <line number="164" hits="1" branch="False" />
                <line number="165" hits="1" branch="False" />
                <line number="167" hits="1" branch="False" />
                <line number="169" hits="1" branch="False" />
                <line number="170" hits="1" branch="False" />
                <line number="171" hits="1" branch="False" />
                <line number="172" hits="1" branch="False" />
                <line number="173" hits="1" branch="False" />
                <line number="174" hits="1" branch="False" />
                <line number="175" hits="1" branch="False" />
                <line number="176" hits="1" branch="False" />
              </lines>
            </method>
          </methods>
          <lines>
            <line number="149" hits="1" branch="False" />
            <line number="150" hits="1" branch="False" />
            <line number="151" hits="1" branch="False" />
            <line number="152" hits="1" branch="False" />
            <line number="153" hits="1" branch="False" />
            <line number="154" hits="1" branch="False" />
            <line number="156" hits="1" branch="False" />
            <line number="158" hits="1" branch="False" />
            <line number="159" hits="1" branch="False" />
            <line number="160" hits="1" branch="False" />
            <line number="161" hits="1" branch="False" />
            <line number="162" hits="1" branch="False" />
            <line number="163" hits="1" branch="False" />
            <line number="164" hits="1" branch="False" />
            <line number="165" hits="1" branch="False" />
            <line number="167" hits="1" branch="False" />
            <line number="169" hits="1" branch="False" />
            <line number="170" hits="1" branch="False" />
            <line number="171" hits="1" branch="False" />
            <line number="172" hits="1" branch="False" />
            <line number="173" hits="1" branch="False" />
            <line number="174" hits="1" branch="False" />
            <line number="175" hits="1" branch="False" />
            <line number="176" hits="1" branch="False" />
          </lines>
        </class>
        <class name="blog.api.test.UserServiceTest/&lt;TestUserServiceShouldCheckHasRole&gt;d__8" filename="repo_mediamonk\test5\blog\blog.api.test\UserServiceTest.cs" line-rate="1" branch-rate="1" complexity="2">
          <methods>
            <method name="MoveNext" signature="()" line-rate="1" branch-rate="1" complexity="2">
              <lines>
                <line number="208" hits="2" branch="False" />
                <line number="209" hits="2" branch="False" />
                <line number="210" hits="2" branch="False" />
                <line number="211" hits="2" branch="False" />
                <line number="212" hits="2" branch="False" />
                <line number="213" hits="2" branch="False" />
                <line number="215" hits="2" branch="False" />
                <line number="217" hits="2" branch="False" />
                <line number="218" hits="2" branch="False" />
                <line number="219" hits="2" branch="False" />
                <line number="220" hits="2" branch="False" />
                <line number="221" hits="2" branch="False" />
                <line number="222" hits="2" branch="False" />
                <line number="223" hits="2" branch="False" />
                <line number="224" hits="2" branch="False" />
                <line number="226" hits="2" branch="False" />
                <line number="228" hits="2" branch="False" />
                <line number="229" hits="2" branch="True" condition-coverage="100% (2/2)">
                  <conditions>
                    <condition number="457" type="jump" coverage="100%" />
                  </conditions>
                </line>
                <line number="230" hits="1" branch="False" />
                <line number="232" hits="2" branch="False" />
                <line number="234" hits="2" branch="False" />
                <line number="235" hits="2" branch="False" />
              </lines>
            </method>
          </methods>
          <lines>
            <line number="208" hits="2" branch="False" />
            <line number="209" hits="2" branch="False" />
            <line number="210" hits="2" branch="False" />
            <line number="211" hits="2" branch="False" />
            <line number="212" hits="2" branch="False" />
            <line number="213" hits="2" branch="False" />
            <line number="215" hits="2" branch="False" />
            <line number="217" hits="2" branch="False" />
            <line number="218" hits="2" branch="False" />
            <line number="219" hits="2" branch="False" />
            <line number="220" hits="2" branch="False" />
            <line number="221" hits="2" branch="False" />
            <line number="222" hits="2" branch="False" />
            <line number="223" hits="2" branch="False" />
            <line number="224" hits="2" branch="False" />
            <line number="226" hits="2" branch="False" />
            <line number="228" hits="2" branch="False" />
            <line number="229" hits="2" branch="True" condition-coverage="100% (2/2)">
              <conditions>
                <condition number="457" type="jump" coverage="100%" />
              </conditions>
            </line>
            <line number="230" hits="1" branch="False" />
            <line number="232" hits="2" branch="False" />
            <line number="234" hits="2" branch="False" />
            <line number="235" hits="2" branch="False" />
          </lines>
        </class>
        <class name="blog.api.test.UserServiceTest/&lt;TestUserServiceShouldGetUserByIdHappyPath&gt;d__4" filename="repo_mediamonk\test5\blog\blog.api.test\UserServiceTest.cs" line-rate="1" branch-rate="1" complexity="1">
          <methods>
            <method name="MoveNext" signature="()" line-rate="1" branch-rate="1" complexity="1">
              <lines>
                <line number="87" hits="1" branch="False" />
                <line number="88" hits="1" branch="False" />
                <line number="89" hits="1" branch="False" />
                <line number="90" hits="1" branch="False" />
                <line number="91" hits="1" branch="False" />
                <line number="92" hits="1" branch="False" />
                <line number="94" hits="1" branch="False" />
                <line number="96" hits="1" branch="False" />
                <line number="97" hits="1" branch="False" />
                <line number="98" hits="1" branch="False" />
                <line number="99" hits="1" branch="False" />
                <line number="100" hits="1" branch="False" />
                <line number="101" hits="1" branch="False" />
                <line number="102" hits="1" branch="False" />
                <line number="103" hits="1" branch="False" />
                <line number="105" hits="1" branch="False" />
                <line number="107" hits="1" branch="False" />
                <line number="108" hits="1" branch="False" />
                <line number="109" hits="1" branch="False" />
                <line number="110" hits="1" branch="False" />
                <line number="111" hits="1" branch="False" />
                <line number="112" hits="1" branch="False" />
                <line number="113" hits="1" branch="False" />
                <line number="114" hits="1" branch="False" />
              </lines>
            </method>
          </methods>
          <lines>
            <line number="87" hits="1" branch="False" />
            <line number="88" hits="1" branch="False" />
            <line number="89" hits="1" branch="False" />
            <line number="90" hits="1" branch="False" />
            <line number="91" hits="1" branch="False" />
            <line number="92" hits="1" branch="False" />
            <line number="94" hits="1" branch="False" />
            <line number="96" hits="1" branch="False" />
            <line number="97" hits="1" branch="False" />
            <line number="98" hits="1" branch="False" />
            <line number="99" hits="1" branch="False" />
            <line number="100" hits="1" branch="False" />
            <line number="101" hits="1" branch="False" />
            <line number="102" hits="1" branch="False" />
            <line number="103" hits="1" branch="False" />
            <line number="105" hits="1" branch="False" />
            <line number="107" hits="1" branch="False" />
            <line number="108" hits="1" branch="False" />
            <line number="109" hits="1" branch="False" />
            <line number="110" hits="1" branch="False" />
            <line number="111" hits="1" branch="False" />
            <line number="112" hits="1" branch="False" />
            <line number="113" hits="1" branch="False" />
            <line number="114" hits="1" branch="False" />
          </lines>
        </class>
        <class name="blog.api.test.UserServiceTest/&lt;TestUserServiceShouldGetUserByUsernameHappyPath&gt;d__5" filename="repo_mediamonk\test5\blog\blog.api.test\UserServiceTest.cs" line-rate="1" branch-rate="1" complexity="1">
          <methods>
            <method name="MoveNext" signature="()" line-rate="1" branch-rate="1" complexity="1">
              <lines>
                <line number="118" hits="1" branch="False" />
                <line number="119" hits="1" branch="False" />
                <line number="120" hits="1" branch="False" />
                <line number="121" hits="1" branch="False" />
                <line number="122" hits="1" branch="False" />
                <line number="123" hits="1" branch="False" />
                <line number="125" hits="1" branch="False" />
                <line number="127" hits="1" branch="False" />
                <line number="128" hits="1" branch="False" />
                <line number="129" hits="1" branch="False" />
                <line number="130" hits="1" branch="False" />
                <line number="131" hits="1" branch="False" />
                <line number="132" hits="1" branch="False" />
                <line number="133" hits="1" branch="False" />
                <line number="134" hits="1" branch="False" />
                <line number="136" hits="1" branch="False" />
                <line number="138" hits="1" branch="False" />
                <line number="139" hits="1" branch="False" />
                <line number="140" hits="1" branch="False" />
                <line number="141" hits="1" branch="False" />
                <line number="142" hits="1" branch="False" />
                <line number="143" hits="1" branch="False" />
                <line number="144" hits="1" branch="False" />
                <line number="145" hits="1" branch="False" />
              </lines>
            </method>
          </methods>
          <lines>
            <line number="118" hits="1" branch="False" />
            <line number="119" hits="1" branch="False" />
            <line number="120" hits="1" branch="False" />
            <line number="121" hits="1" branch="False" />
            <line number="122" hits="1" branch="False" />
            <line number="123" hits="1" branch="False" />
            <line number="125" hits="1" branch="False" />
            <line number="127" hits="1" branch="False" />
            <line number="128" hits="1" branch="False" />
            <line number="129" hits="1" branch="False" />
            <line number="130" hits="1" branch="False" />
            <line number="131" hits="1" branch="False" />
            <line number="132" hits="1" branch="False" />
            <line number="133" hits="1" branch="False" />
            <line number="134" hits="1" branch="False" />
            <line number="136" hits="1" branch="False" />
            <line number="138" hits="1" branch="False" />
            <line number="139" hits="1" branch="False" />
            <line number="140" hits="1" branch="False" />
            <line number="141" hits="1" branch="False" />
            <line number="142" hits="1" branch="False" />
            <line number="143" hits="1" branch="False" />
            <line number="144" hits="1" branch="False" />
            <line number="145" hits="1" branch="False" />
          </lines>
        </class>
      </classes>
    </package>
  </packages>
</coverage>