TpTrace Verbose: 0 : 22312, 1, 2023/09/01, 12:10:17.027, 2446677558801, vstest.console.dll, Version: 17.5.0-release-20221220-01 Current process architecture: X64
TpTrace Verbose: 0 : 22312, 1, 2023/09/01, 12:10:17.029, 2446677577515, vstest.console.dll, Runtime location: C:\Program Files\dotnet\shared\Microsoft.NETCore.App\7.0.3
TpTrace Verbose: 0 : 22312, 1, 2023/09/01, 12:10:17.033, 2446677614990, vstest.console.dll, ArtifactProcessingPostProcessModeProcessorExecutor.Initialize: ArtifactProcessingMode.Collect
TpTrace Verbose: 0 : 22312, 1, 2023/09/01, 12:10:17.033, 2446677616858, vstest.console.dll, TestSessionCorrelationIdProcessorModeProcessorExecutor.Initialize: TestSessionCorrelationId '30128_6231d982-e017-4f11-be1e-a5e00e7dd711'
TpTrace Information: 0 : 22312, 1, 2023/09/01, 12:10:17.046, 2446677749101, vstest.console.dll, FilePatternParser: The given file C:\repo_mediamonk\test5\blog\blog.api.test\bin\Debug\net7.0\fine-code-coverage\build-output\blog.api.test.dll is a full path.
TpTrace Verbose: 0 : 22312, 1, 2023/09/01, 12:10:17.055, 2446677837008, vstest.console.dll, TestPluginCache.DiscoverTestExtensions: finding test extensions in assemblies ends with: RuntimeProvider.dll TPluginInfo: Microsoft.VisualStudio.TestPlatform.Common.ExtensionFramework.Utilities.TestRuntimePluginInformation TExtension: Microsoft.VisualStudio.TestPlatform.ObjectModel.Host.ITestRuntimeProvider
TpTrace Verbose: 0 : 22312, 1, 2023/09/01, 12:10:17.057, 2446677857529, vstest.console.dll, TestPluginCache.GetExtensionPaths: Filtered extension paths: 
TpTrace Verbose: 0 : 22312, 1, 2023/09/01, 12:10:17.057, 2446677859206, vstest.console.dll, TestPluginCache.GetExtensionPaths: Added default extension paths: C:\Program Files\dotnet\sdk\7.0.201\Extensions\Microsoft.Diagnostics.NETCore.Client.dll
C:\Program Files\dotnet\sdk\7.0.201\Extensions\Microsoft.TestPlatform.Extensions.BlameDataCollector.dll
C:\Program Files\dotnet\sdk\7.0.201\Extensions\Microsoft.TestPlatform.Extensions.EventLogCollector.dll
C:\Program Files\dotnet\sdk\7.0.201\Extensions\Microsoft.TestPlatform.TestHostRuntimeProvider.dll
C:\Program Files\dotnet\sdk\7.0.201\Extensions\Microsoft.VisualStudio.TestPlatform.Extensions.Html.TestLogger.dll
C:\Program Files\dotnet\sdk\7.0.201\Extensions\Microsoft.VisualStudio.TestPlatform.Extensions.Trx.TestLogger.dll
TpTrace Verbose: 0 : 22312, 1, 2023/09/01, 12:10:17.057, 2446677860053, vstest.console.dll, TestPluginCache.GetExtensionPaths: Added unfilterableExtensionPaths: 
TpTrace Information: 0 : 22312, 1, 2023/09/01, 12:10:17.058, 2446677868772, vstest.console.dll, AssemblyResolver.ctor: Creating AssemblyResolver with searchDirectories C:\Program Files\dotnet\sdk\7.0.201\Extensions,C:\Program Files\dotnet\sdk\7.0.201
TpTrace Verbose: 0 : 22312, 1, 2023/09/01, 12:10:17.060, 2446677883761, vstest.console.dll, TestPluginCache.DiscoverTestExtensions: Discovering the extensions using extension path.
TpTrace Verbose: 0 : 22312, 1, 2023/09/01, 12:10:17.060, 2446677885466, vstest.console.dll, TestPluginCache.GetExtensionPaths: Filtered extension paths: 
TpTrace Verbose: 0 : 22312, 1, 2023/09/01, 12:10:17.060, 2446677886740, vstest.console.dll, TestPluginCache.GetExtensionPaths: Added default extension paths: C:\Program Files\dotnet\sdk\7.0.201\Extensions\Microsoft.Diagnostics.NETCore.Client.dll
C:\Program Files\dotnet\sdk\7.0.201\Extensions\Microsoft.TestPlatform.Extensions.BlameDataCollector.dll
C:\Program Files\dotnet\sdk\7.0.201\Extensions\Microsoft.TestPlatform.Extensions.EventLogCollector.dll
C:\Program Files\dotnet\sdk\7.0.201\Extensions\Microsoft.TestPlatform.TestHostRuntimeProvider.dll
C:\Program Files\dotnet\sdk\7.0.201\Extensions\Microsoft.VisualStudio.TestPlatform.Extensions.Html.TestLogger.dll
C:\Program Files\dotnet\sdk\7.0.201\Extensions\Microsoft.VisualStudio.TestPlatform.Extensions.Trx.TestLogger.dll
TpTrace Verbose: 0 : 22312, 1, 2023/09/01, 12:10:17.060, 2446677887437, vstest.console.dll, TestPluginCache.GetExtensionPaths: Added unfilterableExtensionPaths: 
TpTrace Verbose: 0 : 22312, 1, 2023/09/01, 12:10:17.060, 2446677889739, vstest.console.dll, TestPluginCache.DiscoverTestExtensions: Discovering the extensions using allExtensionPaths: C:\Program Files\dotnet\sdk\7.0.201\Extensions\Microsoft.Diagnostics.NETCore.Client.dll
C:\Program Files\dotnet\sdk\7.0.201\Extensions\Microsoft.TestPlatform.Extensions.BlameDataCollector.dll
C:\Program Files\dotnet\sdk\7.0.201\Extensions\Microsoft.TestPlatform.Extensions.EventLogCollector.dll
C:\Program Files\dotnet\sdk\7.0.201\Extensions\Microsoft.TestPlatform.TestHostRuntimeProvider.dll
C:\Program Files\dotnet\sdk\7.0.201\Extensions\Microsoft.VisualStudio.TestPlatform.Extensions.Html.TestLogger.dll
C:\Program Files\dotnet\sdk\7.0.201\Extensions\Microsoft.VisualStudio.TestPlatform.Extensions.Trx.TestLogger.dll
TpTrace Information: 0 : 22312, 1, 2023/09/01, 12:10:17.061, 2446677892245, vstest.console.dll, AssemblyResolver.AddSearchDirectories: Adding more searchDirectories C:\Program Files\dotnet\sdk\7.0.201\Extensions,C:\Program Files\dotnet\sdk\7.0.201
TpTrace Information: 0 : 22312, 1, 2023/09/01, 12:10:17.061, 2446677894034, vstest.console.dll, AssemblyResolver.AddSearchDirectories: Adding more searchDirectories C:\Program Files\dotnet\sdk\7.0.201\Extensions,C:\Program Files\dotnet\sdk\7.0.201
TpTrace Information: 0 : 22312, 1, 2023/09/01, 12:10:17.061, 2446677894849, vstest.console.dll, AssemblyResolver.AddSearchDirectories: Adding more searchDirectories C:\Program Files\dotnet\sdk\7.0.201\Extensions,C:\Program Files\dotnet\sdk\7.0.201
TpTrace Information: 0 : 22312, 1, 2023/09/01, 12:10:17.061, 2446677895620, vstest.console.dll, AssemblyResolver.AddSearchDirectories: Adding more searchDirectories C:\Program Files\dotnet\sdk\7.0.201\Extensions,C:\Program Files\dotnet\sdk\7.0.201
TpTrace Information: 0 : 22312, 1, 2023/09/01, 12:10:17.061, 2446677896254, vstest.console.dll, AssemblyResolver.AddSearchDirectories: Adding more searchDirectories C:\Program Files\dotnet\sdk\7.0.201\Extensions,C:\Program Files\dotnet\sdk\7.0.201
TpTrace Information: 0 : 22312, 1, 2023/09/01, 12:10:17.061, 2446677896782, vstest.console.dll, AssemblyResolver.AddSearchDirectories: Adding more searchDirectories C:\Program Files\dotnet\sdk\7.0.201\Extensions,C:\Program Files\dotnet\sdk\7.0.201
TpTrace Information: 0 : 22312, 1, 2023/09/01, 12:10:17.062, 2446677901395, vstest.console.dll, AssemblyResolver.OnResolve: Microsoft.Diagnostics.NETCore.Client: Resolving assembly.
TpTrace Information: 0 : 22312, 1, 2023/09/01, 12:10:17.062, 2446677902349, vstest.console.dll, AssemblyResolver.OnResolve: Microsoft.Diagnostics.NETCore.Client: Searching in: 'C:\Program Files\dotnet\sdk\7.0.201\Extensions'.
TpTrace Information: 0 : 22312, 1, 2023/09/01, 12:10:17.072, 2446678008888, vstest.console.dll, AssemblyResolver.OnResolve: Microsoft.Diagnostics.NETCore.Client: Loading assembly 'C:\Program Files\dotnet\sdk\7.0.201\Extensions\Microsoft.Diagnostics.NETCore.Client.dll'.
TpTrace Information: 0 : 22312, 1, 2023/09/01, 12:10:17.074, 2446678024350, vstest.console.dll, AssemblyResolver.OnResolve: Resolved assembly: Microsoft.Diagnostics.NETCore.Client, from path: C:\Program Files\dotnet\sdk\7.0.201\Extensions\Microsoft.Diagnostics.NETCore.Client.dll
TpTrace Verbose: 0 : 22312, 1, 2023/09/01, 12:10:17.075, 2446678040289, vstest.console.dll, MetadataReaderExtensionsHelper: Discovering extensions inside assembly 'Microsoft.Diagnostics.NETCore.Client, Version=0.2.6.42401, Culture=neutral, PublicKeyToken=31bf3856ad364e35' file path 'C:\Program Files\dotnet\sdk\7.0.201\Extensions\Microsoft.Diagnostics.NETCore.Client.dll'
TpTrace Information: 0 : 22312, 1, 2023/09/01, 12:10:17.082, 2446678105441, vstest.console.dll, AssemblyResolver.OnResolve: Microsoft.Bcl.AsyncInterfaces: Resolving assembly.
TpTrace Information: 0 : 22312, 1, 2023/09/01, 12:10:17.082, 2446678108256, vstest.console.dll, AssemblyResolver.OnResolve: Microsoft.Bcl.AsyncInterfaces: Searching in: 'C:\Program Files\dotnet\sdk\7.0.201\Extensions'.
TpTrace Information: 0 : 22312, 1, 2023/09/01, 12:10:17.083, 2446678110963, vstest.console.dll, AssemblyResolver.OnResolve: Microsoft.Bcl.AsyncInterfaces: Assembly path does not exist: 'C:\Program Files\dotnet\sdk\7.0.201\Extensions\Microsoft.Bcl.AsyncInterfaces.dll', returning.
TpTrace Information: 0 : 22312, 1, 2023/09/01, 12:10:17.083, 2446678116609, vstest.console.dll, AssemblyResolver.OnResolve: Microsoft.Bcl.AsyncInterfaces: Assembly path does not exist: 'C:\Program Files\dotnet\sdk\7.0.201\Extensions\Microsoft.Bcl.AsyncInterfaces.exe', returning.
TpTrace Information: 0 : 22312, 1, 2023/09/01, 12:10:17.083, 2446678118235, vstest.console.dll, AssemblyResolver.OnResolve: Microsoft.Bcl.AsyncInterfaces: Searching in: 'C:\Program Files\dotnet\sdk\7.0.201'.
TpTrace Information: 0 : 22312, 1, 2023/09/01, 12:10:17.084, 2446678120999, vstest.console.dll, AssemblyResolver.OnResolve: Microsoft.Bcl.AsyncInterfaces: Assembly path does not exist: 'C:\Program Files\dotnet\sdk\7.0.201\Microsoft.Bcl.AsyncInterfaces.dll', returning.
TpTrace Information: 0 : 22312, 1, 2023/09/01, 12:10:17.084, 2446678124064, vstest.console.dll, AssemblyResolver.OnResolve: Microsoft.Bcl.AsyncInterfaces: Assembly path does not exist: 'C:\Program Files\dotnet\sdk\7.0.201\Microsoft.Bcl.AsyncInterfaces.exe', returning.
TpTrace Information: 0 : 22312, 1, 2023/09/01, 12:10:17.084, 2446678125566, vstest.console.dll, AssemblyResolver.OnResolve: Microsoft.Bcl.AsyncInterfaces: Failed to load assembly.
TpTrace Verbose: 0 : 22312, 1, 2023/09/01, 12:10:17.084, 2446678127006, vstest.console.dll, CurrentDomainAssemblyResolve: Resolving assembly 'Microsoft.Bcl.AsyncInterfaces'.
TpTrace Information: 0 : 22312, 1, 2023/09/01, 12:10:17.084, 2446678128917, vstest.console.dll, AssemblyResolver.OnResolve: Microsoft.Bcl.AsyncInterfaces: Resolving assembly.
TpTrace Information: 0 : 22312, 1, 2023/09/01, 12:10:17.085, 2446678130504, vstest.console.dll, AssemblyResolver.OnResolve: Microsoft.Bcl.AsyncInterfaces: Resolved from cache.
TpTrace Verbose: 0 : 22312, 1, 2023/09/01, 12:10:17.085, 2446678131758, vstest.console.dll, CurrentDomainAssemblyResolve: Resolving assembly 'Microsoft.Bcl.AsyncInterfaces'.
TpTrace Verbose: 0 : 22312, 1, 2023/09/01, 12:10:17.085, 2446678133999, vstest.console.dll, CurrentDomainAssemblyResolve: Failed to resolve assembly 'Microsoft.Bcl.AsyncInterfaces'.
TpTrace Verbose: 0 : 22312, 1, 2023/09/01, 12:10:17.086, 2446678149075, vstest.console.dll, CurrentDomainAssemblyResolve: Failed to resolve assembly 'Microsoft.Bcl.AsyncInterfaces'.
TpTrace Warning: 0 : 22312, 1, 2023/09/01, 12:10:17.095, 2446678231849, vstest.console.dll, TestPluginDiscoverer: Failed to get types from assembly 'Microsoft.Diagnostics.NETCore.Client, Version=0.2.6.42401, Culture=neutral, PublicKeyToken=31bf3856ad364e35'. Error: System.Reflection.ReflectionTypeLoadException: Unable to load one or more of the requested types.
Could not load file or assembly 'Microsoft.Bcl.AsyncInterfaces, Version=1.0.0.0, Culture=neutral, PublicKeyToken=cc7b13ffcd2ddd51'. The system cannot find the file specified.
   at System.Reflection.RuntimeModule.GetTypes(RuntimeModule module)
   at System.Reflection.Assembly.GetTypes()
   at Microsoft.VisualStudio.TestPlatform.Common.ExtensionFramework.TestPluginDiscoverer.GetTestExtensionsFromAssembly[TPluginInfo,TExtension](Assembly assembly, Dictionary`2 pluginInfos, String filePath)
System.IO.FileNotFoundException: Could not load file or assembly 'Microsoft.Bcl.AsyncInterfaces, Version=1.0.0.0, Culture=neutral, PublicKeyToken=cc7b13ffcd2ddd51'. The system cannot find the file specified.
File name: 'Microsoft.Bcl.AsyncInterfaces, Version=1.0.0.0, Culture=neutral, PublicKeyToken=cc7b13ffcd2ddd51'
 ---> System.IO.FileNotFoundException: Could not load file or assembly 'Microsoft.Bcl.AsyncInterfaces, Culture=neutral, PublicKeyToken=null'. The system cannot find the file specified.
File name: 'Microsoft.Bcl.AsyncInterfaces, Culture=neutral, PublicKeyToken=null'
   at System.Reflection.RuntimeAssembly.InternalLoad(AssemblyName assemblyName, StackCrawlMark& stackMark, AssemblyLoadContext assemblyLoadContext, RuntimeAssembly requestingAssembly, Boolean throwOnFileNotFound)
   at System.Reflection.Assembly.Load(AssemblyName assemblyRef)
   at Microsoft.VisualStudio.TestPlatform.Common.ExtensionFramework.TestPluginCache.CurrentDomainAssemblyResolve(Object sender, AssemblyResolveEventArgs args)
   at System.Runtime.Loader.AssemblyLoadContext.GetFirstResolvedAssemblyFromResolvingEvent(AssemblyName assemblyName)
   at System.Runtime.Loader.AssemblyLoadContext.ResolveUsingEvent(AssemblyName assemblyName)
   at System.Runtime.Loader.AssemblyLoadContext.ResolveUsingResolvingEvent(IntPtr gchManagedAssemblyLoadContext, AssemblyName assemblyName)
TpTrace Warning: 0 : 22312, 1, 2023/09/01, 12:10:17.095, 2446678236766, vstest.console.dll, LoaderExceptions: System.IO.FileNotFoundException: Could not load file or assembly 'Microsoft.Bcl.AsyncInterfaces, Version=1.0.0.0, Culture=neutral, PublicKeyToken=cc7b13ffcd2ddd51'. The system cannot find the file specified.
File name: 'Microsoft.Bcl.AsyncInterfaces, Version=1.0.0.0, Culture=neutral, PublicKeyToken=cc7b13ffcd2ddd51'
 ---> System.IO.FileNotFoundException: Could not load file or assembly 'Microsoft.Bcl.AsyncInterfaces, Culture=neutral, PublicKeyToken=null'. The system cannot find the file specified.
File name: 'Microsoft.Bcl.AsyncInterfaces, Culture=neutral, PublicKeyToken=null'
   at System.Reflection.RuntimeAssembly.InternalLoad(AssemblyName assemblyName, StackCrawlMark& stackMark, AssemblyLoadContext assemblyLoadContext, RuntimeAssembly requestingAssembly, Boolean throwOnFileNotFound)
   at System.Reflection.Assembly.Load(AssemblyName assemblyRef)
   at Microsoft.VisualStudio.TestPlatform.Common.ExtensionFramework.TestPluginCache.CurrentDomainAssemblyResolve(Object sender, AssemblyResolveEventArgs args)
   at System.Runtime.Loader.AssemblyLoadContext.GetFirstResolvedAssemblyFromResolvingEvent(AssemblyName assemblyName)
   at System.Runtime.Loader.AssemblyLoadContext.ResolveUsingEvent(AssemblyName assemblyName)
   at System.Runtime.Loader.AssemblyLoadContext.ResolveUsingResolvingEvent(IntPtr gchManagedAssemblyLoadContext, AssemblyName assemblyName)
TpTrace Information: 0 : 22312, 1, 2023/09/01, 12:10:17.095, 2446678238759, vstest.console.dll, AssemblyResolver.OnResolve: Microsoft.TestPlatform.Extensions.BlameDataCollector: Resolving assembly.
TpTrace Information: 0 : 22312, 1, 2023/09/01, 12:10:17.095, 2446678239338, vstest.console.dll, AssemblyResolver.OnResolve: Microsoft.TestPlatform.Extensions.BlameDataCollector: Searching in: 'C:\Program Files\dotnet\sdk\7.0.201\Extensions'.
TpTrace Information: 0 : 22312, 1, 2023/09/01, 12:10:17.096, 2446678247300, vstest.console.dll, AssemblyResolver.OnResolve: Microsoft.TestPlatform.Extensions.BlameDataCollector: Loading assembly 'C:\Program Files\dotnet\sdk\7.0.201\Extensions\Microsoft.TestPlatform.Extensions.BlameDataCollector.dll'.
TpTrace Information: 0 : 22312, 1, 2023/09/01, 12:10:17.097, 2446678255548, vstest.console.dll, AssemblyResolver.OnResolve: Resolved assembly: Microsoft.TestPlatform.Extensions.BlameDataCollector, from path: C:\Program Files\dotnet\sdk\7.0.201\Extensions\Microsoft.TestPlatform.Extensions.BlameDataCollector.dll
TpTrace Verbose: 0 : 22312, 1, 2023/09/01, 12:10:17.098, 2446678262413, vstest.console.dll, MetadataReaderExtensionsHelper: Discovering extensions inside assembly 'Microsoft.TestPlatform.Extensions.BlameDataCollector, Version=15.0.0.0, Culture=neutral, PublicKeyToken=b03f5f7f11d50a3a' file path 'C:\Program Files\dotnet\sdk\7.0.201\Extensions\Microsoft.TestPlatform.Extensions.BlameDataCollector.dll'
TpTrace Information: 0 : 22312, 1, 2023/09/01, 12:10:17.100, 2446678281776, vstest.console.dll, AssemblyResolver.OnResolve: Microsoft.TestPlatform.Extensions.EventLogCollector: Resolving assembly.
TpTrace Information: 0 : 22312, 1, 2023/09/01, 12:10:17.100, 2446678282758, vstest.console.dll, AssemblyResolver.OnResolve: Microsoft.TestPlatform.Extensions.EventLogCollector: Searching in: 'C:\Program Files\dotnet\sdk\7.0.201\Extensions'.
TpTrace Information: 0 : 22312, 1, 2023/09/01, 12:10:17.100, 2446678289629, vstest.console.dll, AssemblyResolver.OnResolve: Microsoft.TestPlatform.Extensions.EventLogCollector: Loading assembly 'C:\Program Files\dotnet\sdk\7.0.201\Extensions\Microsoft.TestPlatform.Extensions.EventLogCollector.dll'.
TpTrace Information: 0 : 22312, 1, 2023/09/01, 12:10:17.101, 2446678297086, vstest.console.dll, AssemblyResolver.OnResolve: Resolved assembly: Microsoft.TestPlatform.Extensions.EventLogCollector, from path: C:\Program Files\dotnet\sdk\7.0.201\Extensions\Microsoft.TestPlatform.Extensions.EventLogCollector.dll
TpTrace Verbose: 0 : 22312, 1, 2023/09/01, 12:10:17.101, 2446678297980, vstest.console.dll, MetadataReaderExtensionsHelper: Discovering extensions inside assembly 'Microsoft.TestPlatform.Extensions.EventLogCollector, Version=15.0.0.0, Culture=neutral, PublicKeyToken=b03f5f7f11d50a3a' file path 'C:\Program Files\dotnet\sdk\7.0.201\Extensions\Microsoft.TestPlatform.Extensions.EventLogCollector.dll'
TpTrace Information: 0 : 22312, 1, 2023/09/01, 12:10:17.104, 2446678325909, vstest.console.dll, AssemblyResolver.OnResolve: Microsoft.TestPlatform.TestHostRuntimeProvider: Resolving assembly.
TpTrace Information: 0 : 22312, 1, 2023/09/01, 12:10:17.104, 2446678327505, vstest.console.dll, AssemblyResolver.OnResolve: Microsoft.TestPlatform.TestHostRuntimeProvider: Searching in: 'C:\Program Files\dotnet\sdk\7.0.201\Extensions'.
TpTrace Information: 0 : 22312, 1, 2023/09/01, 12:10:17.105, 2446678335283, vstest.console.dll, AssemblyResolver.OnResolve: Microsoft.TestPlatform.TestHostRuntimeProvider: Loading assembly 'C:\Program Files\dotnet\sdk\7.0.201\Extensions\Microsoft.TestPlatform.TestHostRuntimeProvider.dll'.
TpTrace Information: 0 : 22312, 1, 2023/09/01, 12:10:17.106, 2446678342817, vstest.console.dll, AssemblyResolver.OnResolve: Resolved assembly: Microsoft.TestPlatform.TestHostRuntimeProvider, from path: C:\Program Files\dotnet\sdk\7.0.201\Extensions\Microsoft.TestPlatform.TestHostRuntimeProvider.dll
TpTrace Verbose: 0 : 22312, 1, 2023/09/01, 12:10:17.106, 2446678344162, vstest.console.dll, MetadataReaderExtensionsHelper: Discovering extensions inside assembly 'Microsoft.TestPlatform.TestHostRuntimeProvider, Version=15.0.0.0, Culture=neutral, PublicKeyToken=b03f5f7f11d50a3a' file path 'C:\Program Files\dotnet\sdk\7.0.201\Extensions\Microsoft.TestPlatform.TestHostRuntimeProvider.dll'
TpTrace Information: 0 : 22312, 1, 2023/09/01, 12:10:17.108, 2446678368385, vstest.console.dll, GetTestExtensionFromType: Register extension with identifier data 'HostProvider://DefaultTestHost' and type 'Microsoft.VisualStudio.TestPlatform.CrossPlatEngine.Hosting.DefaultTestHostManager, Microsoft.TestPlatform.TestHostRuntimeProvider, Version=15.0.0.0, Culture=neutral, PublicKeyToken=b03f5f7f11d50a3a' inside file 'C:\Program Files\dotnet\sdk\7.0.201\Extensions\Microsoft.TestPlatform.TestHostRuntimeProvider.dll'
TpTrace Information: 0 : 22312, 1, 2023/09/01, 12:10:17.109, 2446678371092, vstest.console.dll, GetTestExtensionFromType: Register extension with identifier data 'HostProvider://DotnetTestHost' and type 'Microsoft.VisualStudio.TestPlatform.CrossPlatEngine.Hosting.DotnetTestHostManager, Microsoft.TestPlatform.TestHostRuntimeProvider, Version=15.0.0.0, Culture=neutral, PublicKeyToken=b03f5f7f11d50a3a' inside file 'C:\Program Files\dotnet\sdk\7.0.201\Extensions\Microsoft.TestPlatform.TestHostRuntimeProvider.dll'
TpTrace Information: 0 : 22312, 1, 2023/09/01, 12:10:17.109, 2446678372074, vstest.console.dll, AssemblyResolver.OnResolve: Microsoft.VisualStudio.TestPlatform.Extensions.Html.TestLogger: Resolving assembly.
TpTrace Information: 0 : 22312, 1, 2023/09/01, 12:10:17.109, 2446678372635, vstest.console.dll, AssemblyResolver.OnResolve: Microsoft.VisualStudio.TestPlatform.Extensions.Html.TestLogger: Searching in: 'C:\Program Files\dotnet\sdk\7.0.201\Extensions'.
TpTrace Information: 0 : 22312, 1, 2023/09/01, 12:10:17.110, 2446678380488, vstest.console.dll, AssemblyResolver.OnResolve: Microsoft.VisualStudio.TestPlatform.Extensions.Html.TestLogger: Loading assembly 'C:\Program Files\dotnet\sdk\7.0.201\Extensions\Microsoft.VisualStudio.TestPlatform.Extensions.Html.TestLogger.dll'.
TpTrace Information: 0 : 22312, 1, 2023/09/01, 12:10:17.110, 2446678388671, vstest.console.dll, AssemblyResolver.OnResolve: Resolved assembly: Microsoft.VisualStudio.TestPlatform.Extensions.Html.TestLogger, from path: C:\Program Files\dotnet\sdk\7.0.201\Extensions\Microsoft.VisualStudio.TestPlatform.Extensions.Html.TestLogger.dll
TpTrace Verbose: 0 : 22312, 1, 2023/09/01, 12:10:17.110, 2446678389884, vstest.console.dll, MetadataReaderExtensionsHelper: Discovering extensions inside assembly 'Microsoft.VisualStudio.TestPlatform.Extensions.Html.TestLogger, Version=15.0.0.0, Culture=neutral, PublicKeyToken=b03f5f7f11d50a3a' file path 'C:\Program Files\dotnet\sdk\7.0.201\Extensions\Microsoft.VisualStudio.TestPlatform.Extensions.Html.TestLogger.dll'
TpTrace Information: 0 : 22312, 1, 2023/09/01, 12:10:17.112, 2446678403225, vstest.console.dll, AssemblyResolver.OnResolve: Microsoft.VisualStudio.TestPlatform.Extensions.Trx.TestLogger: Resolving assembly.
TpTrace Information: 0 : 22312, 1, 2023/09/01, 12:10:17.112, 2446678404107, vstest.console.dll, AssemblyResolver.OnResolve: Microsoft.VisualStudio.TestPlatform.Extensions.Trx.TestLogger: Searching in: 'C:\Program Files\dotnet\sdk\7.0.201\Extensions'.
TpTrace Information: 0 : 22312, 1, 2023/09/01, 12:10:17.113, 2446678411447, vstest.console.dll, AssemblyResolver.OnResolve: Microsoft.VisualStudio.TestPlatform.Extensions.Trx.TestLogger: Loading assembly 'C:\Program Files\dotnet\sdk\7.0.201\Extensions\Microsoft.VisualStudio.TestPlatform.Extensions.Trx.TestLogger.dll'.
TpTrace Information: 0 : 22312, 1, 2023/09/01, 12:10:17.114, 2446678421613, vstest.console.dll, AssemblyResolver.OnResolve: Resolved assembly: Microsoft.VisualStudio.TestPlatform.Extensions.Trx.TestLogger, from path: C:\Program Files\dotnet\sdk\7.0.201\Extensions\Microsoft.VisualStudio.TestPlatform.Extensions.Trx.TestLogger.dll
TpTrace Verbose: 0 : 22312, 1, 2023/09/01, 12:10:17.114, 2446678422935, vstest.console.dll, MetadataReaderExtensionsHelper: Discovering extensions inside assembly 'Microsoft.VisualStudio.TestPlatform.Extensions.Trx.TestLogger, Version=15.0.0.0, Culture=neutral, PublicKeyToken=b03f5f7f11d50a3a' file path 'C:\Program Files\dotnet\sdk\7.0.201\Extensions\Microsoft.VisualStudio.TestPlatform.Extensions.Trx.TestLogger.dll'
TpTrace Verbose: 0 : 22312, 1, 2023/09/01, 12:10:17.115, 2446678439730, vstest.console.dll, TestPluginCache: Discovered the extensions using extension path ''.
TpTrace Verbose: 0 : 22312, 1, 2023/09/01, 12:10:17.116, 2446678440896, vstest.console.dll, TestPluginCache: Discoverers are ''.
TpTrace Verbose: 0 : 22312, 1, 2023/09/01, 12:10:17.116, 2446678441299, vstest.console.dll, TestPluginCache: Executors are ''.
TpTrace Verbose: 0 : 22312, 1, 2023/09/01, 12:10:17.116, 2446678441641, vstest.console.dll, TestPluginCache: Executors2 are ''.
TpTrace Verbose: 0 : 22312, 1, 2023/09/01, 12:10:17.116, 2446678441969, vstest.console.dll, TestPluginCache: Setting providers are ''.
TpTrace Verbose: 0 : 22312, 1, 2023/09/01, 12:10:17.116, 2446678442298, vstest.console.dll, TestPluginCache: Loggers are ''.
TpTrace Verbose: 0 : 22312, 1, 2023/09/01, 12:10:17.116, 2446678443771, vstest.console.dll, TestPluginCache: TestHosts are 'HostProvider://DefaultTestHost,HostProvider://DotnetTestHost'.
TpTrace Verbose: 0 : 22312, 1, 2023/09/01, 12:10:17.116, 2446678444259, vstest.console.dll, TestPluginCache: DataCollectors are ''.
TpTrace Information: 0 : 22312, 1, 2023/09/01, 12:10:17.130, 2446678583711, vstest.console.dll, RunTestsArgumentProcessor:Execute: Test run is starting.
TpTrace Verbose: 0 : 22312, 1, 2023/09/01, 12:10:17.130, 2446678585120, vstest.console.dll, RunTestsArgumentProcessor:Execute: Queuing Test run.
TpTrace Information: 0 : 22312, 1, 2023/09/01, 12:10:17.130, 2446678588013, vstest.console.dll, TestRequestManager.RunTests: run tests started.
TpTrace Information: 0 : 22312, 1, 2023/09/01, 12:10:17.132, 2446678602838, vstest.console.dll, AssemblyMetadataProvider.GetFrameworkName: Determined framework:'.NETCoreApp,Version=v7.0' for source: 'C:\repo_mediamonk\test5\blog\blog.api.test\bin\Debug\net7.0\fine-code-coverage\build-output\blog.api.test.dll'
TpTrace Information: 0 : 22312, 1, 2023/09/01, 12:10:17.132, 2446678604866, vstest.console.dll, Determined framework for all sources: .NETCoreApp,Version=v7.0
TpTrace Verbose: 0 : 22312, 1, 2023/09/01, 12:10:17.132, 2446678610244, vstest.console.dll, TestRequestManager.UpdateRunSettingsIfRequired: Default architecture: X64 IsDefaultTargetArchitecture: True, Current process architecture: X64 OperatingSystem: Windows.
TpTrace Information: 0 : 22312, 1, 2023/09/01, 12:10:17.135, 2446678637148, vstest.console.dll, AssemblyMetadataProvider.GetArchitecture: Determined architecture:AnyCPU info for assembly: C:\repo_mediamonk\test5\blog\blog.api.test\bin\Debug\net7.0\fine-code-coverage\build-output\blog.api.test.dll
TpTrace Information: 0 : 22312, 1, 2023/09/01, 12:10:17.135, 2446678638216, vstest.console.dll, Determined platform for source 'C:\repo_mediamonk\test5\blog\blog.api.test\bin\Debug\net7.0\fine-code-coverage\build-output\blog.api.test.dll' was AnyCPU and it will use the default plaform X64.
TpTrace Information: 0 : 22312, 1, 2023/09/01, 12:10:17.135, 2446678638829, vstest.console.dll, None of the sources provided any runnable platform, using the default platform: X64
TpTrace Information: 0 : 22312, 1, 2023/09/01, 12:10:17.135, 2446678640063, vstest.console.dll, Platform was updated to 'X64'.
TpTrace Information: 0 : 22312, 1, 2023/09/01, 12:10:17.139, 2446678678333, vstest.console.dll, InferRunSettingsHelper.IsTestSettingsEnabled: Unable to navigate to RunSettings/MSTest. Current node: RunSettings
TpTrace Information: 0 : 22312, 1, 2023/09/01, 12:10:17.140, 2446678685443, vstest.console.dll, AssemblyResolver.OnResolve: Microsoft.VisualStudio.TestPlatform.Fakes: Resolving assembly.
TpTrace Information: 0 : 22312, 1, 2023/09/01, 12:10:17.140, 2446678686212, vstest.console.dll, AssemblyResolver.OnResolve: Microsoft.VisualStudio.TestPlatform.Fakes: Searching in: 'C:\Program Files\dotnet\sdk\7.0.201\Extensions'.
TpTrace Information: 0 : 22312, 1, 2023/09/01, 12:10:17.140, 2446678687948, vstest.console.dll, AssemblyResolver.OnResolve: Microsoft.VisualStudio.TestPlatform.Fakes: Assembly path does not exist: 'C:\Program Files\dotnet\sdk\7.0.201\Extensions\Microsoft.VisualStudio.TestPlatform.Fakes.dll', returning.
TpTrace Information: 0 : 22312, 1, 2023/09/01, 12:10:17.140, 2446678689652, vstest.console.dll, AssemblyResolver.OnResolve: Microsoft.VisualStudio.TestPlatform.Fakes: Assembly path does not exist: 'C:\Program Files\dotnet\sdk\7.0.201\Extensions\Microsoft.VisualStudio.TestPlatform.Fakes.exe', returning.
TpTrace Information: 0 : 22312, 1, 2023/09/01, 12:10:17.140, 2446678690126, vstest.console.dll, AssemblyResolver.OnResolve: Microsoft.VisualStudio.TestPlatform.Fakes: Searching in: 'C:\Program Files\dotnet\sdk\7.0.201'.
TpTrace Information: 0 : 22312, 1, 2023/09/01, 12:10:17.141, 2446678691081, vstest.console.dll, AssemblyResolver.OnResolve: Microsoft.VisualStudio.TestPlatform.Fakes: Assembly path does not exist: 'C:\Program Files\dotnet\sdk\7.0.201\Microsoft.VisualStudio.TestPlatform.Fakes.dll', returning.
TpTrace Information: 0 : 22312, 1, 2023/09/01, 12:10:17.141, 2446678692068, vstest.console.dll, AssemblyResolver.OnResolve: Microsoft.VisualStudio.TestPlatform.Fakes: Assembly path does not exist: 'C:\Program Files\dotnet\sdk\7.0.201\Microsoft.VisualStudio.TestPlatform.Fakes.exe', returning.
TpTrace Information: 0 : 22312, 1, 2023/09/01, 12:10:17.141, 2446678692512, vstest.console.dll, AssemblyResolver.OnResolve: Microsoft.VisualStudio.TestPlatform.Fakes: Failed to load assembly.
TpTrace Information: 0 : 22312, 1, 2023/09/01, 12:10:17.141, 2446678695337, vstest.console.dll, Failed to load assembly Microsoft.VisualStudio.TestPlatform.Fakes, Version=17.0.0.0, Culture=neutral. Reason:System.IO.FileNotFoundException: Could not load file or assembly 'Microsoft.VisualStudio.TestPlatform.Fakes, Version=17.0.0.0, Culture=neutral, PublicKeyToken=null'. The system cannot find the file specified.
File name: 'Microsoft.VisualStudio.TestPlatform.Fakes, Version=17.0.0.0, Culture=neutral, PublicKeyToken=null'
   at System.Reflection.RuntimeAssembly.InternalLoad(AssemblyName assemblyName, StackCrawlMark& stackMark, AssemblyLoadContext assemblyLoadContext, RuntimeAssembly requestingAssembly, Boolean throwOnFileNotFound)
   at System.Reflection.Assembly.Load(AssemblyName assemblyRef)
   at Microsoft.VisualStudio.TestPlatform.Common.Utilities.FakesUtilities.LoadTestPlatformAssembly()
TpTrace Verbose: 0 : 22312, 1, 2023/09/01, 12:10:17.145, 2446678735414, vstest.console.dll, TestPluginCache.DiscoverTestExtensions: finding test extensions in assemblies ends with: TestLogger.dll TPluginInfo: Microsoft.VisualStudio.TestPlatform.Common.ExtensionFramework.Utilities.TestLoggerPluginInformation TExtension: Microsoft.VisualStudio.TestPlatform.ObjectModel.Client.ITestLogger
TpTrace Verbose: 0 : 22312, 1, 2023/09/01, 12:10:17.145, 2446678736939, vstest.console.dll, TestPluginCache.GetExtensionPaths: Filtered extension paths: 
TpTrace Verbose: 0 : 22312, 1, 2023/09/01, 12:10:17.145, 2446678737503, vstest.console.dll, TestPluginCache.GetExtensionPaths: Added default extension paths: C:\Program Files\dotnet\sdk\7.0.201\Extensions\Microsoft.Diagnostics.NETCore.Client.dll
C:\Program Files\dotnet\sdk\7.0.201\Extensions\Microsoft.TestPlatform.Extensions.BlameDataCollector.dll
C:\Program Files\dotnet\sdk\7.0.201\Extensions\Microsoft.TestPlatform.Extensions.EventLogCollector.dll
C:\Program Files\dotnet\sdk\7.0.201\Extensions\Microsoft.TestPlatform.TestHostRuntimeProvider.dll
C:\Program Files\dotnet\sdk\7.0.201\Extensions\Microsoft.VisualStudio.TestPlatform.Extensions.Html.TestLogger.dll
C:\Program Files\dotnet\sdk\7.0.201\Extensions\Microsoft.VisualStudio.TestPlatform.Extensions.Trx.TestLogger.dll
TpTrace Verbose: 0 : 22312, 1, 2023/09/01, 12:10:17.145, 2446678738023, vstest.console.dll, TestPluginCache.GetExtensionPaths: Added unfilterableExtensionPaths: 
TpTrace Information: 0 : 22312, 1, 2023/09/01, 12:10:17.145, 2446678740022, vstest.console.dll, AssemblyResolver.AddSearchDirectories: Adding more searchDirectories C:\Program Files\dotnet\sdk\7.0.201\Extensions,C:\Program Files\dotnet\sdk\7.0.201
TpTrace Verbose: 0 : 22312, 1, 2023/09/01, 12:10:17.146, 2446678740642, vstest.console.dll, TestPluginCache.DiscoverTestExtensions: Discovering the extensions using extension path.
TpTrace Verbose: 0 : 22312, 1, 2023/09/01, 12:10:17.146, 2446678741202, vstest.console.dll, TestPluginCache.GetExtensionPaths: Filtered extension paths: 
TpTrace Verbose: 0 : 22312, 1, 2023/09/01, 12:10:17.146, 2446678741639, vstest.console.dll, TestPluginCache.GetExtensionPaths: Added default extension paths: C:\Program Files\dotnet\sdk\7.0.201\Extensions\Microsoft.Diagnostics.NETCore.Client.dll
C:\Program Files\dotnet\sdk\7.0.201\Extensions\Microsoft.TestPlatform.Extensions.BlameDataCollector.dll
C:\Program Files\dotnet\sdk\7.0.201\Extensions\Microsoft.TestPlatform.Extensions.EventLogCollector.dll
C:\Program Files\dotnet\sdk\7.0.201\Extensions\Microsoft.TestPlatform.TestHostRuntimeProvider.dll
C:\Program Files\dotnet\sdk\7.0.201\Extensions\Microsoft.VisualStudio.TestPlatform.Extensions.Html.TestLogger.dll
C:\Program Files\dotnet\sdk\7.0.201\Extensions\Microsoft.VisualStudio.TestPlatform.Extensions.Trx.TestLogger.dll
TpTrace Verbose: 0 : 22312, 1, 2023/09/01, 12:10:17.146, 2446678742039, vstest.console.dll, TestPluginCache.GetExtensionPaths: Added unfilterableExtensionPaths: 
TpTrace Verbose: 0 : 22312, 1, 2023/09/01, 12:10:17.146, 2446678742505, vstest.console.dll, TestPluginCache.DiscoverTestExtensions: Discovering the extensions using allExtensionPaths: C:\Program Files\dotnet\sdk\7.0.201\Extensions\Microsoft.Diagnostics.NETCore.Client.dll
C:\Program Files\dotnet\sdk\7.0.201\Extensions\Microsoft.TestPlatform.Extensions.BlameDataCollector.dll
C:\Program Files\dotnet\sdk\7.0.201\Extensions\Microsoft.TestPlatform.Extensions.EventLogCollector.dll
C:\Program Files\dotnet\sdk\7.0.201\Extensions\Microsoft.TestPlatform.TestHostRuntimeProvider.dll
C:\Program Files\dotnet\sdk\7.0.201\Extensions\Microsoft.VisualStudio.TestPlatform.Extensions.Html.TestLogger.dll
C:\Program Files\dotnet\sdk\7.0.201\Extensions\Microsoft.VisualStudio.TestPlatform.Extensions.Trx.TestLogger.dll
TpTrace Information: 0 : 22312, 1, 2023/09/01, 12:10:17.146, 2446678743663, vstest.console.dll, AssemblyResolver.AddSearchDirectories: Adding more searchDirectories C:\Program Files\dotnet\sdk\7.0.201\Extensions,C:\Program Files\dotnet\sdk\7.0.201
TpTrace Information: 0 : 22312, 1, 2023/09/01, 12:10:17.146, 2446678744212, vstest.console.dll, AssemblyResolver.AddSearchDirectories: Adding more searchDirectories C:\Program Files\dotnet\sdk\7.0.201\Extensions,C:\Program Files\dotnet\sdk\7.0.201
TpTrace Information: 0 : 22312, 1, 2023/09/01, 12:10:17.146, 2446678744651, vstest.console.dll, AssemblyResolver.AddSearchDirectories: Adding more searchDirectories C:\Program Files\dotnet\sdk\7.0.201\Extensions,C:\Program Files\dotnet\sdk\7.0.201
TpTrace Information: 0 : 22312, 1, 2023/09/01, 12:10:17.146, 2446678745140, vstest.console.dll, AssemblyResolver.AddSearchDirectories: Adding more searchDirectories C:\Program Files\dotnet\sdk\7.0.201\Extensions,C:\Program Files\dotnet\sdk\7.0.201
TpTrace Information: 0 : 22312, 1, 2023/09/01, 12:10:17.146, 2446678745638, vstest.console.dll, AssemblyResolver.AddSearchDirectories: Adding more searchDirectories C:\Program Files\dotnet\sdk\7.0.201\Extensions,C:\Program Files\dotnet\sdk\7.0.201
TpTrace Information: 0 : 22312, 1, 2023/09/01, 12:10:17.146, 2446678746063, vstest.console.dll, AssemblyResolver.AddSearchDirectories: Adding more searchDirectories C:\Program Files\dotnet\sdk\7.0.201\Extensions,C:\Program Files\dotnet\sdk\7.0.201
TpTrace Verbose: 0 : 22312, 1, 2023/09/01, 12:10:17.146, 2446678747365, vstest.console.dll, MetadataReaderExtensionsHelper: Discovering extensions inside assembly 'Microsoft.Diagnostics.NETCore.Client, Version=0.2.6.42401, Culture=neutral, PublicKeyToken=31bf3856ad364e35' file path 'C:\Program Files\dotnet\sdk\7.0.201\Extensions\Microsoft.Diagnostics.NETCore.Client.dll'
TpTrace Information: 0 : 22312, 1, 2023/09/01, 12:10:17.147, 2446678758659, vstest.console.dll, AssemblyResolver.OnResolve: Microsoft.Bcl.AsyncInterfaces: Resolving assembly.
TpTrace Information: 0 : 22312, 1, 2023/09/01, 12:10:17.147, 2446678759472, vstest.console.dll, AssemblyResolver.OnResolve: Microsoft.Bcl.AsyncInterfaces: Resolved from cache.
TpTrace Verbose: 0 : 22312, 1, 2023/09/01, 12:10:17.147, 2446678759901, vstest.console.dll, CurrentDomainAssemblyResolve: Resolving assembly 'Microsoft.Bcl.AsyncInterfaces'.
TpTrace Information: 0 : 22312, 1, 2023/09/01, 12:10:17.148, 2446678760491, vstest.console.dll, AssemblyResolver.OnResolve: Microsoft.Bcl.AsyncInterfaces: Resolving assembly.
TpTrace Information: 0 : 22312, 1, 2023/09/01, 12:10:17.148, 2446678760912, vstest.console.dll, AssemblyResolver.OnResolve: Microsoft.Bcl.AsyncInterfaces: Resolved from cache.
TpTrace Verbose: 0 : 22312, 1, 2023/09/01, 12:10:17.148, 2446678761438, vstest.console.dll, CurrentDomainAssemblyResolve: Resolving assembly 'Microsoft.Bcl.AsyncInterfaces'.
TpTrace Verbose: 0 : 22312, 1, 2023/09/01, 12:10:17.148, 2446678761813, vstest.console.dll, CurrentDomainAssemblyResolve: Failed to resolve assembly 'Microsoft.Bcl.AsyncInterfaces'.
TpTrace Verbose: 0 : 22312, 1, 2023/09/01, 12:10:17.148, 2446678763494, vstest.console.dll, CurrentDomainAssemblyResolve: Failed to resolve assembly 'Microsoft.Bcl.AsyncInterfaces'.
TpTrace Warning: 0 : 22312, 1, 2023/09/01, 12:10:17.148, 2446678767300, vstest.console.dll, TestPluginDiscoverer: Failed to get types from assembly 'Microsoft.Diagnostics.NETCore.Client, Version=0.2.6.42401, Culture=neutral, PublicKeyToken=31bf3856ad364e35'. Error: System.Reflection.ReflectionTypeLoadException: Unable to load one or more of the requested types.
Could not load file or assembly 'Microsoft.Bcl.AsyncInterfaces, Version=1.0.0.0, Culture=neutral, PublicKeyToken=cc7b13ffcd2ddd51'. The system cannot find the file specified.
   at System.Reflection.RuntimeModule.GetTypes(RuntimeModule module)
   at System.Reflection.Assembly.GetTypes()
   at Microsoft.VisualStudio.TestPlatform.Common.ExtensionFramework.TestPluginDiscoverer.GetTestExtensionsFromAssembly[TPluginInfo,TExtension](Assembly assembly, Dictionary`2 pluginInfos, String filePath)
System.IO.FileNotFoundException: Could not load file or assembly 'Microsoft.Bcl.AsyncInterfaces, Version=1.0.0.0, Culture=neutral, PublicKeyToken=cc7b13ffcd2ddd51'. The system cannot find the file specified.
File name: 'Microsoft.Bcl.AsyncInterfaces, Version=1.0.0.0, Culture=neutral, PublicKeyToken=cc7b13ffcd2ddd51'
 ---> System.IO.FileNotFoundException: Could not load file or assembly 'Microsoft.Bcl.AsyncInterfaces, Culture=neutral, PublicKeyToken=null'. The system cannot find the file specified.
File name: 'Microsoft.Bcl.AsyncInterfaces, Culture=neutral, PublicKeyToken=null'
   at System.Reflection.RuntimeAssembly.InternalLoad(AssemblyName assemblyName, StackCrawlMark& stackMark, AssemblyLoadContext assemblyLoadContext, RuntimeAssembly requestingAssembly, Boolean throwOnFileNotFound)
   at System.Reflection.Assembly.Load(AssemblyName assemblyRef)
   at Microsoft.VisualStudio.TestPlatform.Common.ExtensionFramework.TestPluginCache.CurrentDomainAssemblyResolve(Object sender, AssemblyResolveEventArgs args)
   at System.Runtime.Loader.AssemblyLoadContext.GetFirstResolvedAssemblyFromResolvingEvent(AssemblyName assemblyName)
   at System.Runtime.Loader.AssemblyLoadContext.ResolveUsingEvent(AssemblyName assemblyName)
   at System.Runtime.Loader.AssemblyLoadContext.ResolveUsingResolvingEvent(IntPtr gchManagedAssemblyLoadContext, AssemblyName assemblyName)
TpTrace Warning: 0 : 22312, 1, 2023/09/01, 12:10:17.148, 2446678769953, vstest.console.dll, LoaderExceptions: System.IO.FileNotFoundException: Could not load file or assembly 'Microsoft.Bcl.AsyncInterfaces, Version=1.0.0.0, Culture=neutral, PublicKeyToken=cc7b13ffcd2ddd51'. The system cannot find the file specified.
File name: 'Microsoft.Bcl.AsyncInterfaces, Version=1.0.0.0, Culture=neutral, PublicKeyToken=cc7b13ffcd2ddd51'
 ---> System.IO.FileNotFoundException: Could not load file or assembly 'Microsoft.Bcl.AsyncInterfaces, Culture=neutral, PublicKeyToken=null'. The system cannot find the file specified.
File name: 'Microsoft.Bcl.AsyncInterfaces, Culture=neutral, PublicKeyToken=null'
   at System.Reflection.RuntimeAssembly.InternalLoad(AssemblyName assemblyName, StackCrawlMark& stackMark, AssemblyLoadContext assemblyLoadContext, RuntimeAssembly requestingAssembly, Boolean throwOnFileNotFound)
   at System.Reflection.Assembly.Load(AssemblyName assemblyRef)
   at Microsoft.VisualStudio.TestPlatform.Common.ExtensionFramework.TestPluginCache.CurrentDomainAssemblyResolve(Object sender, AssemblyResolveEventArgs args)
   at System.Runtime.Loader.AssemblyLoadContext.GetFirstResolvedAssemblyFromResolvingEvent(AssemblyName assemblyName)
   at System.Runtime.Loader.AssemblyLoadContext.ResolveUsingEvent(AssemblyName assemblyName)
   at System.Runtime.Loader.AssemblyLoadContext.ResolveUsingResolvingEvent(IntPtr gchManagedAssemblyLoadContext, AssemblyName assemblyName)
TpTrace Verbose: 0 : 22312, 1, 2023/09/01, 12:10:17.149, 2446678771115, vstest.console.dll, MetadataReaderExtensionsHelper: Discovering extensions inside assembly 'Microsoft.TestPlatform.Extensions.BlameDataCollector, Version=15.0.0.0, Culture=neutral, PublicKeyToken=b03f5f7f11d50a3a' file path 'C:\Program Files\dotnet\sdk\7.0.201\Extensions\Microsoft.TestPlatform.Extensions.BlameDataCollector.dll'
TpTrace Information: 0 : 22312, 1, 2023/09/01, 12:10:17.150, 2446678782101, vstest.console.dll, GetTestExtensionFromType: Register extension with identifier data 'logger://Microsoft/TestPlatform/Extensions/Blame/v1' and type 'Microsoft.TestPlatform.Extensions.BlameDataCollector.BlameLogger, Microsoft.TestPlatform.Extensions.BlameDataCollector, Version=15.0.0.0, Culture=neutral, PublicKeyToken=b03f5f7f11d50a3a' inside file 'C:\Program Files\dotnet\sdk\7.0.201\Extensions\Microsoft.TestPlatform.Extensions.BlameDataCollector.dll'
TpTrace Verbose: 0 : 22312, 1, 2023/09/01, 12:10:17.150, 2446678783899, vstest.console.dll, MetadataReaderExtensionsHelper: Discovering extensions inside assembly 'Microsoft.TestPlatform.Extensions.EventLogCollector, Version=15.0.0.0, Culture=neutral, PublicKeyToken=b03f5f7f11d50a3a' file path 'C:\Program Files\dotnet\sdk\7.0.201\Extensions\Microsoft.TestPlatform.Extensions.EventLogCollector.dll'
TpTrace Verbose: 0 : 22312, 1, 2023/09/01, 12:10:17.151, 2446678791713, vstest.console.dll, MetadataReaderExtensionsHelper: Discovering extensions inside assembly 'Microsoft.TestPlatform.TestHostRuntimeProvider, Version=15.0.0.0, Culture=neutral, PublicKeyToken=b03f5f7f11d50a3a' file path 'C:\Program Files\dotnet\sdk\7.0.201\Extensions\Microsoft.TestPlatform.TestHostRuntimeProvider.dll'
TpTrace Verbose: 0 : 22312, 1, 2023/09/01, 12:10:17.151, 2446678797810, vstest.console.dll, MetadataReaderExtensionsHelper: Discovering extensions inside assembly 'Microsoft.VisualStudio.TestPlatform.Extensions.Html.TestLogger, Version=15.0.0.0, Culture=neutral, PublicKeyToken=b03f5f7f11d50a3a' file path 'C:\Program Files\dotnet\sdk\7.0.201\Extensions\Microsoft.VisualStudio.TestPlatform.Extensions.Html.TestLogger.dll'
TpTrace Information: 0 : 22312, 1, 2023/09/01, 12:10:17.152, 2446678806514, vstest.console.dll, GetTestExtensionFromType: Register extension with identifier data 'logger://Microsoft/TestPlatform/HtmlLogger/v1' and type 'Microsoft.VisualStudio.TestPlatform.Extensions.HtmlLogger.HtmlLogger, Microsoft.VisualStudio.TestPlatform.Extensions.Html.TestLogger, Version=15.0.0.0, Culture=neutral, PublicKeyToken=b03f5f7f11d50a3a' inside file 'C:\Program Files\dotnet\sdk\7.0.201\Extensions\Microsoft.VisualStudio.TestPlatform.Extensions.Html.TestLogger.dll'
TpTrace Verbose: 0 : 22312, 1, 2023/09/01, 12:10:17.152, 2446678807541, vstest.console.dll, MetadataReaderExtensionsHelper: Discovering extensions inside assembly 'Microsoft.VisualStudio.TestPlatform.Extensions.Trx.TestLogger, Version=15.0.0.0, Culture=neutral, PublicKeyToken=b03f5f7f11d50a3a' file path 'C:\Program Files\dotnet\sdk\7.0.201\Extensions\Microsoft.VisualStudio.TestPlatform.Extensions.Trx.TestLogger.dll'
TpTrace Information: 0 : 22312, 1, 2023/09/01, 12:10:17.153, 2446678814929, vstest.console.dll, GetTestExtensionFromType: Register extension with identifier data 'logger://Microsoft/TestPlatform/TrxLogger/v1' and type 'Microsoft.VisualStudio.TestPlatform.Extensions.TrxLogger.TrxLogger, Microsoft.VisualStudio.TestPlatform.Extensions.Trx.TestLogger, Version=15.0.0.0, Culture=neutral, PublicKeyToken=b03f5f7f11d50a3a' inside file 'C:\Program Files\dotnet\sdk\7.0.201\Extensions\Microsoft.VisualStudio.TestPlatform.Extensions.Trx.TestLogger.dll'
TpTrace Verbose: 0 : 22312, 1, 2023/09/01, 12:10:17.153, 2446678816310, vstest.console.dll, TestPluginCache: Discovered the extensions using extension path ''.
TpTrace Verbose: 0 : 22312, 1, 2023/09/01, 12:10:17.153, 2446678816856, vstest.console.dll, TestPluginCache: Discoverers are ''.
TpTrace Verbose: 0 : 22312, 1, 2023/09/01, 12:10:17.153, 2446678817587, vstest.console.dll, TestPluginCache: Executors are ''.
TpTrace Verbose: 0 : 22312, 1, 2023/09/01, 12:10:17.153, 2446678818281, vstest.console.dll, TestPluginCache: Executors2 are ''.
TpTrace Verbose: 0 : 22312, 1, 2023/09/01, 12:10:17.153, 2446678818775, vstest.console.dll, TestPluginCache: Setting providers are ''.
TpTrace Verbose: 0 : 22312, 1, 2023/09/01, 12:10:17.153, 2446678819890, vstest.console.dll, TestPluginCache: Loggers are 'logger://Microsoft/TestPlatform/Extensions/Blame/v1,logger://Microsoft/TestPlatform/HtmlLogger/v1,logger://Microsoft/TestPlatform/TrxLogger/v1'.
TpTrace Verbose: 0 : 22312, 1, 2023/09/01, 12:10:17.154, 2446678820499, vstest.console.dll, TestPluginCache: TestHosts are 'HostProvider://DefaultTestHost,HostProvider://DotnetTestHost'.
TpTrace Verbose: 0 : 22312, 1, 2023/09/01, 12:10:17.154, 2446678820897, vstest.console.dll, TestPluginCache: DataCollectors are ''.
TpTrace Information: 0 : 22312, 1, 2023/09/01, 12:10:17.155, 2446678831760, vstest.console.dll, TestPluginManager.CreateTestExtension: Attempting to load test extension: Microsoft.TestPlatform.Extensions.BlameDataCollector.BlameLogger
TpTrace Verbose: 0 : 22312, 1, 2023/09/01, 12:10:17.164, 2446678928319, vstest.console.dll, TestEngine: Initializing Parallel Execution as MaxCpuCount is set to: 1
TpTrace Information: 0 : 22312, 1, 2023/09/01, 12:10:17.166, 2446678948333, vstest.console.dll, TestPluginManager.CreateTestExtension: Attempting to load test extension: Microsoft.VisualStudio.TestPlatform.CrossPlatEngine.Hosting.DefaultTestHostManager
TpTrace Information: 0 : 22312, 1, 2023/09/01, 12:10:17.167, 2446678960149, vstest.console.dll, TestPluginManager.CreateTestExtension: Attempting to load test extension: Microsoft.VisualStudio.TestPlatform.CrossPlatEngine.Hosting.DotnetTestHostManager
TpTrace Information: 0 : 22312, 1, 2023/09/01, 12:10:17.168, 2446678968165, vstest.console.dll, InferRunSettingsHelper.IsTestSettingsEnabled: Unable to navigate to RunSettings/MSTest. Current node: RunSettings
TpTrace Verbose: 0 : 22312, 1, 2023/09/01, 12:10:17.174, 2446679023479, vstest.console.dll, TestEngine.GetExecutionManager: Chosen execution manager 'Microsoft.VisualStudio.TestPlatform.CrossPlatEngine.Client.Parallel.ParallelProxyExecutionManager, Microsoft.TestPlatform.CrossPlatEngine, Version=15.0.0.0, Culture=neutral, PublicKeyToken=b03f5f7f11d50a3a' ParallelLevel '1'.
TpTrace Verbose: 0 : 22312, 1, 2023/09/01, 12:10:17.174, 2446679026056, vstest.console.dll, TestRunRequest.ExecuteAsync: Creating test run request.
TpTrace Verbose: 0 : 22312, 1, 2023/09/01, 12:10:17.174, 2446679029419, vstest.console.dll, TestRunRequest.ExecuteAsync: Starting.
TpTrace Information: 0 : 22312, 1, 2023/09/01, 12:10:17.175, 2446679033476, vstest.console.dll, TestRunRequest.ExecuteAsync: Starting run with settings:TestRunCriteria:
   KeepAlive=False,FrequencyOfRunStatsChangeEvent=10,RunStatsChangeEventTimeout=00:00:01.5000000,TestCaseFilter=,TestExecutorLauncher=
   Settingsxml=<RunSettings>
  <RunConfiguration>
    <ResultsDirectory>C:\repo_mediamonk\test5\blog\blog.api.test\bin\Debug\net7.0\fine-code-coverage\coverage-tool-output</ResultsDirectory>
    <TargetPlatform>X64</TargetPlatform>
    <TargetFrameworkVersion>.NETCoreApp,Version=v7.0</TargetFrameworkVersion>
    <DesignMode>False</DesignMode>
    <CollectSourceInformation>False</CollectSourceInformation>
  </RunConfiguration>
  <LoggerRunSettings>
    <Loggers>
      <Logger friendlyName="blame" enabled="True" />
      <Logger friendlyName="Console" uri="logger://microsoft/TestPlatform/ConsoleLogger/v1" assemblyQualifiedName="Microsoft.VisualStudio.TestPlatform.CommandLine.Internal.ConsoleLogger, vstest.console, Version=15.0.0.0, Culture=neutral, PublicKeyToken=b03f5f7f11d50a3a" codeBase="C:\Program Files\dotnet\sdk\7.0.201\vstest.console.dll" enabled="True" />
    </Loggers>
  </LoggerRunSettings>
  <DataCollectionRunSettings>
    <DataCollectors>
      <DataCollector friendlyName="blame" enabled="True">
        <Configuration>
          <ResultsDirectory>C:\repo_mediamonk\test5\blog\blog.api.test\bin\Debug\net7.0\fine-code-coverage\coverage-tool-output</ResultsDirectory>
        </Configuration>
      </DataCollector>
    </DataCollectors>
  </DataCollectionRunSettings>
</RunSettings>

TpTrace Verbose: 0 : 22312, 1, 2023/09/01, 12:10:17.175, 2446679034283, vstest.console.dll, TestRunRequest.ExecuteAsync: Wait for the first run request is over.
TpTrace Verbose: 0 : 22312, 1, 2023/09/01, 12:10:17.175, 2446679037987, vstest.console.dll, MulticastDelegateUtilities.SafeInvoke: TestRun.TestRunStart: Invoking callbacks was skipped because there are no subscribers.
TpTrace Verbose: 0 : 22312, 4, 2023/09/01, 12:10:17.176, 2446679040899, vstest.console.dll, MulticastDelegateUtilities.SafeInvoke: InternalTestLoggerEvents.SendTestRunStart: Invoking callback 1/1 for Microsoft.VisualStudio.TestPlatform.CommandLine.Internal.ConsoleLogger., took 0 ms.
TpTrace Verbose: 0 : 22312, 1, 2023/09/01, 12:10:17.177, 2446679053642, vstest.console.dll, ParallelProxyExecutionManager: Start execution. Total sources: 1
TpTrace Verbose: 0 : 22312, 1, 2023/09/01, 12:10:17.179, 2446679073645, vstest.console.dll, TestRequestSender is acting as server.
TpTrace Verbose: 0 : 22312, 1, 2023/09/01, 12:10:17.180, 2446679089409, vstest.console.dll, DataCollectionRequestSender.InitializeCommunication : Initialize communication. 
TpTrace Information: 0 : 22312, 1, 2023/09/01, 12:10:17.191, 2446679193743, vstest.console.dll, Listening on Endpoint : 127.0.0.1:59837
TpTrace Verbose: 0 : 22312, 1, 2023/09/01, 12:10:17.199, 2446679274648, vstest.console.dll, DotnetDataCollectionLauncher: Adding  --runtimeconfig "C:\Program Files\dotnet\sdk\7.0.201\datacollector.runtimeconfig.json" in args
TpTrace Verbose: 0 : 22312, 1, 2023/09/01, 12:10:17.199, 2446679276691, vstest.console.dll, DotnetDataCollectionLauncher: Adding  --depsfile "C:\Program Files\dotnet\sdk\7.0.201\datacollector.deps.json" in args
TpTrace Verbose: 0 : 22312, 1, 2023/09/01, 12:10:17.199, 2446679279739, vstest.console.dll, DotnetDataCollectionLauncher: Full path of dotnet.exe is C:\Program Files\dotnet\dotnet.exe
TpTrace Information: 0 : 22312, 1, 2023/09/01, 12:10:17.208, 2446679368224, vstest.console.dll, ProxyDataCollectionManager.Initialize: Launched datacollector processId: 28392 port: 59837
TpTrace Information: 0 : 22312, 1, 2023/09/01, 12:10:17.209, 2446679370456, vstest.console.dll, ProxyDataCollectionManager.Initialize: waiting for connection with timeout: 90 seconds
TpTrace Verbose: 0 : 22312, 1, 2023/09/01, 12:10:17.209, 2446679371518, vstest.console.dll, DataCollectionRequestSender.WaitForRequestHandlerConnection : Waiting for connection with timeout: 90000
TpTrace Information: 0 : 22312, 7, 2023/09/01, 12:10:17.413, 2446681414844, vstest.console.dll, Using the buffer size of 16384 bytes
TpTrace Verbose: 0 : 22312, 1, 2023/09/01, 12:10:17.413, 2446681415251, vstest.console.dll, SocketCommunicationManager.WaitForClientConnection took: 204 ms, with 90000 ms timeout, and finished with True.
TpTrace Information: 0 : 22312, 7, 2023/09/01, 12:10:17.413, 2446681416819, vstest.console.dll, Accepted Client request and set the flag
TpTrace Verbose: 0 : 22312, 1, 2023/09/01, 12:10:17.413, 2446681418599, vstest.console.dll, ProxyDataCollectionManager.InvokeDataCollectionServiceAction: Starting.
TpTrace Information: 0 : 22312, 1, 2023/09/01, 12:10:17.414, 2446681420406, vstest.console.dll, ProxyDataCollectionManager.BeforeTestRunStart: Get environment variable and port for datacollector processId: 28392 port: 59837
TpTrace Verbose: 0 : 22312, 1, 2023/09/01, 12:10:17.414, 2446681422381, vstest.console.dll, DataCollectionRequestSender.SendBeforeTestRunStartAndGetResult: Send BeforeTestRunStart message with settingsXml <RunSettings><RunConfiguration><ResultsDirectory>C:\repo_mediamonk\test5\blog\blog.api.test\bin\Debug\net7.0\fine-code-coverage\coverage-tool-output</ResultsDirectory><TargetPlatform>X64</TargetPlatform><TargetFrameworkVersion>.NETCoreApp,Version=v7.0</TargetFrameworkVersion><DesignMode>False</DesignMode><CollectSourceInformation>False</CollectSourceInformation><TestAdaptersPaths>C:\Program Files\dotnet\sdk\7.0.201\Extensions</TestAdaptersPaths></RunConfiguration><LoggerRunSettings><Loggers><Logger friendlyName="blame" enabled="True" /><Logger friendlyName="Console" uri="logger://microsoft/TestPlatform/ConsoleLogger/v1" assemblyQualifiedName="Microsoft.VisualStudio.TestPlatform.CommandLine.Internal.ConsoleLogger, vstest.console, Version=15.0.0.0, Culture=neutral, PublicKeyToken=b03f5f7f11d50a3a" codeBase="C:\Program Files\dotnet\sdk\7.0.201\vstest.console.dll" enabled="True" /></Loggers></LoggerRunSettings><DataCollectionRunSettings><DataCollectors><DataCollector friendlyName="blame" enabled="True"><Configuration><ResultsDirectory>C:\repo_mediamonk\test5\blog\blog.api.test\bin\Debug\net7.0\fine-code-coverage\coverage-tool-output</ResultsDirectory></Configuration></DataCollector></DataCollectors></DataCollectionRunSettings></RunSettings> and sources System.Collections.Generic.List`1[System.String]: 
TpTrace Verbose: 0 : 22312, 1, 2023/09/01, 12:10:17.547, 2446682753515, vstest.console.dll, DataCollectionRequestSender.SendBeforeTestRunStartAndGetResult: Received message: (DataCollection.SendMessage) -> {"MessageType":"DataCollection.SendMessage","Payload":{"FriendlyName":null,"Uri":null,"TestCaseId":"00000000-0000-0000-0000-000000000000","Message":"Logging DataCollector Diagnostics in file: C:\\repo_mediamonk\\test5\\blog\\blog.api.test\\bin\\Debug\\net7.0\\fine-code-coverage\\coverage-tool-output\\diagnostics.datacollector.23-09-01_12-10-17_19907_1.log","Level":0}}
TpTrace Verbose: 0 : 22312, 1, 2023/09/01, 12:10:17.693, 2446684213136, vstest.console.dll, DataCollectionRequestSender.SendBeforeTestRunStartAndGetResult: Received message: (DataCollection.BeforeTestRunStartResult) -> {"MessageType":"DataCollection.BeforeTestRunStartResult","Payload":{"EnvironmentVariables":{},"DataCollectionEventsPort":59839}}
TpTrace Information: 0 : 22312, 1, 2023/09/01, 12:10:17.703, 2446684315608, vstest.console.dll, ProxyDataCollectionManager.BeforeTestRunStart: SendBeforeTestRunStartAndGetResult successful, env variable from datacollector:   and testhost port: 59839
TpTrace Information: 0 : 22312, 1, 2023/09/01, 12:10:17.703, 2446684317338, vstest.console.dll, ProxyDataCollectionManager.InvokeDataCollectionServiceAction: Completed.
TpTrace Verbose: 0 : 22312, 7, 2023/09/01, 12:10:17.703, 2446684319215, vstest.console.dll, ParallelProxyExecutionManager: Execution started. Started clients: 1
TpTrace Verbose: 0 : 22312, 1, 2023/09/01, 12:10:17.703, 2446684319304, vstest.console.dll, ProxyParallelExecutionManager: No sources available for execution.
TpTrace Information: 0 : 22312, 1, 2023/09/01, 12:10:17.704, 2446684321826, vstest.console.dll, TestRunRequest.ExecuteAsync: Started.
TpTrace Verbose: 0 : 22312, 1, 2023/09/01, 12:10:17.704, 2446684323425, vstest.console.dll, TestRunRequest.WaitForCompletion: Waiting with timeout -1.
TpTrace Verbose: 0 : 22312, 7, 2023/09/01, 12:10:17.704, 2446684324277, vstest.console.dll, TestRunRequest:SendTestRunMessage: Starting.
TpTrace Verbose: 0 : 22312, 7, 2023/09/01, 12:10:17.704, 2446684326266, vstest.console.dll, MulticastDelegateUtilities.SafeInvoke: TestRun.LogMessages: Invoking callback 1/1 for Microsoft.VisualStudio.TestPlatform.CommandLine.TestRunResultAggregator., took 0 ms.
TpTrace Information: 0 : 22312, 7, 2023/09/01, 12:10:17.704, 2446684326877, vstest.console.dll, TestRunRequest:SendTestRunMessage: Completed.
TpTrace Verbose: 0 : 22312, 4, 2023/09/01, 12:10:17.704, 2446684328709, vstest.console.dll, MulticastDelegateUtilities.SafeInvoke: InternalTestLoggerEvents.SendTestRunMessage: Invoking callback 1/1 for Microsoft.VisualStudio.TestPlatform.CommandLine.Internal.ConsoleLogger., took 0 ms.
TpTrace Verbose: 0 : 22312, 7, 2023/09/01, 12:10:17.704, 2446684328849, vstest.console.dll, ProxyExecutionManager: Test host is always Lazy initialize.
TpTrace Verbose: 0 : 22312, 7, 2023/09/01, 12:10:17.705, 2446684332713, vstest.console.dll, TestRequestSender.InitializeCommunication: initialize communication. 
TpTrace Information: 0 : 22312, 7, 2023/09/01, 12:10:17.705, 2446684338179, vstest.console.dll, SocketServer.Start: Listening on endpoint : 127.0.0.1:59840
TpTrace Verbose: 0 : 22312, 7, 2023/09/01, 12:10:17.706, 2446684347474, vstest.console.dll, DotnetTestHostmanager.GetTestHostProcessStartInfo: Platform environment 'X64' target architecture 'X64' framework '.NETCoreApp,Version=v7.0' OS 'Windows'
TpTrace Verbose: 0 : 22312, 7, 2023/09/01, 12:10:17.706, 2446684350297, vstest.console.dll, DotnetTestHostmanager: Adding  --runtimeconfig "C:\repo_mediamonk\test5\blog\blog.api.test\bin\Debug\net7.0\fine-code-coverage\build-output\blog.api.test.runtimeconfig.json" in args
TpTrace Verbose: 0 : 22312, 7, 2023/09/01, 12:10:17.707, 2446684352586, vstest.console.dll, DotnetTestHostmanager: Adding  --depsfile "C:\repo_mediamonk\test5\blog\blog.api.test\bin\Debug\net7.0\fine-code-coverage\build-output\blog.api.test.deps.json" in args
TpTrace Verbose: 0 : 22312, 7, 2023/09/01, 12:10:17.707, 2446684355403, vstest.console.dll, DotnetTestHostmanager.IsWinOnArm: Current PROCESSOR_ARCHITECTURE from environment variable 'AMD64'
TpTrace Verbose: 0 : 22312, 7, 2023/09/01, 12:10:17.707, 2446684356281, vstest.console.dll, DotnetTestHostmanager.IsWinOnArm: Is Windows on ARM 'False'
TpTrace Verbose: 0 : 22312, 7, 2023/09/01, 12:10:17.707, 2446684358011, vstest.console.dll, DotnetTestHostManager: testhost.exe found at path: C:\repo_mediamonk\test5\blog\blog.api.test\bin\Debug\net7.0\fine-code-coverage\build-output\testhost.exe
TpTrace Verbose: 0 : 22312, 7, 2023/09/01, 12:10:17.707, 2446684358801, vstest.console.dll, DotnetTestHostmanager: Full path of host exe is C:\repo_mediamonk\test5\blog\blog.api.test\bin\Debug\net7.0\fine-code-coverage\build-output\testhost.exe
TpTrace Verbose: 0 : 22312, 7, 2023/09/01, 12:10:17.707, 2446684360403, vstest.console.dll, DotnetTestHostmanager.LaunchTestHostAsync: Found 'VSTEST_WINAPPHOST_DOTNET_ROOT' in env variables, value 'C:\Program Files\dotnet', forwarding to 'DOTNET_ROOT'
TpTrace Verbose: 0 : 22312, 7, 2023/09/01, 12:10:17.708, 2446684362611, vstest.console.dll, DotnetTestHostManager: Starting process 'C:\repo_mediamonk\test5\blog\blog.api.test\bin\Debug\net7.0\fine-code-coverage\build-output\testhost.exe' with command line ' --runtimeconfig "C:\repo_mediamonk\test5\blog\blog.api.test\bin\Debug\net7.0\fine-code-coverage\build-output\blog.api.test.runtimeconfig.json" --depsfile "C:\repo_mediamonk\test5\blog\blog.api.test\bin\Debug\net7.0\fine-code-coverage\build-output\blog.api.test.deps.json" --port 59840 --endpoint 127.0.0.1:059840 --role client --parentprocessid 22312 --diag "C:\repo_mediamonk\test5\blog\blog.api.test\bin\Debug\net7.0\fine-code-coverage\coverage-tool-output\diagnostics.host.23-09-01_12-10-17_70622_7.log" --tracelevel 4 --datacollectionport 59839 --telemetryoptedin false'
TpTrace Verbose: 0 : 22312, 7, 2023/09/01, 12:10:17.717, 2446684450959, vstest.console.dll, MulticastDelegateUtilities.SafeInvoke: HostProviderEvents.OnHostLaunched: Invoking callback 1/2 for Microsoft.VisualStudio.TestPlatform.CrossPlatEngine.Client.ProxyExecutionManagerWithDataCollection., took 1 ms.
TpTrace Verbose: 0 : 22312, 7, 2023/09/01, 12:10:17.717, 2446684455519, vstest.console.dll, Test Runtime launched
TpTrace Verbose: 0 : 22312, 7, 2023/09/01, 12:10:17.717, 2446684457041, vstest.console.dll, MulticastDelegateUtilities.SafeInvoke: HostProviderEvents.OnHostLaunched: Invoking callback 2/2 for Microsoft.VisualStudio.TestPlatform.CrossPlatEngine.Client.ProxyOperationManager., took 0 ms.
TpTrace Verbose: 0 : 22312, 7, 2023/09/01, 12:10:17.717, 2446684459529, vstest.console.dll, TestRequestSender.WaitForRequestHandlerConnection: waiting for connection with timeout: 90000.
TpTrace Verbose: 0 : 22312, 7, 2023/09/01, 12:10:18.012, 2446687400827, vstest.console.dll, TestRequestSender.WaitForRequestHandlerConnection: waiting took 294 ms, with timeout 90000 ms, and result 0, which is success.
TpTrace Verbose: 0 : 22312, 10, 2023/09/01, 12:10:18.012, 2446687400834, vstest.console.dll, MulticastDelegateUtilities.SafeInvoke: SocketServer: ClientConnected: Invoking callback 1/1 for Microsoft.VisualStudio.TestPlatform.CommunicationUtilities.TestRequestSender., took 0 ms.
TpTrace Verbose: 0 : 22312, 10, 2023/09/01, 12:10:18.012, 2446687404176, vstest.console.dll, SocketServer.OnClientConnected: Client connected for endPoint: 127.0.0.1:59840, starting MessageLoopAsync:
TpTrace Verbose: 0 : 22312, 13, 2023/09/01, 12:10:18.012, 2446687409709, vstest.console.dll, TcpClientExtensions.MessageLoopAsync: Polling on remoteEndPoint: 127.0.0.1:59842 localEndPoint: 127.0.0.1:59840
TpTrace Verbose: 0 : 22312, 7, 2023/09/01, 12:10:18.013, 2446687418335, vstest.console.dll, TestRequestSender.CheckVersionWithTestHost: Sending check version message: {"MessageType":"ProtocolVersion","Payload":7}
TpTrace Verbose: 0 : 22312, 13, 2023/09/01, 12:10:18.204, 2446689328862, vstest.console.dll, TcpClientExtensions.MessageLoopAsync: NotifyDataAvailable remoteEndPoint: 127.0.0.1:59842 localEndPoint: 127.0.0.1:59840
TpTrace Verbose: 0 : 22312, 13, 2023/09/01, 12:10:18.205, 2446689331750, vstest.console.dll, TestRequestSender.CheckVersionWithTestHost: onMessageReceived received message: (ProtocolVersion) -> {"MessageType":"ProtocolVersion","Payload":7}
TpTrace Verbose: 0 : 22312, 13, 2023/09/01, 12:10:18.205, 2446689338700, vstest.console.dll, MulticastDelegateUtilities.SafeInvoke: LengthPrefixCommunicationChannel: MessageReceived: Invoking callback 1/1 for Microsoft.VisualStudio.TestPlatform.CommunicationUtilities.TestRequestSender+<>c__DisplayClass29_0., took 0 ms.
TpTrace Verbose: 0 : 22312, 7, 2023/09/01, 12:10:18.205, 2446689339553, vstest.console.dll, TestPluginCache.GetExtensionPaths: Filtered extension paths: 
TpTrace Verbose: 0 : 22312, 7, 2023/09/01, 12:10:18.206, 2446689340539, vstest.console.dll, TestPluginCache.GetExtensionPaths: Added default extension paths: C:\Program Files\dotnet\sdk\7.0.201\Extensions\Microsoft.Diagnostics.NETCore.Client.dll
C:\Program Files\dotnet\sdk\7.0.201\Extensions\Microsoft.TestPlatform.Extensions.BlameDataCollector.dll
C:\Program Files\dotnet\sdk\7.0.201\Extensions\Microsoft.TestPlatform.Extensions.EventLogCollector.dll
C:\Program Files\dotnet\sdk\7.0.201\Extensions\Microsoft.TestPlatform.TestHostRuntimeProvider.dll
C:\Program Files\dotnet\sdk\7.0.201\Extensions\Microsoft.VisualStudio.TestPlatform.Extensions.Html.TestLogger.dll
C:\Program Files\dotnet\sdk\7.0.201\Extensions\Microsoft.VisualStudio.TestPlatform.Extensions.Trx.TestLogger.dll
TpTrace Verbose: 0 : 22312, 7, 2023/09/01, 12:10:18.206, 2446689341055, vstest.console.dll, TestPluginCache.GetExtensionPaths: Added unfilterableExtensionPaths: 
TpTrace Verbose: 0 : 22312, 13, 2023/09/01, 12:10:18.205, 2446689339742, vstest.console.dll, TcpClientExtensions.MessageLoopAsync: Polling on remoteEndPoint: 127.0.0.1:59842 localEndPoint: 127.0.0.1:59840
TpTrace Verbose: 0 : 22312, 7, 2023/09/01, 12:10:18.210, 2446689383610, vstest.console.dll, TestRequestSender.InitializeExecution: Sending initialize execution with message: {"Version":7,"MessageType":"TestExecution.Initialize","Payload":["C:\\repo_mediamonk\\test5\\blog\\blog.api.test\\bin\\Debug\\net7.0\\fine-code-coverage\\build-output\\NUnit3.TestAdapter.dll"]}
TpTrace Warning: 0 : 22312, 7, 2023/09/01, 12:10:18.210, 2446689389500, vstest.console.dll, InferRunSettingsHelper.MakeRunsettingsCompatible: Removing the following settings: TargetPlatform from RunSettings file. To use those settings please move to latest version of Microsoft.NET.Test.Sdk
TpTrace Verbose: 0 : 22312, 13, 2023/09/01, 12:10:18.215, 2446689430806, vstest.console.dll, TcpClientExtensions.MessageLoopAsync: NotifyDataAvailable remoteEndPoint: 127.0.0.1:59842 localEndPoint: 127.0.0.1:59840
TpTrace Verbose: 0 : 22312, 13, 2023/09/01, 12:10:18.215, 2446689435849, vstest.console.dll, TestRequestSender.OnExecutionMessageReceived: Received message: {"Version":7,"MessageType":"TestSession.Message","Payload":{"MessageLevel":0,"Message":"Registro em log do diagnstico TestHost no arquivo: C:\\repo_mediamonk\\test5\\blog\\blog.api.test\\bin\\Debug\\net7.0\\fine-code-coverage\\coverage-tool-output\\diagnostics.host.23-09-01_12-10-17_70622_7.log"}}
TpTrace Verbose: 0 : 22312, 13, 2023/09/01, 12:10:18.218, 2446689460713, vstest.console.dll, TestRunRequest:SendTestRunMessage: Starting.
TpTrace Verbose: 0 : 22312, 13, 2023/09/01, 12:10:18.218, 2446689462829, vstest.console.dll, MulticastDelegateUtilities.SafeInvoke: TestRun.LogMessages: Invoking callback 1/1 for Microsoft.VisualStudio.TestPlatform.CommandLine.TestRunResultAggregator., took 0 ms.
TpTrace Information: 0 : 22312, 13, 2023/09/01, 12:10:18.218, 2446689463477, vstest.console.dll, TestRunRequest:SendTestRunMessage: Completed.
TpTrace Verbose: 0 : 22312, 4, 2023/09/01, 12:10:18.218, 2446689463201, vstest.console.dll, MulticastDelegateUtilities.SafeInvoke: InternalTestLoggerEvents.SendTestRunMessage: Invoking callback 1/1 for Microsoft.VisualStudio.TestPlatform.CommandLine.Internal.ConsoleLogger., took 0 ms.
TpTrace Verbose: 0 : 22312, 13, 2023/09/01, 12:10:18.218, 2446689464071, vstest.console.dll, MulticastDelegateUtilities.SafeInvoke: LengthPrefixCommunicationChannel: MessageReceived: Invoking callback 1/1 for Microsoft.VisualStudio.TestPlatform.CommunicationUtilities.TestRequestSender+<>c__DisplayClass34_0., took 3 ms.
TpTrace Verbose: 0 : 22312, 13, 2023/09/01, 12:10:18.218, 2446689466204, vstest.console.dll, TcpClientExtensions.MessageLoopAsync: Polling on remoteEndPoint: 127.0.0.1:59842 localEndPoint: 127.0.0.1:59840
TpTrace Verbose: 0 : 22312, 7, 2023/09/01, 12:10:18.219, 2446689480364, vstest.console.dll, TestRequestSender.StartTestRun: Sending test run with message: {"Version":7,"MessageType":"TestExecution.StartWithSources","Payload":{"AdapterSourceMap":{"_none_":["C:\\repo_mediamonk\\test5\\blog\\blog.api.test\\bin\\Debug\\net7.0\\fine-code-coverage\\build-output\\blog.api.test.dll"]},"RunSettings":"<RunSettings>\r\n  <RunConfiguration>\r\n    <ResultsDirectory>C:\\repo_mediamonk\\test5\\blog\\blog.api.test\\bin\\Debug\\net7.0\\fine-code-coverage\\coverage-tool-output</ResultsDirectory>\r\n    <TargetFrameworkVersion>.NETCoreApp,Version=v7.0</TargetFrameworkVersion>\r\n    <DesignMode>False</DesignMode>\r\n    <CollectSourceInformation>False</CollectSourceInformation>\r\n  </RunConfiguration>\r\n  <LoggerRunSettings>\r\n    <Loggers>\r\n      <Logger friendlyName=\"blame\" enabled=\"True\" />\r\n      <Logger friendlyName=\"Console\" uri=\"logger://microsoft/TestPlatform/ConsoleLogger/v1\" assemblyQualifiedName=\"Microsoft.VisualStudio.TestPlatform.CommandLine.Internal.ConsoleLogger, vstest.console, Version=15.0.0.0, Culture=neutral, PublicKeyToken=b03f5f7f11d50a3a\" codeBase=\"C:\\Program Files\\dotnet\\sdk\\7.0.201\\vstest.console.dll\" enabled=\"True\" />\r\n    </Loggers>\r\n  </LoggerRunSettings>\r\n  <DataCollectionRunSettings>\r\n    <DataCollectors>\r\n      <DataCollector friendlyName=\"blame\" enabled=\"True\">\r\n        <Configuration>\r\n          <ResultsDirectory>C:\\repo_mediamonk\\test5\\blog\\blog.api.test\\bin\\Debug\\net7.0\\fine-code-coverage\\coverage-tool-output</ResultsDirectory>\r\n        </Configuration>\r\n      </DataCollector>\r\n    </DataCollectors>\r\n  </DataCollectionRunSettings>\r\n</RunSettings>","TestExecutionContext":{"FrequencyOfRunStatsChangeEvent":10,"RunStatsChangeEventTimeout":"00:00:01.5000000","InIsolation":false,"KeepAlive":false,"AreTestCaseLevelEventsRequired":false,"IsDebug":false,"TestCaseFilter":null,"FilterOptions":null},"Package":null}}
TpTrace Verbose: 0 : 22312, 13, 2023/09/01, 12:10:18.390, 2446691184449, vstest.console.dll, TcpClientExtensions.MessageLoopAsync: NotifyDataAvailable remoteEndPoint: 127.0.0.1:59842 localEndPoint: 127.0.0.1:59840
TpTrace Verbose: 0 : 22312, 13, 2023/09/01, 12:10:18.390, 2446691186206, vstest.console.dll, TestRequestSender.OnExecutionMessageReceived: Received message: {"Version":7,"MessageType":"TestSession.Message","Payload":{"MessageLevel":0,"Message":"NUnit Adapter 4.3.0.0: Test execution started"}}
TpTrace Verbose: 0 : 22312, 13, 2023/09/01, 12:10:18.390, 2446691189539, vstest.console.dll, TestRunRequest:SendTestRunMessage: Starting.
TpTrace Verbose: 0 : 22312, 13, 2023/09/01, 12:10:18.391, 2446691190449, vstest.console.dll, MulticastDelegateUtilities.SafeInvoke: TestRun.LogMessages: Invoking callback 1/1 for Microsoft.VisualStudio.TestPlatform.CommandLine.TestRunResultAggregator., took 0 ms.
TpTrace Information: 0 : 22312, 13, 2023/09/01, 12:10:18.391, 2446691190926, vstest.console.dll, TestRunRequest:SendTestRunMessage: Completed.
TpTrace Verbose: 0 : 22312, 4, 2023/09/01, 12:10:18.391, 2446691191172, vstest.console.dll, MulticastDelegateUtilities.SafeInvoke: InternalTestLoggerEvents.SendTestRunMessage: Invoking callback 1/1 for Microsoft.VisualStudio.TestPlatform.CommandLine.Internal.ConsoleLogger., took 0 ms.
TpTrace Verbose: 0 : 22312, 13, 2023/09/01, 12:10:18.391, 2446691191374, vstest.console.dll, MulticastDelegateUtilities.SafeInvoke: LengthPrefixCommunicationChannel: MessageReceived: Invoking callback 1/1 for Microsoft.VisualStudio.TestPlatform.CommunicationUtilities.TestRequestSender+<>c__DisplayClass34_0., took 0 ms.
TpTrace Verbose: 0 : 22312, 13, 2023/09/01, 12:10:18.391, 2446691193152, vstest.console.dll, TcpClientExtensions.MessageLoopAsync: Polling on remoteEndPoint: 127.0.0.1:59842 localEndPoint: 127.0.0.1:59840
TpTrace Verbose: 0 : 22312, 13, 2023/09/01, 12:10:18.423, 2446691516538, vstest.console.dll, TcpClientExtensions.MessageLoopAsync: NotifyDataAvailable remoteEndPoint: 127.0.0.1:59842 localEndPoint: 127.0.0.1:59840
TpTrace Verbose: 0 : 22312, 13, 2023/09/01, 12:10:18.423, 2446691518745, vstest.console.dll, TestRequestSender.OnExecutionMessageReceived: Received message: {"Version":7,"MessageType":"TestSession.Message","Payload":{"MessageLevel":0,"Message":"Running all tests in C:\\repo_mediamonk\\test5\\blog\\blog.api.test\\bin\\Debug\\net7.0\\fine-code-coverage\\build-output\\blog.api.test.dll"}}
TpTrace Verbose: 0 : 22312, 13, 2023/09/01, 12:10:18.424, 2446691520698, vstest.console.dll, TestRunRequest:SendTestRunMessage: Starting.
TpTrace Verbose: 0 : 22312, 13, 2023/09/01, 12:10:18.424, 2446691521896, vstest.console.dll, MulticastDelegateUtilities.SafeInvoke: TestRun.LogMessages: Invoking callback 1/1 for Microsoft.VisualStudio.TestPlatform.CommandLine.TestRunResultAggregator., took 0 ms.
TpTrace Information: 0 : 22312, 13, 2023/09/01, 12:10:18.424, 2446691523000, vstest.console.dll, TestRunRequest:SendTestRunMessage: Completed.
TpTrace Verbose: 0 : 22312, 13, 2023/09/01, 12:10:18.424, 2446691523934, vstest.console.dll, MulticastDelegateUtilities.SafeInvoke: LengthPrefixCommunicationChannel: MessageReceived: Invoking callback 1/1 for Microsoft.VisualStudio.TestPlatform.CommunicationUtilities.TestRequestSender+<>c__DisplayClass34_0., took 0 ms.
TpTrace Verbose: 0 : 22312, 13, 2023/09/01, 12:10:18.424, 2446691524639, vstest.console.dll, TcpClientExtensions.MessageLoopAsync: Polling on remoteEndPoint: 127.0.0.1:59842 localEndPoint: 127.0.0.1:59840
TpTrace Verbose: 0 : 22312, 4, 2023/09/01, 12:10:18.424, 2446691522493, vstest.console.dll, MulticastDelegateUtilities.SafeInvoke: InternalTestLoggerEvents.SendTestRunMessage: Invoking callback 1/1 for Microsoft.VisualStudio.TestPlatform.CommandLine.Internal.ConsoleLogger., took 0 ms.
TpTrace Verbose: 0 : 22312, 13, 2023/09/01, 12:10:18.581, 2446693098439, vstest.console.dll, TcpClientExtensions.MessageLoopAsync: NotifyDataAvailable remoteEndPoint: 127.0.0.1:59842 localEndPoint: 127.0.0.1:59840
TpTrace Verbose: 0 : 22312, 13, 2023/09/01, 12:10:18.581, 2446693100033, vstest.console.dll, TestRequestSender.OnExecutionMessageReceived: Received message: {"Version":7,"MessageType":"TestSession.Message","Payload":{"MessageLevel":0,"Message":"   NUnit3TestExecutor discovered 98 of 98 NUnit test cases using Current Discovery mode, Non-Explicit run"}}
TpTrace Verbose: 0 : 22312, 13, 2023/09/01, 12:10:18.582, 2446693101152, vstest.console.dll, TestRunRequest:SendTestRunMessage: Starting.
TpTrace Verbose: 0 : 22312, 13, 2023/09/01, 12:10:18.582, 2446693101817, vstest.console.dll, MulticastDelegateUtilities.SafeInvoke: TestRun.LogMessages: Invoking callback 1/1 for Microsoft.VisualStudio.TestPlatform.CommandLine.TestRunResultAggregator., took 0 ms.
TpTrace Information: 0 : 22312, 13, 2023/09/01, 12:10:18.582, 2446693102188, vstest.console.dll, TestRunRequest:SendTestRunMessage: Completed.
TpTrace Verbose: 0 : 22312, 4, 2023/09/01, 12:10:18.582, 2446693102450, vstest.console.dll, MulticastDelegateUtilities.SafeInvoke: InternalTestLoggerEvents.SendTestRunMessage: Invoking callback 1/1 for Microsoft.VisualStudio.TestPlatform.CommandLine.Internal.ConsoleLogger., took 0 ms.
TpTrace Verbose: 0 : 22312, 13, 2023/09/01, 12:10:18.582, 2446693102531, vstest.console.dll, MulticastDelegateUtilities.SafeInvoke: LengthPrefixCommunicationChannel: MessageReceived: Invoking callback 1/1 for Microsoft.VisualStudio.TestPlatform.CommunicationUtilities.TestRequestSender+<>c__DisplayClass34_0., took 0 ms.
TpTrace Verbose: 0 : 22312, 13, 2023/09/01, 12:10:18.582, 2446693103988, vstest.console.dll, TcpClientExtensions.MessageLoopAsync: Polling on remoteEndPoint: 127.0.0.1:59842 localEndPoint: 127.0.0.1:59840
TpTrace Verbose: 0 : 22312, 13, 2023/09/01, 12:10:18.924, 2446696526440, vstest.console.dll, TcpClientExtensions.MessageLoopAsync: NotifyDataAvailable remoteEndPoint: 127.0.0.1:59842 localEndPoint: 127.0.0.1:59840
TpTrace Verbose: 0 : 22312, 13, 2023/09/01, 12:10:18.925, 2446696532313, vstest.console.dll, TestRequestSender.OnExecutionMessageReceived: Received message: {"Version":7,"MessageType":"TestExecution.StatsChange","Payload":{"NewTestResults":[{"TestCase":{"Id":"c75811cd-c9a4-88c0-39e4-fa5c828a4dc6","FullyQualifiedName":"blog.api.test.AuthorizationFilterTest.AuthorizeFilterAuthenticationAnonymousAttributeMethod","DisplayName":"AuthorizeFilterAuthenticationAnonymousAttributeMethod","ExecutorUri":"executor://NUnit3TestExecutor","Source":"C:\\repo_mediamonk\\test5\\blog\\blog.api.test\\bin\\Debug\\net7.0\\fine-code-coverage\\build-output\\blog.api.test.dll","CodeFilePath":null,"LineNumber":0,"Properties":[{"Key":{"Id":"NUnit.Seed","Label":"Seed","Category":"","Description":"","Attributes":0,"ValueType":"System.String"},"Value":"417152385"}]},"Attachments":[],"Outcome":1,"ErrorMessage":null,"ErrorStackTrace":null,"DisplayName":"AuthorizeFilterAuthenticationAnonymousAttributeMethod","Messages":[],"ComputerName":"ALK-10JV9X2","Duration":"00:00:00.0380940","StartTime":"2023-09-01T15:10:18.6145444+00:00","EndTime":"2023-09-01T15:10:18.6524607+00:00","Properties":[{"Key":{"Id":"NUnit.Seed","Label":"Seed","Category":"","Description":"","Attributes":0,"ValueType":"System.String"},"Value":"417152385"}]},{"TestCase":{"Id":"7ab3f54b-e8ce-5ada-5757-c918cf590c12","FullyQualifiedName":"blog.api.test.AuthorizationFilterTest.AuthorizeFilterAuthenticationExceptionNoHeader","DisplayName":"AuthorizeFilterAuthenticationExceptionNoHeader","ExecutorUri":"executor://NUnit3TestExecutor","Source":"C:\\repo_mediamonk\\test5\\blog\\blog.api.test\\bin\\Debug\\net7.0\\fine-code-coverage\\build-output\\blog.api.test.dll","CodeFilePath":null,"LineNumber":0,"Properties":[{"Key":{"Id":"NUnit.Seed","Label":"Seed","Category":"","Description":"","Attributes":0,"ValueType":"System.String"},"Value":"83206164"}]},"Attachments":[],"Outcome":1,"ErrorMessage":null,"ErrorStackTrace":null,"DisplayName":"AuthorizeFilterAuthenticationExceptionNoHeader","Messages":[],"ComputerName":"ALK-10JV9X2","Duration":"00:00:00.0269720","StartTime":"2023-09-01T15:10:18.6562165+00:00","EndTime":"2023-09-01T15:10:18.6831884+00:00","Properties":[{"Key":{"Id":"NUnit.Seed","Label":"Seed","Category":"","Description":"","Attributes":0,"ValueType":"System.String"},"Value":"83206164"}]},{"TestCase":{"Id":"dbe428dd-59af-ad0b-b3a0-9437c50b5ad0","FullyQualifiedName":"blog.api.test.AuthorizationFilterTest.AuthorizeFilterAuthenticationRequestHasInvalidCredential","DisplayName":"AuthorizeFilterAuthenticationRequestHasInvalidCredential","ExecutorUri":"executor://NUnit3TestExecutor","Source":"C:\\repo_mediamonk\\test5\\blog\\blog.api.test\\bin\\Debug\\net7.0\\fine-code-coverage\\build-output\\blog.api.test.dll","CodeFilePath":null,"LineNumber":0,"Properties":[{"Key":{"Id":"NUnit.Seed","Label":"Seed","Category":"","Description":"","Attributes":0,"ValueType":"System.String"},"Value":"37548615"}]},"Attachments":[],"Outcome":1,"ErrorMessage":null,"ErrorStackTrace":null,"DisplayName":"AuthorizeFilterAuthenticationRequestHasInvalidCredential","Messages":[],"ComputerName":"ALK-10JV9X2","Duration":"00:00:00.1221090","StartTime":"2023-09-01T15:10:18.6832953+00:00","EndTime":"2023-09-01T15:10:18.805404+00:00","Properties":[{"Key":{"Id":"NUnit.Seed","Label":"Seed","Category":"","Description":"","Attributes":0,"ValueType":"System.String"},"Value":"37548615"}]},{"TestCase":{"Id":"37e5cdc2-245b-4665-846c-a8ea7bbdf023","FullyQualifiedName":"blog.api.test.AuthorizationFilterTest.AuthorizeFilterAuthenticationRequestHasPermissionFail","DisplayName":"AuthorizeFilterAuthenticationRequestHasPermissionFail","ExecutorUri":"executor://NUnit3TestExecutor","Source":"C:\\repo_mediamonk\\test5\\blog\\blog.api.test\\bin\\Debug\\net7.0\\fine-code-coverage\\build-output\\blog.api.test.dll","CodeFilePath":null,"LineNumber":0,"Properties":[{"Key":{"Id":"NUnit.Seed","Label":"Seed","Category":"","Description":"","Attributes":0,"ValueType":"System.String"},"Value":"9065346"}]},"Attachments":[],"Outcome":1,"ErrorMessage":null,"ErrorStackTrace":null,"DisplayName":"AuthorizeFilterAuthenticationRequestHasPermissionFail","Messages":[],"ComputerName":"ALK-10JV9X2","Duration":"00:00:00.0151760","StartTime":"2023-09-01T15:10:18.8054397+00:00","EndTime":"2023-09-01T15:10:18.8206143+00:00","Properties":[{"Key":{"Id":"NUnit.Seed","Label":"Seed","Category":"","Description":"","Attributes":0,"ValueType":"System.String"},"Value":"9065346"}]},{"TestCase":{"Id":"ad1e19d0-877f-5f5e-0c8c-720a8515daeb","FullyQualifiedName":"blog.api.test.AuthorizationFilterTest.AuthorizeFilterAuthenticationRequestHasPermissionSuccess","DisplayName":"AuthorizeFilterAuthenticationRequestHasPermissionSuccess","ExecutorUri":"executor://NUnit3TestExecutor","Source":"C:\\repo_mediamonk\\test5\\blog\\blog.api.test\\bin\\Debug\\net7.0\\fine-code-coverage\\build-output\\blog.api.test.dll","CodeFilePath":null,"LineNumber":0,"Properties":[{"Key":{"Id":"NUnit.Seed","Label":"Seed","Category":"","Description":"","Attributes":0,"ValueType":"System.String"},"Value":"534519865"}]},"Attachments":[],"Outcome":1,"ErrorMessage":null,"ErrorStackTrace":null,"DisplayName":"AuthorizeFilterAuthenticationRequestHasPermissionSuccess","Messages":[],"ComputerName":"ALK-10JV9X2","Duration":"00:00:00.0082190","StartTime":"2023-09-01T15:10:18.8206586+00:00","EndTime":"2023-09-01T15:10:18.8288765+00:00","Properties":[{"Key":{"Id":"NUnit.Seed","Label":"Seed","Category":"","Description":"","Attributes":0,"ValueType":"System.String"},"Value":"534519865"}]},{"TestCase":{"Id":"4fc9e91e-555b-a82f-ec9b-b3d70166052c","FullyQualifiedName":"blog.api.test.AuthorizationFilterTest.AuthorizeFilterAuthenticationUserFound","DisplayName":"AuthorizeFilterAuthenticationUserFound","ExecutorUri":"executor://NUnit3TestExecutor","Source":"C:\\repo_mediamonk\\test5\\blog\\blog.api.test\\bin\\Debug\\net7.0\\fine-code-coverage\\build-output\\blog.api.test.dll","CodeFilePath":null,"LineNumber":0,"Properties":[{"Key":{"Id":"NUnit.Seed","Label":"Seed","Category":"","Description":"","Attributes":0,"ValueType":"System.String"},"Value":"481030417"}]},"Attachments":[],"Outcome":1,"ErrorMessage":null,"ErrorStackTrace":null,"DisplayName":"AuthorizeFilterAuthenticationUserFound","Messages":[],"ComputerName":"ALK-10JV9X2","Duration":"00:00:00.0021210","StartTime":"2023-09-01T15:10:18.8289146+00:00","EndTime":"2023-09-01T15:10:18.8310352+00:00","Properties":[{"Key":{"Id":"NUnit.Seed","Label":"Seed","Category":"","Description":"","Attributes":0,"ValueType":"System.String"},"Value":"481030417"}]},{"TestCase":{"Id":"5fbaf80a-59f1-e3a6-1459-5a4f1d00e40e","FullyQualifiedName":"blog.api.test.AuthorizationFilterTest.AuthorizeFilterAuthenticationUserNotFound","DisplayName":"AuthorizeFilterAuthenticationUserNotFound","ExecutorUri":"executor://NUnit3TestExecutor","Source":"C:\\repo_mediamonk\\test5\\blog\\blog.api.test\\bin\\Debug\\net7.0\\fine-code-coverage\\build-output\\blog.api.test.dll","CodeFilePath":null,"LineNumber":0,"Properties":[{"Key":{"Id":"NUnit.Seed","Label":"Seed","Category":"","Description":"","Attributes":0,"ValueType":"System.String"},"Value":"365798490"}]},"Attachments":[],"Outcome":1,"ErrorMessage":null,"ErrorStackTrace":null,"DisplayName":"AuthorizeFilterAuthenticationUserNotFound","Messages":[],"ComputerName":"ALK-10JV9X2","Duration":"00:00:00.0033400","StartTime":"2023-09-01T15:10:18.8310652+00:00","EndTime":"2023-09-01T15:10:18.8344043+00:00","Properties":[{"Key":{"Id":"NUnit.Seed","Label":"Seed","Category":"","Description":"","Attributes":0,"ValueType":"System.String"},"Value":"365798490"}]},{"TestCase":{"Id":"143cd4dd-b802-3fe2-e567-c0cd7285c43c","FullyQualifiedName":"blog.api.test.MapTest.TestShouldMapCommentInputToCommentDB","DisplayName":"TestShouldMapCommentInputToCommentDB","ExecutorUri":"executor://NUnit3TestExecutor","Source":"C:\\repo_mediamonk\\test5\\blog\\blog.api.test\\bin\\Debug\\net7.0\\fine-code-coverage\\build-output\\blog.api.test.dll","CodeFilePath":null,"LineNumber":0,"Properties":[{"Key":{"Id":"NUnit.Seed","Label":"Seed","Category":"","Description":"","Attributes":0,"ValueType":"System.String"},"Value":"68742957"}]},"Attachments":[],"Outcome":1,"ErrorMessage":null,"ErrorStackTrace":null,"DisplayName":"TestShouldMapCommentInputToCommentDB","Messages":[],"ComputerName":"ALK-10JV9X2","Duration":"00:00:00.0086910","StartTime":"2023-09-01T15:10:18.8384129+00:00","EndTime":"2023-09-01T15:10:18.8471031+00:00","Properties":[{"Key":{"Id":"NUnit.Seed","Label":"Seed","Category":"","Description":"","Attributes":0,"ValueType":"System.String"},"Value":"68742957"}]},{"TestCase":{"Id":"688f3f3a-45bf-38b2-dcdc-aa6837882f18","FullyQualifiedName":"blog.api.test.MapTest.TestShouldMapPostInputToPostDB","DisplayName":"TestShouldMapPostInputToPostDB","ExecutorUri":"executor://NUnit3TestExecutor","Source":"C:\\repo_mediamonk\\test5\\blog\\blog.api.test\\bin\\Debug\\net7.0\\fine-code-coverage\\build-output\\blog.api.test.dll","CodeFilePath":null,"LineNumber":0,"Properties":[{"Key":{"Id":"NUnit.Seed","Label":"Seed","Category":"","Description":"","Attributes":0,"ValueType":"System.String"},"Value":"861158908"}]},"Attachments":[],"Outcome":1,"ErrorMessage":null,"ErrorStackTrace":null,"DisplayName":"TestShouldMapPostInputToPostDB","Messages":[],"ComputerName":"ALK-10JV9X2","Duration":"00:00:00.0046070","StartTime":"2023-09-01T15:10:18.8471468+00:00","EndTime":"2023-09-01T15:10:18.8517534+00:00","Properties":[{"Key":{"Id":"NUnit.Seed","Label":"Seed","Category":"","Description":"","Attributes":0,"ValueType":"System.String"},"Value":"861158908"}]}],"TestRunStatistics":{"ExecutedTests":9,"Stats":{"Passed":9}},"ActiveTests":[{"Id":"be72fa67-943f-c3d5-be57-3eb05ab7d5cd","FullyQualifiedName":"blog.api.test.ModelTest.ErrorMessageModel","DisplayName":"ErrorMessageModel","ExecutorUri":"executor://NUnit3TestExecutor","Source":"C:\\repo_mediamonk\\test5\\blog\\blog.api.test\\bin\\Debug\\net7.0\\fine-code-coverage\\build-output\\blog.api.test.dll","CodeFilePath":null,"LineNumber":0,"Properties":[{"Key":{"Id":"NUnit.Seed","Label":"Seed","Category":"","Description":"","Attributes":0,"ValueType":"System.String"},"Value":"2099127232"}]}]}}
TpTrace Verbose: 0 : 22312, 13, 2023/09/01, 12:10:18.975, 2446697038578, vstest.console.dll, TestRunRequest:SendTestRunStatsChange: Starting.
TpTrace Verbose: 0 : 22312, 13, 2023/09/01, 12:10:18.976, 2446697043685, vstest.console.dll, InProgress is ErrorMessageModel
TpTrace Verbose: 0 : 22312, 13, 2023/09/01, 12:10:18.977, 2446697051262, vstest.console.dll, MulticastDelegateUtilities.SafeInvoke: TestRun.RunStatsChanged: Invoking callbacks was skipped because there are no subscribers.
TpTrace Information: 0 : 22312, 13, 2023/09/01, 12:10:18.977, 2446697052306, vstest.console.dll, TestRunRequest:SendTestRunStatsChange: Completed.
TpTrace Verbose: 0 : 22312, 13, 2023/09/01, 12:10:18.977, 2446697053219, vstest.console.dll, MulticastDelegateUtilities.SafeInvoke: LengthPrefixCommunicationChannel: MessageReceived: Invoking callback 1/1 for Microsoft.VisualStudio.TestPlatform.CommunicationUtilities.TestRequestSender+<>c__DisplayClass34_0., took 52 ms.
TpTrace Verbose: 0 : 22312, 13, 2023/09/01, 12:10:18.977, 2446697054201, vstest.console.dll, TcpClientExtensions.MessageLoopAsync: Polling on remoteEndPoint: 127.0.0.1:59842 localEndPoint: 127.0.0.1:59840
TpTrace Verbose: 0 : 22312, 4, 2023/09/01, 12:10:18.980, 2446697084140, vstest.console.dll, MulticastDelegateUtilities.SafeInvoke: InternalTestLoggerEvents.SendTestResult: Invoking callback 1/1 for Microsoft.VisualStudio.TestPlatform.CommandLine.Internal.ConsoleLogger., took 3 ms.
TpTrace Verbose: 0 : 22312, 4, 2023/09/01, 12:10:18.980, 2446697089391, vstest.console.dll, MulticastDelegateUtilities.SafeInvoke: InternalTestLoggerEvents.SendTestResult: Invoking callback 1/1 for Microsoft.VisualStudio.TestPlatform.CommandLine.Internal.ConsoleLogger., took 0 ms.
TpTrace Verbose: 0 : 22312, 4, 2023/09/01, 12:10:18.981, 2446697090866, vstest.console.dll, MulticastDelegateUtilities.SafeInvoke: InternalTestLoggerEvents.SendTestResult: Invoking callback 1/1 for Microsoft.VisualStudio.TestPlatform.CommandLine.Internal.ConsoleLogger., took 0 ms.
TpTrace Verbose: 0 : 22312, 4, 2023/09/01, 12:10:18.981, 2446697091705, vstest.console.dll, MulticastDelegateUtilities.SafeInvoke: InternalTestLoggerEvents.SendTestResult: Invoking callback 1/1 for Microsoft.VisualStudio.TestPlatform.CommandLine.Internal.ConsoleLogger., took 0 ms.
TpTrace Verbose: 0 : 22312, 4, 2023/09/01, 12:10:18.981, 2446697092463, vstest.console.dll, MulticastDelegateUtilities.SafeInvoke: InternalTestLoggerEvents.SendTestResult: Invoking callback 1/1 for Microsoft.VisualStudio.TestPlatform.CommandLine.Internal.ConsoleLogger., took 0 ms.
TpTrace Verbose: 0 : 22312, 4, 2023/09/01, 12:10:18.981, 2446697093144, vstest.console.dll, MulticastDelegateUtilities.SafeInvoke: InternalTestLoggerEvents.SendTestResult: Invoking callback 1/1 for Microsoft.VisualStudio.TestPlatform.CommandLine.Internal.ConsoleLogger., took 0 ms.
TpTrace Verbose: 0 : 22312, 4, 2023/09/01, 12:10:18.981, 2446697093812, vstest.console.dll, MulticastDelegateUtilities.SafeInvoke: InternalTestLoggerEvents.SendTestResult: Invoking callback 1/1 for Microsoft.VisualStudio.TestPlatform.CommandLine.Internal.ConsoleLogger., took 0 ms.
TpTrace Verbose: 0 : 22312, 4, 2023/09/01, 12:10:18.981, 2446697094480, vstest.console.dll, MulticastDelegateUtilities.SafeInvoke: InternalTestLoggerEvents.SendTestResult: Invoking callback 1/1 for Microsoft.VisualStudio.TestPlatform.CommandLine.Internal.ConsoleLogger., took 0 ms.
TpTrace Verbose: 0 : 22312, 4, 2023/09/01, 12:10:18.981, 2446697095135, vstest.console.dll, MulticastDelegateUtilities.SafeInvoke: InternalTestLoggerEvents.SendTestResult: Invoking callback 1/1 for Microsoft.VisualStudio.TestPlatform.CommandLine.Internal.ConsoleLogger., took 0 ms.
TpTrace Verbose: 0 : 22312, 13, 2023/09/01, 12:10:19.982, 2446707101088, vstest.console.dll, TcpClientExtensions.MessageLoopAsync: Polling on remoteEndPoint: 127.0.0.1:59842 localEndPoint: 127.0.0.1:59840
TpTrace Verbose: 0 : 22312, 13, 2023/09/01, 12:10:20.072, 2446708008544, vstest.console.dll, TcpClientExtensions.MessageLoopAsync: NotifyDataAvailable remoteEndPoint: 127.0.0.1:59842 localEndPoint: 127.0.0.1:59840
TpTrace Verbose: 0 : 22312, 13, 2023/09/01, 12:10:20.073, 2446708011173, vstest.console.dll, TestRequestSender.OnExecutionMessageReceived: Received message: {"Version":7,"MessageType":"TestExecution.StatsChange","Payload":{"NewTestResults":[{"TestCase":{"Id":"be72fa67-943f-c3d5-be57-3eb05ab7d5cd","FullyQualifiedName":"blog.api.test.ModelTest.ErrorMessageModel","DisplayName":"ErrorMessageModel","ExecutorUri":"executor://NUnit3TestExecutor","Source":"C:\\repo_mediamonk\\test5\\blog\\blog.api.test\\bin\\Debug\\net7.0\\fine-code-coverage\\build-output\\blog.api.test.dll","CodeFilePath":null,"LineNumber":0,"Properties":[{"Key":{"Id":"NUnit.Seed","Label":"Seed","Category":"","Description":"","Attributes":0,"ValueType":"System.String"},"Value":"2099127232"}]},"Attachments":[],"Outcome":1,"ErrorMessage":null,"ErrorStackTrace":null,"DisplayName":"ErrorMessageModel","Messages":[],"ComputerName":"ALK-10JV9X2","Duration":"00:00:00.0006040","StartTime":"2023-09-01T15:10:18.8523077+00:00","EndTime":"2023-09-01T15:10:18.8529117+00:00","Properties":[{"Key":{"Id":"NUnit.Seed","Label":"Seed","Category":"","Description":"","Attributes":0,"ValueType":"System.String"},"Value":"2099127232"}]},{"TestCase":{"Id":"25c7f25d-0e90-4ab6-2d4b-c6cf11b1cdee","FullyQualifiedName":"blog.api.test.ModelTest.PostDBModel","DisplayName":"PostDBModel","ExecutorUri":"executor://NUnit3TestExecutor","Source":"C:\\repo_mediamonk\\test5\\blog\\blog.api.test\\bin\\Debug\\net7.0\\fine-code-coverage\\build-output\\blog.api.test.dll","CodeFilePath":null,"LineNumber":0,"Properties":[{"Key":{"Id":"NUnit.Seed","Label":"Seed","Category":"","Description":"","Attributes":0,"ValueType":"System.String"},"Value":"234666964"}]},"Attachments":[],"Outcome":1,"ErrorMessage":null,"ErrorStackTrace":null,"DisplayName":"PostDBModel","Messages":[],"ComputerName":"ALK-10JV9X2","Duration":"00:00:00.0028960","StartTime":"2023-09-01T15:10:18.8530158+00:00","EndTime":"2023-09-01T15:10:18.8559117+00:00","Properties":[{"Key":{"Id":"NUnit.Seed","Label":"Seed","Category":"","Description":"","Attributes":0,"ValueType":"System.String"},"Value":"234666964"}]},{"TestCase":{"Id":"147a8b89-d25b-d0ae-7a6e-41a0757287e6","FullyQualifiedName":"blog.api.test.ModelTest.PostInputModel","DisplayName":"PostInputModel","ExecutorUri":"executor://NUnit3TestExecutor","Source":"C:\\repo_mediamonk\\test5\\blog\\blog.api.test\\bin\\Debug\\net7.0\\fine-code-coverage\\build-output\\blog.api.test.dll","CodeFilePath":null,"LineNumber":0,"Properties":[{"Key":{"Id":"NUnit.Seed","Label":"Seed","Category":"","Description":"","Attributes":0,"ValueType":"System.String"},"Value":"1627370433"}]},"Attachments":[],"Outcome":1,"ErrorMessage":null,"ErrorStackTrace":null,"DisplayName":"PostInputModel","Messages":[],"ComputerName":"ALK-10JV9X2","Duration":"00:00:00.0011090","StartTime":"2023-09-01T15:10:18.8559594+00:00","EndTime":"2023-09-01T15:10:18.8570681+00:00","Properties":[{"Key":{"Id":"NUnit.Seed","Label":"Seed","Category":"","Description":"","Attributes":0,"ValueType":"System.String"},"Value":"1627370433"}]},{"TestCase":{"Id":"6afe75cc-df79-3717-b7a8-9bdb2106c20b","FullyQualifiedName":"blog.api.test.ModelTest.UserModel","DisplayName":"UserModel","ExecutorUri":"executor://NUnit3TestExecutor","Source":"C:\\repo_mediamonk\\test5\\blog\\blog.api.test\\bin\\Debug\\net7.0\\fine-code-coverage\\build-output\\blog.api.test.dll","CodeFilePath":null,"LineNumber":0,"Properties":[{"Key":{"Id":"NUnit.Seed","Label":"Seed","Category":"","Description":"","Attributes":0,"ValueType":"System.String"},"Value":"315733075"}]},"Attachments":[],"Outcome":1,"ErrorMessage":null,"ErrorStackTrace":null,"DisplayName":"UserModel","Messages":[],"ComputerName":"ALK-10JV9X2","Duration":"00:00:00.0022070","StartTime":"2023-09-01T15:10:18.8572057+00:00","EndTime":"2023-09-01T15:10:18.8594116+00:00","Properties":[{"Key":{"Id":"NUnit.Seed","Label":"Seed","Category":"","Description":"","Attributes":0,"ValueType":"System.String"},"Value":"315733075"}]},{"TestCase":{"Id":"1e8786c1-b6c9-4f6b-4f29-ec6b87636b36","FullyQualifiedName":"blog.api.test.PostControllerTest.AddPostFail","DisplayName":"AddPostFail","ExecutorUri":"executor://NUnit3TestExecutor","Source":"C:\\repo_mediamonk\\test5\\blog\\blog.api.test\\bin\\Debug\\net7.0\\fine-code-coverage\\build-output\\blog.api.test.dll","CodeFilePath":null,"LineNumber":0,"Properties":[{"Key":{"Id":"NUnit.Seed","Label":"Seed","Category":"","Description":"","Attributes":0,"ValueType":"System.String"},"Value":"1897741945"}]},"Attachments":[],"Outcome":1,"ErrorMessage":null,"ErrorStackTrace":null,"DisplayName":"AddPostFail","Messages":[],"ComputerName":"ALK-10JV9X2","Duration":"00:00:00.0338400","StartTime":"2023-09-01T15:10:18.8597201+00:00","EndTime":"2023-09-01T15:10:18.8935591+00:00","Properties":[{"Key":{"Id":"NUnit.Seed","Label":"Seed","Category":"","Description":"","Attributes":0,"ValueType":"System.String"},"Value":"1897741945"}]},{"TestCase":{"Id":"7e25ba96-b1e2-d747-15e2-8bbacdb20327","FullyQualifiedName":"blog.api.test.PostControllerTest.AddPostSuccess","DisplayName":"AddPostSuccess","ExecutorUri":"executor://NUnit3TestExecutor","Source":"C:\\repo_mediamonk\\test5\\blog\\blog.api.test\\bin\\Debug\\net7.0\\fine-code-coverage\\build-output\\blog.api.test.dll","CodeFilePath":null,"LineNumber":0,"Properties":[{"Key":{"Id":"NUnit.Seed","Label":"Seed","Category":"","Description":"","Attributes":0,"ValueType":"System.String"},"Value":"1263628840"}]},"Attachments":[],"Outcome":1,"ErrorMessage":null,"ErrorStackTrace":null,"DisplayName":"AddPostSuccess","Messages":[],"ComputerName":"ALK-10JV9X2","Duration":"00:00:00.8627700","StartTime":"2023-09-01T15:10:18.8936022+00:00","EndTime":"2023-09-01T15:10:19.7563724+00:00","Properties":[{"Key":{"Id":"NUnit.Seed","Label":"Seed","Category":"","Description":"","Attributes":0,"ValueType":"System.String"},"Value":"1263628840"}]},{"TestCase":{"Id":"4666cf58-3393-8966-3dc7-413d1bc64fe8","FullyQualifiedName":"blog.api.test.PostControllerTest.ApprovePostFail","DisplayName":"ApprovePostFail","ExecutorUri":"executor://NUnit3TestExecutor","Source":"C:\\repo_mediamonk\\test5\\blog\\blog.api.test\\bin\\Debug\\net7.0\\fine-code-coverage\\build-output\\blog.api.test.dll","CodeFilePath":null,"LineNumber":0,"Properties":[{"Key":{"Id":"NUnit.Seed","Label":"Seed","Category":"","Description":"","Attributes":0,"ValueType":"System.String"},"Value":"2138449183"}]},"Attachments":[],"Outcome":1,"ErrorMessage":null,"ErrorStackTrace":null,"DisplayName":"ApprovePostFail","Messages":[],"ComputerName":"ALK-10JV9X2","Duration":"00:00:00.2908100","StartTime":"2023-09-01T15:10:19.7564024+00:00","EndTime":"2023-09-01T15:10:20.0472117+00:00","Properties":[{"Key":{"Id":"NUnit.Seed","Label":"Seed","Category":"","Description":"","Attributes":0,"ValueType":"System.String"},"Value":"2138449183"}]},{"TestCase":{"Id":"ab03b312-aafe-a28c-fc4c-6937510bd97b","FullyQualifiedName":"blog.api.test.PostControllerTest.ApprovePostSuccess","DisplayName":"ApprovePostSuccess","ExecutorUri":"executor://NUnit3TestExecutor","Source":"C:\\repo_mediamonk\\test5\\blog\\blog.api.test\\bin\\Debug\\net7.0\\fine-code-coverage\\build-output\\blog.api.test.dll","CodeFilePath":null,"LineNumber":0,"Properties":[{"Key":{"Id":"NUnit.Seed","Label":"Seed","Category":"","Description":"","Attributes":0,"ValueType":"System.String"},"Value":"1252927817"}]},"Attachments":[],"Outcome":1,"ErrorMessage":null,"ErrorStackTrace":null,"DisplayName":"ApprovePostSuccess","Messages":[],"ComputerName":"ALK-10JV9X2","Duration":"00:00:00.0184960","StartTime":"2023-09-01T15:10:20.0472466+00:00","EndTime":"2023-09-01T15:10:20.0657419+00:00","Properties":[{"Key":{"Id":"NUnit.Seed","Label":"Seed","Category":"","Description":"","Attributes":0,"ValueType":"System.String"},"Value":"1252927817"}]},{"TestCase":{"Id":"dcf36c30-8f42-7a40-ee8c-6ee44b991240","FullyQualifiedName":"blog.api.test.PostControllerTest.CommentPostFail","DisplayName":"CommentPostFail","ExecutorUri":"executor://NUnit3TestExecutor","Source":"C:\\repo_mediamonk\\test5\\blog\\blog.api.test\\bin\\Debug\\net7.0\\fine-code-coverage\\build-output\\blog.api.test.dll","CodeFilePath":null,"LineNumber":0,"Properties":[{"Key":{"Id":"NUnit.Seed","Label":"Seed","Category":"","Description":"","Attributes":0,"ValueType":"System.String"},"Value":"280844484"}]},"Attachments":[],"Outcome":1,"ErrorMessage":null,"ErrorStackTrace":null,"DisplayName":"CommentPostFail","Messages":[],"ComputerName":"ALK-10JV9X2","Duration":"00:00:00.0040000","StartTime":"2023-09-01T15:10:20.0657774+00:00","EndTime":"2023-09-01T15:10:20.0697768+00:00","Properties":[{"Key":{"Id":"NUnit.Seed","Label":"Seed","Category":"","Description":"","Attributes":0,"ValueType":"System.String"},"Value":"280844484"}]}],"TestRunStatistics":{"ExecutedTests":18,"Stats":{"Passed":18}},"ActiveTests":[{"Id":"fe900ffa-87b3-1c68-55ad-be7827da6cdc","FullyQualifiedName":"blog.api.test.PostControllerTest.CommentPostSuccess","DisplayName":"CommentPostSuccess","ExecutorUri":"executor://NUnit3TestExecutor","Source":"C:\\repo_mediamonk\\test5\\blog\\blog.api.test\\bin\\Debug\\net7.0\\fine-code-coverage\\build-output\\blog.api.test.dll","CodeFilePath":null,"LineNumber":0,"Properties":[{"Key":{"Id":"NUnit.Seed","Label":"Seed","Category":"","Description":"","Attributes":0,"ValueType":"System.String"},"Value":"1216138364"}]}]}}
TpTrace Verbose: 0 : 22312, 13, 2023/09/01, 12:10:20.075, 2446708030535, vstest.console.dll, TestRunRequest:SendTestRunStatsChange: Starting.
TpTrace Verbose: 0 : 22312, 13, 2023/09/01, 12:10:20.075, 2446708031516, vstest.console.dll, InProgress is CommentPostSuccess
TpTrace Verbose: 0 : 22312, 13, 2023/09/01, 12:10:20.075, 2446708032566, vstest.console.dll, MulticastDelegateUtilities.SafeInvoke: TestRun.RunStatsChanged: Invoking callbacks was skipped because there are no subscribers.
TpTrace Information: 0 : 22312, 13, 2023/09/01, 12:10:20.075, 2446708032967, vstest.console.dll, TestRunRequest:SendTestRunStatsChange: Completed.
TpTrace Verbose: 0 : 22312, 13, 2023/09/01, 12:10:20.075, 2446708033383, vstest.console.dll, MulticastDelegateUtilities.SafeInvoke: LengthPrefixCommunicationChannel: MessageReceived: Invoking callback 1/1 for Microsoft.VisualStudio.TestPlatform.CommunicationUtilities.TestRequestSender+<>c__DisplayClass34_0., took 2 ms.
TpTrace Verbose: 0 : 22312, 13, 2023/09/01, 12:10:20.075, 2446708033788, vstest.console.dll, TcpClientExtensions.MessageLoopAsync: Polling on remoteEndPoint: 127.0.0.1:59842 localEndPoint: 127.0.0.1:59840
TpTrace Verbose: 0 : 22312, 4, 2023/09/01, 12:10:20.075, 2446708033908, vstest.console.dll, MulticastDelegateUtilities.SafeInvoke: InternalTestLoggerEvents.SendTestResult: Invoking callback 1/1 for Microsoft.VisualStudio.TestPlatform.CommandLine.Internal.ConsoleLogger., took 0 ms.
TpTrace Verbose: 0 : 22312, 4, 2023/09/01, 12:10:20.075, 2446708036018, vstest.console.dll, MulticastDelegateUtilities.SafeInvoke: InternalTestLoggerEvents.SendTestResult: Invoking callback 1/1 for Microsoft.VisualStudio.TestPlatform.CommandLine.Internal.ConsoleLogger., took 0 ms.
TpTrace Verbose: 0 : 22312, 4, 2023/09/01, 12:10:20.075, 2446708036561, vstest.console.dll, MulticastDelegateUtilities.SafeInvoke: InternalTestLoggerEvents.SendTestResult: Invoking callback 1/1 for Microsoft.VisualStudio.TestPlatform.CommandLine.Internal.ConsoleLogger., took 0 ms.
TpTrace Verbose: 0 : 22312, 4, 2023/09/01, 12:10:20.075, 2446708037195, vstest.console.dll, MulticastDelegateUtilities.SafeInvoke: InternalTestLoggerEvents.SendTestResult: Invoking callback 1/1 for Microsoft.VisualStudio.TestPlatform.CommandLine.Internal.ConsoleLogger., took 0 ms.
TpTrace Verbose: 0 : 22312, 4, 2023/09/01, 12:10:20.075, 2446708037922, vstest.console.dll, MulticastDelegateUtilities.SafeInvoke: InternalTestLoggerEvents.SendTestResult: Invoking callback 1/1 for Microsoft.VisualStudio.TestPlatform.CommandLine.Internal.ConsoleLogger., took 0 ms.
TpTrace Verbose: 0 : 22312, 4, 2023/09/01, 12:10:20.076, 2446708046720, vstest.console.dll, MulticastDelegateUtilities.SafeInvoke: InternalTestLoggerEvents.SendTestResult: Invoking callback 1/1 for Microsoft.VisualStudio.TestPlatform.CommandLine.Internal.ConsoleLogger., took 0 ms.
TpTrace Verbose: 0 : 22312, 4, 2023/09/01, 12:10:20.076, 2446708047735, vstest.console.dll, MulticastDelegateUtilities.SafeInvoke: InternalTestLoggerEvents.SendTestResult: Invoking callback 1/1 for Microsoft.VisualStudio.TestPlatform.CommandLine.Internal.ConsoleLogger., took 0 ms.
TpTrace Verbose: 0 : 22312, 4, 2023/09/01, 12:10:20.076, 2446708048286, vstest.console.dll, MulticastDelegateUtilities.SafeInvoke: InternalTestLoggerEvents.SendTestResult: Invoking callback 1/1 for Microsoft.VisualStudio.TestPlatform.CommandLine.Internal.ConsoleLogger., took 0 ms.
TpTrace Verbose: 0 : 22312, 4, 2023/09/01, 12:10:20.076, 2446708048964, vstest.console.dll, MulticastDelegateUtilities.SafeInvoke: InternalTestLoggerEvents.SendTestResult: Invoking callback 1/1 for Microsoft.VisualStudio.TestPlatform.CommandLine.Internal.ConsoleLogger., took 0 ms.
TpTrace Verbose: 0 : 22312, 13, 2023/09/01, 12:10:20.142, 2446708701740, vstest.console.dll, TcpClientExtensions.MessageLoopAsync: NotifyDataAvailable remoteEndPoint: 127.0.0.1:59842 localEndPoint: 127.0.0.1:59840
TpTrace Verbose: 0 : 22312, 13, 2023/09/01, 12:10:20.148, 2446708763132, vstest.console.dll, TestRequestSender.OnExecutionMessageReceived: Received message: {"Version":7,"MessageType":"TestExecution.StatsChange","Payload":{"NewTestResults":[{"TestCase":{"Id":"fe900ffa-87b3-1c68-55ad-be7827da6cdc","FullyQualifiedName":"blog.api.test.PostControllerTest.CommentPostSuccess","DisplayName":"CommentPostSuccess","ExecutorUri":"executor://NUnit3TestExecutor","Source":"C:\\repo_mediamonk\\test5\\blog\\blog.api.test\\bin\\Debug\\net7.0\\fine-code-coverage\\build-output\\blog.api.test.dll","CodeFilePath":null,"LineNumber":0,"Properties":[{"Key":{"Id":"NUnit.Seed","Label":"Seed","Category":"","Description":"","Attributes":0,"ValueType":"System.String"},"Value":"1216138364"}]},"Attachments":[],"Outcome":1,"ErrorMessage":null,"ErrorStackTrace":null,"DisplayName":"CommentPostSuccess","Messages":[],"ComputerName":"ALK-10JV9X2","Duration":"00:00:00.0288120","StartTime":"2023-09-01T15:10:20.0698048+00:00","EndTime":"2023-09-01T15:10:20.0986162+00:00","Properties":[{"Key":{"Id":"NUnit.Seed","Label":"Seed","Category":"","Description":"","Attributes":0,"ValueType":"System.String"},"Value":"1216138364"}]},{"TestCase":{"Id":"10b74e1b-d9e3-73a6-61fb-e9a158345464","FullyQualifiedName":"blog.api.test.PostControllerTest.EditPostFail","DisplayName":"EditPostFail","ExecutorUri":"executor://NUnit3TestExecutor","Source":"C:\\repo_mediamonk\\test5\\blog\\blog.api.test\\bin\\Debug\\net7.0\\fine-code-coverage\\build-output\\blog.api.test.dll","CodeFilePath":null,"LineNumber":0,"Properties":[{"Key":{"Id":"NUnit.Seed","Label":"Seed","Category":"","Description":"","Attributes":0,"ValueType":"System.String"},"Value":"583660660"}]},"Attachments":[],"Outcome":1,"ErrorMessage":null,"ErrorStackTrace":null,"DisplayName":"EditPostFail","Messages":[],"ComputerName":"ALK-10JV9X2","Duration":"00:00:00.0032900","StartTime":"2023-09-01T15:10:20.0986484+00:00","EndTime":"2023-09-01T15:10:20.1019377+00:00","Properties":[{"Key":{"Id":"NUnit.Seed","Label":"Seed","Category":"","Description":"","Attributes":0,"ValueType":"System.String"},"Value":"583660660"}]},{"TestCase":{"Id":"c8db4a99-fae2-d3da-1514-5f6d18dbff37","FullyQualifiedName":"blog.api.test.PostControllerTest.EditPostSuccess","DisplayName":"EditPostSuccess","ExecutorUri":"executor://NUnit3TestExecutor","Source":"C:\\repo_mediamonk\\test5\\blog\\blog.api.test\\bin\\Debug\\net7.0\\fine-code-coverage\\build-output\\blog.api.test.dll","CodeFilePath":null,"LineNumber":0,"Properties":[{"Key":{"Id":"NUnit.Seed","Label":"Seed","Category":"","Description":"","Attributes":0,"ValueType":"System.String"},"Value":"1805958999"}]},"Attachments":[],"Outcome":1,"ErrorMessage":null,"ErrorStackTrace":null,"DisplayName":"EditPostSuccess","Messages":[],"ComputerName":"ALK-10JV9X2","Duration":"00:00:00.0023930","StartTime":"2023-09-01T15:10:20.101966+00:00","EndTime":"2023-09-01T15:10:20.1043591+00:00","Properties":[{"Key":{"Id":"NUnit.Seed","Label":"Seed","Category":"","Description":"","Attributes":0,"ValueType":"System.String"},"Value":"1805958999"}]},{"TestCase":{"Id":"8781d87f-b612-a6bb-4682-8db9e4a721cd","FullyQualifiedName":"blog.api.test.PostControllerTest.GetMinePostsFail","DisplayName":"GetMinePostsFail","ExecutorUri":"executor://NUnit3TestExecutor","Source":"C:\\repo_mediamonk\\test5\\blog\\blog.api.test\\bin\\Debug\\net7.0\\fine-code-coverage\\build-output\\blog.api.test.dll","CodeFilePath":null,"LineNumber":0,"Properties":[{"Key":{"Id":"NUnit.Seed","Label":"Seed","Category":"","Description":"","Attributes":0,"ValueType":"System.String"},"Value":"781642802"}]},"Attachments":[],"Outcome":1,"ErrorMessage":null,"ErrorStackTrace":null,"DisplayName":"GetMinePostsFail","Messages":[],"ComputerName":"ALK-10JV9X2","Duration":"00:00:00.0032790","StartTime":"2023-09-01T15:10:20.1043895+00:00","EndTime":"2023-09-01T15:10:20.1076687+00:00","Properties":[{"Key":{"Id":"NUnit.Seed","Label":"Seed","Category":"","Description":"","Attributes":0,"ValueType":"System.String"},"Value":"781642802"}]},{"TestCase":{"Id":"2a3005d8-ccba-563f-79b1-9b085807ae2e","FullyQualifiedName":"blog.api.test.PostControllerTest.GetMinePostsNotFound","DisplayName":"GetMinePostsNotFound","ExecutorUri":"executor://NUnit3TestExecutor","Source":"C:\\repo_mediamonk\\test5\\blog\\blog.api.test\\bin\\Debug\\net7.0\\fine-code-coverage\\build-output\\blog.api.test.dll","CodeFilePath":null,"LineNumber":0,"Properties":[{"Key":{"Id":"NUnit.Seed","Label":"Seed","Category":"","Description":"","Attributes":0,"ValueType":"System.String"},"Value":"1039355610"}]},"Attachments":[],"Outcome":1,"ErrorMessage":null,"ErrorStackTrace":null,"DisplayName":"GetMinePostsNotFound","Messages":[],"ComputerName":"ALK-10JV9X2","Duration":"00:00:00.0135680","StartTime":"2023-09-01T15:10:20.1076976+00:00","EndTime":"2023-09-01T15:10:20.1212652+00:00","Properties":[{"Key":{"Id":"NUnit.Seed","Label":"Seed","Category":"","Description":"","Attributes":0,"ValueType":"System.String"},"Value":"1039355610"}]},{"TestCase":{"Id":"6ec14258-e3d6-2849-f3d2-ec4e3c2015fd","FullyQualifiedName":"blog.api.test.PostControllerTest.GetPostByIdFail","DisplayName":"GetPostByIdFail","ExecutorUri":"executor://NUnit3TestExecutor","Source":"C:\\repo_mediamonk\\test5\\blog\\blog.api.test\\bin\\Debug\\net7.0\\fine-code-coverage\\build-output\\blog.api.test.dll","CodeFilePath":null,"LineNumber":0,"Properties":[{"Key":{"Id":"NUnit.Seed","Label":"Seed","Category":"","Description":"","Attributes":0,"ValueType":"System.String"},"Value":"782739733"}]},"Attachments":[],"Outcome":1,"ErrorMessage":null,"ErrorStackTrace":null,"DisplayName":"GetPostByIdFail","Messages":[],"ComputerName":"ALK-10JV9X2","Duration":"00:00:00.0027020","StartTime":"2023-09-01T15:10:20.1212997+00:00","EndTime":"2023-09-01T15:10:20.1240018+00:00","Properties":[{"Key":{"Id":"NUnit.Seed","Label":"Seed","Category":"","Description":"","Attributes":0,"ValueType":"System.String"},"Value":"782739733"}]},{"TestCase":{"Id":"f7c9fd21-b3b7-0740-d413-e15100c5690d","FullyQualifiedName":"blog.api.test.PostControllerTest.GetPostByIdNotFound","DisplayName":"GetPostByIdNotFound","ExecutorUri":"executor://NUnit3TestExecutor","Source":"C:\\repo_mediamonk\\test5\\blog\\blog.api.test\\bin\\Debug\\net7.0\\fine-code-coverage\\build-output\\blog.api.test.dll","CodeFilePath":null,"LineNumber":0,"Properties":[{"Key":{"Id":"NUnit.Seed","Label":"Seed","Category":"","Description":"","Attributes":0,"ValueType":"System.String"},"Value":"1260789582"}]},"Attachments":[],"Outcome":1,"ErrorMessage":null,"ErrorStackTrace":null,"DisplayName":"GetPostByIdNotFound","Messages":[],"ComputerName":"ALK-10JV9X2","Duration":"00:00:00.0022060","StartTime":"2023-09-01T15:10:20.1240291+00:00","EndTime":"2023-09-01T15:10:20.1262353+00:00","Properties":[{"Key":{"Id":"NUnit.Seed","Label":"Seed","Category":"","Description":"","Attributes":0,"ValueType":"System.String"},"Value":"1260789582"}]},{"TestCase":{"Id":"d2de3136-633d-44ef-bd72-00de66ef4e76","FullyQualifiedName":"blog.api.test.PostControllerTest.Initialize","DisplayName":"Initialize","ExecutorUri":"executor://NUnit3TestExecutor","Source":"C:\\repo_mediamonk\\test5\\blog\\blog.api.test\\bin\\Debug\\net7.0\\fine-code-coverage\\build-output\\blog.api.test.dll","CodeFilePath":null,"LineNumber":0,"Properties":[{"Key":{"Id":"NUnit.Seed","Label":"Seed","Category":"","Description":"","Attributes":0,"ValueType":"System.String"},"Value":"147284130"}]},"Attachments":[],"Outcome":1,"ErrorMessage":null,"ErrorStackTrace":null,"DisplayName":"Initialize","Messages":[],"ComputerName":"ALK-10JV9X2","Duration":"00:00:00.0097000","StartTime":"2023-09-01T15:10:20.1262609+00:00","EndTime":"2023-09-01T15:10:20.1359608+00:00","Properties":[{"Key":{"Id":"NUnit.Seed","Label":"Seed","Category":"","Description":"","Attributes":0,"ValueType":"System.String"},"Value":"147284130"}]},{"TestCase":{"Id":"4387c1a0-7969-1093-0f17-6971e62891dc","FullyQualifiedName":"blog.api.test.PostControllerTest.ListPendingPostsFail","DisplayName":"ListPendingPostsFail","ExecutorUri":"executor://NUnit3TestExecutor","Source":"C:\\repo_mediamonk\\test5\\blog\\blog.api.test\\bin\\Debug\\net7.0\\fine-code-coverage\\build-output\\blog.api.test.dll","CodeFilePath":null,"LineNumber":0,"Properties":[{"Key":{"Id":"NUnit.Seed","Label":"Seed","Category":"","Description":"","Attributes":0,"ValueType":"System.String"},"Value":"1605217242"}]},"Attachments":[],"Outcome":1,"ErrorMessage":null,"ErrorStackTrace":null,"DisplayName":"ListPendingPostsFail","Messages":[],"ComputerName":"ALK-10JV9X2","Duration":"00:00:00.0036460","StartTime":"2023-09-01T15:10:20.1359927+00:00","EndTime":"2023-09-01T15:10:20.1396385+00:00","Properties":[{"Key":{"Id":"NUnit.Seed","Label":"Seed","Category":"","Description":"","Attributes":0,"ValueType":"System.String"},"Value":"1605217242"}]}],"TestRunStatistics":{"ExecutedTests":27,"Stats":{"Passed":27}},"ActiveTests":[{"Id":"f95a1ed0-b8b8-1ced-2934-5c430981ecda","FullyQualifiedName":"blog.api.test.PostControllerTest.ListPendingPostsSuccess","DisplayName":"ListPendingPostsSuccess","ExecutorUri":"executor://NUnit3TestExecutor","Source":"C:\\repo_mediamonk\\test5\\blog\\blog.api.test\\bin\\Debug\\net7.0\\fine-code-coverage\\build-output\\blog.api.test.dll","CodeFilePath":null,"LineNumber":0,"Properties":[{"Key":{"Id":"NUnit.Seed","Label":"Seed","Category":"","Description":"","Attributes":0,"ValueType":"System.String"},"Value":"1347494019"}]}]}}
TpTrace Verbose: 0 : 22312, 13, 2023/09/01, 12:10:20.149, 2446708774807, vstest.console.dll, TestRunRequest:SendTestRunStatsChange: Starting.
TpTrace Verbose: 0 : 22312, 13, 2023/09/01, 12:10:20.149, 2446708775905, vstest.console.dll, InProgress is ListPendingPostsSuccess
TpTrace Verbose: 0 : 22312, 13, 2023/09/01, 12:10:20.149, 2446708776776, vstest.console.dll, MulticastDelegateUtilities.SafeInvoke: TestRun.RunStatsChanged: Invoking callbacks was skipped because there are no subscribers.
TpTrace Information: 0 : 22312, 13, 2023/09/01, 12:10:20.149, 2446708777223, vstest.console.dll, TestRunRequest:SendTestRunStatsChange: Completed.
TpTrace Verbose: 0 : 22312, 13, 2023/09/01, 12:10:20.149, 2446708777795, vstest.console.dll, MulticastDelegateUtilities.SafeInvoke: LengthPrefixCommunicationChannel: MessageReceived: Invoking callback 1/1 for Microsoft.VisualStudio.TestPlatform.CommunicationUtilities.TestRequestSender+<>c__DisplayClass34_0., took 1 ms.
TpTrace Verbose: 0 : 22312, 4, 2023/09/01, 12:10:20.149, 2446708777830, vstest.console.dll, MulticastDelegateUtilities.SafeInvoke: InternalTestLoggerEvents.SendTestResult: Invoking callback 1/1 for Microsoft.VisualStudio.TestPlatform.CommandLine.Internal.ConsoleLogger., took 0 ms.
TpTrace Verbose: 0 : 22312, 13, 2023/09/01, 12:10:20.149, 2446708778306, vstest.console.dll, TcpClientExtensions.MessageLoopAsync: Polling on remoteEndPoint: 127.0.0.1:59842 localEndPoint: 127.0.0.1:59840
TpTrace Verbose: 0 : 22312, 4, 2023/09/01, 12:10:20.149, 2446708779571, vstest.console.dll, MulticastDelegateUtilities.SafeInvoke: InternalTestLoggerEvents.SendTestResult: Invoking callback 1/1 for Microsoft.VisualStudio.TestPlatform.CommandLine.Internal.ConsoleLogger., took 0 ms.
TpTrace Verbose: 0 : 22312, 4, 2023/09/01, 12:10:20.150, 2446708781511, vstest.console.dll, MulticastDelegateUtilities.SafeInvoke: InternalTestLoggerEvents.SendTestResult: Invoking callback 1/1 for Microsoft.VisualStudio.TestPlatform.CommandLine.Internal.ConsoleLogger., took 0 ms.
TpTrace Verbose: 0 : 22312, 4, 2023/09/01, 12:10:20.150, 2446708782239, vstest.console.dll, MulticastDelegateUtilities.SafeInvoke: InternalTestLoggerEvents.SendTestResult: Invoking callback 1/1 for Microsoft.VisualStudio.TestPlatform.CommandLine.Internal.ConsoleLogger., took 0 ms.
TpTrace Verbose: 0 : 22312, 4, 2023/09/01, 12:10:20.150, 2446708782877, vstest.console.dll, MulticastDelegateUtilities.SafeInvoke: InternalTestLoggerEvents.SendTestResult: Invoking callback 1/1 for Microsoft.VisualStudio.TestPlatform.CommandLine.Internal.ConsoleLogger., took 0 ms.
TpTrace Verbose: 0 : 22312, 4, 2023/09/01, 12:10:20.150, 2446708783540, vstest.console.dll, MulticastDelegateUtilities.SafeInvoke: InternalTestLoggerEvents.SendTestResult: Invoking callback 1/1 for Microsoft.VisualStudio.TestPlatform.CommandLine.Internal.ConsoleLogger., took 0 ms.
TpTrace Verbose: 0 : 22312, 4, 2023/09/01, 12:10:20.150, 2446708784199, vstest.console.dll, MulticastDelegateUtilities.SafeInvoke: InternalTestLoggerEvents.SendTestResult: Invoking callback 1/1 for Microsoft.VisualStudio.TestPlatform.CommandLine.Internal.ConsoleLogger., took 0 ms.
TpTrace Verbose: 0 : 22312, 4, 2023/09/01, 12:10:20.150, 2446708784835, vstest.console.dll, MulticastDelegateUtilities.SafeInvoke: InternalTestLoggerEvents.SendTestResult: Invoking callback 1/1 for Microsoft.VisualStudio.TestPlatform.CommandLine.Internal.ConsoleLogger., took 0 ms.
TpTrace Verbose: 0 : 22312, 4, 2023/09/01, 12:10:20.150, 2446708785460, vstest.console.dll, MulticastDelegateUtilities.SafeInvoke: InternalTestLoggerEvents.SendTestResult: Invoking callback 1/1 for Microsoft.VisualStudio.TestPlatform.CommandLine.Internal.ConsoleLogger., took 0 ms.
TpTrace Verbose: 0 : 22312, 13, 2023/09/01, 12:10:20.200, 2446709289693, vstest.console.dll, TcpClientExtensions.MessageLoopAsync: NotifyDataAvailable remoteEndPoint: 127.0.0.1:59842 localEndPoint: 127.0.0.1:59840
TpTrace Verbose: 0 : 22312, 13, 2023/09/01, 12:10:20.201, 2446709293754, vstest.console.dll, TestRequestSender.OnExecutionMessageReceived: Received message: {"Version":7,"MessageType":"TestExecution.StatsChange","Payload":{"NewTestResults":[{"TestCase":{"Id":"f95a1ed0-b8b8-1ced-2934-5c430981ecda","FullyQualifiedName":"blog.api.test.PostControllerTest.ListPendingPostsSuccess","DisplayName":"ListPendingPostsSuccess","ExecutorUri":"executor://NUnit3TestExecutor","Source":"C:\\repo_mediamonk\\test5\\blog\\blog.api.test\\bin\\Debug\\net7.0\\fine-code-coverage\\build-output\\blog.api.test.dll","CodeFilePath":null,"LineNumber":0,"Properties":[{"Key":{"Id":"NUnit.Seed","Label":"Seed","Category":"","Description":"","Attributes":0,"ValueType":"System.String"},"Value":"1347494019"}]},"Attachments":[],"Outcome":1,"ErrorMessage":null,"ErrorStackTrace":null,"DisplayName":"ListPendingPostsSuccess","Messages":[],"ComputerName":"ALK-10JV9X2","Duration":"00:00:00.0206530","StartTime":"2023-09-01T15:10:20.1396692+00:00","EndTime":"2023-09-01T15:10:20.1603217+00:00","Properties":[{"Key":{"Id":"NUnit.Seed","Label":"Seed","Category":"","Description":"","Attributes":0,"ValueType":"System.String"},"Value":"1347494019"}]},{"TestCase":{"Id":"4d1f4244-8f76-a974-093b-b4f9f04d401d","FullyQualifiedName":"blog.api.test.PostControllerTest.ListPostsFail","DisplayName":"ListPostsFail","ExecutorUri":"executor://NUnit3TestExecutor","Source":"C:\\repo_mediamonk\\test5\\blog\\blog.api.test\\bin\\Debug\\net7.0\\fine-code-coverage\\build-output\\blog.api.test.dll","CodeFilePath":null,"LineNumber":0,"Properties":[{"Key":{"Id":"NUnit.Seed","Label":"Seed","Category":"","Description":"","Attributes":0,"ValueType":"System.String"},"Value":"1117816378"}]},"Attachments":[],"Outcome":1,"ErrorMessage":null,"ErrorStackTrace":null,"DisplayName":"ListPostsFail","Messages":[],"ComputerName":"ALK-10JV9X2","Duration":"00:00:00.0016650","StartTime":"2023-09-01T15:10:20.1603552+00:00","EndTime":"2023-09-01T15:10:20.1620198+00:00","Properties":[{"Key":{"Id":"NUnit.Seed","Label":"Seed","Category":"","Description":"","Attributes":0,"ValueType":"System.String"},"Value":"1117816378"}]},{"TestCase":{"Id":"3a57dc7c-fedc-4517-8faa-8f5105d230a3","FullyQualifiedName":"blog.api.test.PostControllerTest.ListPostsSuccess","DisplayName":"ListPostsSuccess","ExecutorUri":"executor://NUnit3TestExecutor","Source":"C:\\repo_mediamonk\\test5\\blog\\blog.api.test\\bin\\Debug\\net7.0\\fine-code-coverage\\build-output\\blog.api.test.dll","CodeFilePath":null,"LineNumber":0,"Properties":[{"Key":{"Id":"NUnit.Seed","Label":"Seed","Category":"","Description":"","Attributes":0,"ValueType":"System.String"},"Value":"1493754436"}]},"Attachments":[],"Outcome":1,"ErrorMessage":null,"ErrorStackTrace":null,"DisplayName":"ListPostsSuccess","Messages":[],"ComputerName":"ALK-10JV9X2","Duration":"00:00:00.0033320","StartTime":"2023-09-01T15:10:20.1620425+00:00","EndTime":"2023-09-01T15:10:20.1653741+00:00","Properties":[{"Key":{"Id":"NUnit.Seed","Label":"Seed","Category":"","Description":"","Attributes":0,"ValueType":"System.String"},"Value":"1493754436"}]},{"TestCase":{"Id":"8e4d0959-3e91-239c-59f8-ec63b100e559","FullyQualifiedName":"blog.api.test.PostControllerTest.RejectPostFail","DisplayName":"RejectPostFail","ExecutorUri":"executor://NUnit3TestExecutor","Source":"C:\\repo_mediamonk\\test5\\blog\\blog.api.test\\bin\\Debug\\net7.0\\fine-code-coverage\\build-output\\blog.api.test.dll","CodeFilePath":null,"LineNumber":0,"Properties":[{"Key":{"Id":"NUnit.Seed","Label":"Seed","Category":"","Description":"","Attributes":0,"ValueType":"System.String"},"Value":"1837099792"}]},"Attachments":[],"Outcome":1,"ErrorMessage":null,"ErrorStackTrace":null,"DisplayName":"RejectPostFail","Messages":[],"ComputerName":"ALK-10JV9X2","Duration":"00:00:00.0043340","StartTime":"2023-09-01T15:10:20.1654007+00:00","EndTime":"2023-09-01T15:10:20.1697344+00:00","Properties":[{"Key":{"Id":"NUnit.Seed","Label":"Seed","Category":"","Description":"","Attributes":0,"ValueType":"System.String"},"Value":"1837099792"}]},{"TestCase":{"Id":"ced6d078-b77e-515e-533c-06cad6d7bb41","FullyQualifiedName":"blog.api.test.PostControllerTest.RejectPostSuccess","DisplayName":"RejectPostSuccess","ExecutorUri":"executor://NUnit3TestExecutor","Source":"C:\\repo_mediamonk\\test5\\blog\\blog.api.test\\bin\\Debug\\net7.0\\fine-code-coverage\\build-output\\blog.api.test.dll","CodeFilePath":null,"LineNumber":0,"Properties":[{"Key":{"Id":"NUnit.Seed","Label":"Seed","Category":"","Description":"","Attributes":0,"ValueType":"System.String"},"Value":"508140459"}]},"Attachments":[],"Outcome":1,"ErrorMessage":null,"ErrorStackTrace":null,"DisplayName":"RejectPostSuccess","Messages":[],"ComputerName":"ALK-10JV9X2","Duration":"00:00:00.0047820","StartTime":"2023-09-01T15:10:20.1697641+00:00","EndTime":"2023-09-01T15:10:20.1745454+00:00","Properties":[{"Key":{"Id":"NUnit.Seed","Label":"Seed","Category":"","Description":"","Attributes":0,"ValueType":"System.String"},"Value":"508140459"}]},{"TestCase":{"Id":"4379a1d5-30dd-3fc2-d640-6bea6eac9a06","FullyQualifiedName":"blog.api.test.PostControllerTest.SubmitPostFail","DisplayName":"SubmitPostFail","ExecutorUri":"executor://NUnit3TestExecutor","Source":"C:\\repo_mediamonk\\test5\\blog\\blog.api.test\\bin\\Debug\\net7.0\\fine-code-coverage\\build-output\\blog.api.test.dll","CodeFilePath":null,"LineNumber":0,"Properties":[{"Key":{"Id":"NUnit.Seed","Label":"Seed","Category":"","Description":"","Attributes":0,"ValueType":"System.String"},"Value":"1449860031"}]},"Attachments":[],"Outcome":1,"ErrorMessage":null,"ErrorStackTrace":null,"DisplayName":"SubmitPostFail","Messages":[],"ComputerName":"ALK-10JV9X2","Duration":"00:00:00.0027030","StartTime":"2023-09-01T15:10:20.1745805+00:00","EndTime":"2023-09-01T15:10:20.1772833+00:00","Properties":[{"Key":{"Id":"NUnit.Seed","Label":"Seed","Category":"","Description":"","Attributes":0,"ValueType":"System.String"},"Value":"1449860031"}]},{"TestCase":{"Id":"8a56c70b-61c0-eb91-0c94-f4f68fbaa9b3","FullyQualifiedName":"blog.api.test.PostControllerTest.SubmitPostSuccess","DisplayName":"SubmitPostSuccess","ExecutorUri":"executor://NUnit3TestExecutor","Source":"C:\\repo_mediamonk\\test5\\blog\\blog.api.test\\bin\\Debug\\net7.0\\fine-code-coverage\\build-output\\blog.api.test.dll","CodeFilePath":null,"LineNumber":0,"Properties":[{"Key":{"Id":"NUnit.Seed","Label":"Seed","Category":"","Description":"","Attributes":0,"ValueType":"System.String"},"Value":"830206943"}]},"Attachments":[],"Outcome":1,"ErrorMessage":null,"ErrorStackTrace":null,"DisplayName":"SubmitPostSuccess","Messages":[],"ComputerName":"ALK-10JV9X2","Duration":"00:00:00.0030180","StartTime":"2023-09-01T15:10:20.1773196+00:00","EndTime":"2023-09-01T15:10:20.1803372+00:00","Properties":[{"Key":{"Id":"NUnit.Seed","Label":"Seed","Category":"","Description":"","Attributes":0,"ValueType":"System.String"},"Value":"830206943"}]},{"TestCase":{"Id":"2863cd70-ba6e-53ca-b816-90a2966b09ba","FullyQualifiedName":"blog.api.test.PostRepositoryTest.TestRepositoryShouldAddPost","DisplayName":"TestRepositoryShouldAddPost","ExecutorUri":"executor://NUnit3TestExecutor","Source":"C:\\repo_mediamonk\\test5\\blog\\blog.api.test\\bin\\Debug\\net7.0\\fine-code-coverage\\build-output\\blog.api.test.dll","CodeFilePath":null,"LineNumber":0,"Properties":[{"Key":{"Id":"NUnit.Seed","Label":"Seed","Category":"","Description":"","Attributes":0,"ValueType":"System.String"},"Value":"1001847058"}]},"Attachments":[],"Outcome":1,"ErrorMessage":null,"ErrorStackTrace":null,"DisplayName":"TestRepositoryShouldAddPost","Messages":[],"ComputerName":"ALK-10JV9X2","Duration":"00:00:00.0086590","StartTime":"2023-09-01T15:10:20.1806219+00:00","EndTime":"2023-09-01T15:10:20.1892797+00:00","Properties":[{"Key":{"Id":"NUnit.Seed","Label":"Seed","Category":"","Description":"","Attributes":0,"ValueType":"System.String"},"Value":"1001847058"}]},{"TestCase":{"Id":"da0cf0f1-9c4f-703c-8040-05cc7356b10e","FullyQualifiedName":"blog.api.test.PostRepositoryTest.TestRepositoryShouldAddPostInvalidContentOrTitle(null,\"a\")","DisplayName":"TestRepositoryShouldAddPostInvalidContentOrTitle(null,\"a\")","ExecutorUri":"executor://NUnit3TestExecutor","Source":"C:\\repo_mediamonk\\test5\\blog\\blog.api.test\\bin\\Debug\\net7.0\\fine-code-coverage\\build-output\\blog.api.test.dll","CodeFilePath":null,"LineNumber":0,"Properties":[{"Key":{"Id":"NUnit.Seed","Label":"Seed","Category":"","Description":"","Attributes":0,"ValueType":"System.String"},"Value":"1508943006"}]},"Attachments":[],"Outcome":1,"ErrorMessage":null,"ErrorStackTrace":null,"DisplayName":"TestRepositoryShouldAddPostInvalidContentOrTitle(null,\"a\")","Messages":[],"ComputerName":"ALK-10JV9X2","Duration":"00:00:00.0083830","StartTime":"2023-09-01T15:10:20.1893784+00:00","EndTime":"2023-09-01T15:10:20.1977609+00:00","Properties":[{"Key":{"Id":"NUnit.Seed","Label":"Seed","Category":"","Description":"","Attributes":0,"ValueType":"System.String"},"Value":"1508943006"}]}],"TestRunStatistics":{"ExecutedTests":36,"Stats":{"Passed":36}},"ActiveTests":[{"Id":"526948d7-c292-efcf-a145-9e287229b6b2","FullyQualifiedName":"blog.api.test.PostRepositoryTest.TestRepositoryShouldAddPostInvalidContentOrTitle(\"a\",null)","DisplayName":"TestRepositoryShouldAddPostInvalidContentOrTitle(\"a\",null)","ExecutorUri":"executor://NUnit3TestExecutor","Source":"C:\\repo_mediamonk\\test5\\blog\\blog.api.test\\bin\\Debug\\net7.0\\fine-code-coverage\\build-output\\blog.api.test.dll","CodeFilePath":null,"LineNumber":0,"Properties":[{"Key":{"Id":"NUnit.Seed","Label":"Seed","Category":"","Description":"","Attributes":0,"ValueType":"System.String"},"Value":"256742599"}]}]}}
TpTrace Verbose: 0 : 22312, 13, 2023/09/01, 12:10:20.202, 2446709308530, vstest.console.dll, TestRunRequest:SendTestRunStatsChange: Starting.
TpTrace Verbose: 0 : 22312, 13, 2023/09/01, 12:10:20.202, 2446709309587, vstest.console.dll, InProgress is TestRepositoryShouldAddPostInvalidContentOrTitle("a",null)
TpTrace Verbose: 0 : 22312, 13, 2023/09/01, 12:10:20.202, 2446709310380, vstest.console.dll, MulticastDelegateUtilities.SafeInvoke: TestRun.RunStatsChanged: Invoking callbacks was skipped because there are no subscribers.
TpTrace Information: 0 : 22312, 13, 2023/09/01, 12:10:20.203, 2446709310849, vstest.console.dll, TestRunRequest:SendTestRunStatsChange: Completed.
TpTrace Verbose: 0 : 22312, 4, 2023/09/01, 12:10:20.203, 2446709311231, vstest.console.dll, MulticastDelegateUtilities.SafeInvoke: InternalTestLoggerEvents.SendTestResult: Invoking callback 1/1 for Microsoft.VisualStudio.TestPlatform.CommandLine.Internal.ConsoleLogger., took 0 ms.
TpTrace Verbose: 0 : 22312, 13, 2023/09/01, 12:10:20.203, 2446709311301, vstest.console.dll, MulticastDelegateUtilities.SafeInvoke: LengthPrefixCommunicationChannel: MessageReceived: Invoking callback 1/1 for Microsoft.VisualStudio.TestPlatform.CommunicationUtilities.TestRequestSender+<>c__DisplayClass34_0., took 1 ms.
TpTrace Verbose: 0 : 22312, 4, 2023/09/01, 12:10:20.203, 2446709312835, vstest.console.dll, MulticastDelegateUtilities.SafeInvoke: InternalTestLoggerEvents.SendTestResult: Invoking callback 1/1 for Microsoft.VisualStudio.TestPlatform.CommandLine.Internal.ConsoleLogger., took 0 ms.
TpTrace Verbose: 0 : 22312, 13, 2023/09/01, 12:10:20.203, 2446709313389, vstest.console.dll, TcpClientExtensions.MessageLoopAsync: Polling on remoteEndPoint: 127.0.0.1:59842 localEndPoint: 127.0.0.1:59840
TpTrace Verbose: 0 : 22312, 4, 2023/09/01, 12:10:20.203, 2446709314805, vstest.console.dll, MulticastDelegateUtilities.SafeInvoke: InternalTestLoggerEvents.SendTestResult: Invoking callback 1/1 for Microsoft.VisualStudio.TestPlatform.CommandLine.Internal.ConsoleLogger., took 0 ms.
TpTrace Verbose: 0 : 22312, 4, 2023/09/01, 12:10:20.203, 2446709316553, vstest.console.dll, MulticastDelegateUtilities.SafeInvoke: InternalTestLoggerEvents.SendTestResult: Invoking callback 1/1 for Microsoft.VisualStudio.TestPlatform.CommandLine.Internal.ConsoleLogger., took 0 ms.
TpTrace Verbose: 0 : 22312, 4, 2023/09/01, 12:10:20.203, 2446709317989, vstest.console.dll, MulticastDelegateUtilities.SafeInvoke: InternalTestLoggerEvents.SendTestResult: Invoking callback 1/1 for Microsoft.VisualStudio.TestPlatform.CommandLine.Internal.ConsoleLogger., took 0 ms.
TpTrace Verbose: 0 : 22312, 4, 2023/09/01, 12:10:20.203, 2446709319792, vstest.console.dll, MulticastDelegateUtilities.SafeInvoke: InternalTestLoggerEvents.SendTestResult: Invoking callback 1/1 for Microsoft.VisualStudio.TestPlatform.CommandLine.Internal.ConsoleLogger., took 0 ms.
TpTrace Verbose: 0 : 22312, 4, 2023/09/01, 12:10:20.204, 2446709321178, vstest.console.dll, MulticastDelegateUtilities.SafeInvoke: InternalTestLoggerEvents.SendTestResult: Invoking callback 1/1 for Microsoft.VisualStudio.TestPlatform.CommandLine.Internal.ConsoleLogger., took 0 ms.
TpTrace Verbose: 0 : 22312, 4, 2023/09/01, 12:10:20.204, 2446709322253, vstest.console.dll, MulticastDelegateUtilities.SafeInvoke: InternalTestLoggerEvents.SendTestResult: Invoking callback 1/1 for Microsoft.VisualStudio.TestPlatform.CommandLine.Internal.ConsoleLogger., took 0 ms.
TpTrace Verbose: 0 : 22312, 4, 2023/09/01, 12:10:20.204, 2446709323314, vstest.console.dll, MulticastDelegateUtilities.SafeInvoke: InternalTestLoggerEvents.SendTestResult: Invoking callback 1/1 for Microsoft.VisualStudio.TestPlatform.CommandLine.Internal.ConsoleLogger., took 0 ms.
TpTrace Verbose: 0 : 22312, 13, 2023/09/01, 12:10:20.238, 2446709665017, vstest.console.dll, TcpClientExtensions.MessageLoopAsync: NotifyDataAvailable remoteEndPoint: 127.0.0.1:59842 localEndPoint: 127.0.0.1:59840
TpTrace Verbose: 0 : 22312, 13, 2023/09/01, 12:10:20.238, 2446709669170, vstest.console.dll, TestRequestSender.OnExecutionMessageReceived: Received message: {"Version":7,"MessageType":"TestExecution.StatsChange","Payload":{"NewTestResults":[{"TestCase":{"Id":"526948d7-c292-efcf-a145-9e287229b6b2","FullyQualifiedName":"blog.api.test.PostRepositoryTest.TestRepositoryShouldAddPostInvalidContentOrTitle(\"a\",null)","DisplayName":"TestRepositoryShouldAddPostInvalidContentOrTitle(\"a\",null)","ExecutorUri":"executor://NUnit3TestExecutor","Source":"C:\\repo_mediamonk\\test5\\blog\\blog.api.test\\bin\\Debug\\net7.0\\fine-code-coverage\\build-output\\blog.api.test.dll","CodeFilePath":null,"LineNumber":0,"Properties":[{"Key":{"Id":"NUnit.Seed","Label":"Seed","Category":"","Description":"","Attributes":0,"ValueType":"System.String"},"Value":"256742599"}]},"Attachments":[],"Outcome":1,"ErrorMessage":null,"ErrorStackTrace":null,"DisplayName":"TestRepositoryShouldAddPostInvalidContentOrTitle(\"a\",null)","Messages":[],"ComputerName":"ALK-10JV9X2","Duration":"00:00:00.0014890","StartTime":"2023-09-01T15:10:20.1977955+00:00","EndTime":"2023-09-01T15:10:20.1992844+00:00","Properties":[{"Key":{"Id":"NUnit.Seed","Label":"Seed","Category":"","Description":"","Attributes":0,"ValueType":"System.String"},"Value":"256742599"}]},{"TestCase":{"Id":"dc5f4fa3-a90c-9e75-a769-cb0be7f9bb42","FullyQualifiedName":"blog.api.test.PostRepositoryTest.TestRepositoryShouldAddPostInvalidContentOrTitle(null,null)","DisplayName":"TestRepositoryShouldAddPostInvalidContentOrTitle(null,null)","ExecutorUri":"executor://NUnit3TestExecutor","Source":"C:\\repo_mediamonk\\test5\\blog\\blog.api.test\\bin\\Debug\\net7.0\\fine-code-coverage\\build-output\\blog.api.test.dll","CodeFilePath":null,"LineNumber":0,"Properties":[{"Key":{"Id":"NUnit.Seed","Label":"Seed","Category":"","Description":"","Attributes":0,"ValueType":"System.String"},"Value":"90910573"}]},"Attachments":[],"Outcome":1,"ErrorMessage":null,"ErrorStackTrace":null,"DisplayName":"TestRepositoryShouldAddPostInvalidContentOrTitle(null,null)","Messages":[],"ComputerName":"ALK-10JV9X2","Duration":"00:00:00.0007040","StartTime":"2023-09-01T15:10:20.1993198+00:00","EndTime":"2023-09-01T15:10:20.2000237+00:00","Properties":[{"Key":{"Id":"NUnit.Seed","Label":"Seed","Category":"","Description":"","Attributes":0,"ValueType":"System.String"},"Value":"90910573"}]},{"TestCase":{"Id":"818005c7-2d95-7404-34ad-37fab083a57d","FullyQualifiedName":"blog.api.test.PostRepositoryTest.TestRepositoryShouldEditPost","DisplayName":"TestRepositoryShouldEditPost","ExecutorUri":"executor://NUnit3TestExecutor","Source":"C:\\repo_mediamonk\\test5\\blog\\blog.api.test\\bin\\Debug\\net7.0\\fine-code-coverage\\build-output\\blog.api.test.dll","CodeFilePath":null,"LineNumber":0,"Properties":[{"Key":{"Id":"NUnit.Seed","Label":"Seed","Category":"","Description":"","Attributes":0,"ValueType":"System.String"},"Value":"1076812751"}]},"Attachments":[],"Outcome":1,"ErrorMessage":null,"ErrorStackTrace":null,"DisplayName":"TestRepositoryShouldEditPost","Messages":[],"ComputerName":"ALK-10JV9X2","Duration":"00:00:00.0039910","StartTime":"2023-09-01T15:10:20.2000619+00:00","EndTime":"2023-09-01T15:10:20.2040526+00:00","Properties":[{"Key":{"Id":"NUnit.Seed","Label":"Seed","Category":"","Description":"","Attributes":0,"ValueType":"System.String"},"Value":"1076812751"}]},{"TestCase":{"Id":"7f05009f-b7b6-6139-50e9-a493090ee3c1","FullyQualifiedName":"blog.api.test.PostRepositoryTest.TestRepositoryShouldEditPostNotFound","DisplayName":"TestRepositoryShouldEditPostNotFound","ExecutorUri":"executor://NUnit3TestExecutor","Source":"C:\\repo_mediamonk\\test5\\blog\\blog.api.test\\bin\\Debug\\net7.0\\fine-code-coverage\\build-output\\blog.api.test.dll","CodeFilePath":null,"LineNumber":0,"Properties":[{"Key":{"Id":"NUnit.Seed","Label":"Seed","Category":"","Description":"","Attributes":0,"ValueType":"System.String"},"Value":"385841439"}]},"Attachments":[],"Outcome":1,"ErrorMessage":null,"ErrorStackTrace":null,"DisplayName":"TestRepositoryShouldEditPostNotFound","Messages":[],"ComputerName":"ALK-10JV9X2","Duration":"00:00:00.0043900","StartTime":"2023-09-01T15:10:20.204108+00:00","EndTime":"2023-09-01T15:10:20.2084981+00:00","Properties":[{"Key":{"Id":"NUnit.Seed","Label":"Seed","Category":"","Description":"","Attributes":0,"ValueType":"System.String"},"Value":"385841439"}]},{"TestCase":{"Id":"20efc7ce-3e93-6c3a-521b-f1c73df3b8b7","FullyQualifiedName":"blog.api.test.PostRepositoryTest.TestRepositoryShouldGetPostById","DisplayName":"TestRepositoryShouldGetPostById","ExecutorUri":"executor://NUnit3TestExecutor","Source":"C:\\repo_mediamonk\\test5\\blog\\blog.api.test\\bin\\Debug\\net7.0\\fine-code-coverage\\build-output\\blog.api.test.dll","CodeFilePath":null,"LineNumber":0,"Properties":[{"Key":{"Id":"NUnit.Seed","Label":"Seed","Category":"","Description":"","Attributes":0,"ValueType":"System.String"},"Value":"464790431"}]},"Attachments":[],"Outcome":1,"ErrorMessage":null,"ErrorStackTrace":null,"DisplayName":"TestRepositoryShouldGetPostById","Messages":[],"ComputerName":"ALK-10JV9X2","Duration":"00:00:00.0036860","StartTime":"2023-09-01T15:10:20.2085273+00:00","EndTime":"2023-09-01T15:10:20.2122124+00:00","Properties":[{"Key":{"Id":"NUnit.Seed","Label":"Seed","Category":"","Description":"","Attributes":0,"ValueType":"System.String"},"Value":"464790431"}]},{"TestCase":{"Id":"4cf3d0cf-c2f7-8c5e-1469-6520d7685663","FullyQualifiedName":"blog.api.test.PostRepositoryTest.TestRepositoryShouldGetPostByIdNotFound","DisplayName":"TestRepositoryShouldGetPostByIdNotFound","ExecutorUri":"executor://NUnit3TestExecutor","Source":"C:\\repo_mediamonk\\test5\\blog\\blog.api.test\\bin\\Debug\\net7.0\\fine-code-coverage\\build-output\\blog.api.test.dll","CodeFilePath":null,"LineNumber":0,"Properties":[{"Key":{"Id":"NUnit.Seed","Label":"Seed","Category":"","Description":"","Attributes":0,"ValueType":"System.String"},"Value":"389831254"}]},"Attachments":[],"Outcome":1,"ErrorMessage":null,"ErrorStackTrace":null,"DisplayName":"TestRepositoryShouldGetPostByIdNotFound","Messages":[],"ComputerName":"ALK-10JV9X2","Duration":"00:00:00.0033560","StartTime":"2023-09-01T15:10:20.2122384+00:00","EndTime":"2023-09-01T15:10:20.2155938+00:00","Properties":[{"Key":{"Id":"NUnit.Seed","Label":"Seed","Category":"","Description":"","Attributes":0,"ValueType":"System.String"},"Value":"389831254"}]},{"TestCase":{"Id":"91ef1fc2-a63f-18f3-cdb7-2990cba87300","FullyQualifiedName":"blog.api.test.PostRepositoryTest.TestRepositoryShouldListByOwner","DisplayName":"TestRepositoryShouldListByOwner","ExecutorUri":"executor://NUnit3TestExecutor","Source":"C:\\repo_mediamonk\\test5\\blog\\blog.api.test\\bin\\Debug\\net7.0\\fine-code-coverage\\build-output\\blog.api.test.dll","CodeFilePath":null,"LineNumber":0,"Properties":[{"Key":{"Id":"NUnit.Seed","Label":"Seed","Category":"","Description":"","Attributes":0,"ValueType":"System.String"},"Value":"2132060566"}]},"Attachments":[],"Outcome":1,"ErrorMessage":null,"ErrorStackTrace":null,"DisplayName":"TestRepositoryShouldListByOwner","Messages":[],"ComputerName":"ALK-10JV9X2","Duration":"00:00:00.0058860","StartTime":"2023-09-01T15:10:20.2156222+00:00","EndTime":"2023-09-01T15:10:20.2215069+00:00","Properties":[{"Key":{"Id":"NUnit.Seed","Label":"Seed","Category":"","Description":"","Attributes":0,"ValueType":"System.String"},"Value":"2132060566"}]},{"TestCase":{"Id":"e81f75e1-17e1-61cb-811d-278b22254124","FullyQualifiedName":"blog.api.test.PostRepositoryTest.TestRepositoryShouldListByOwnerNoPostFound","DisplayName":"TestRepositoryShouldListByOwnerNoPostFound","ExecutorUri":"executor://NUnit3TestExecutor","Source":"C:\\repo_mediamonk\\test5\\blog\\blog.api.test\\bin\\Debug\\net7.0\\fine-code-coverage\\build-output\\blog.api.test.dll","CodeFilePath":null,"LineNumber":0,"Properties":[{"Key":{"Id":"NUnit.Seed","Label":"Seed","Category":"","Description":"","Attributes":0,"ValueType":"System.String"},"Value":"63183299"}]},"Attachments":[],"Outcome":1,"ErrorMessage":null,"ErrorStackTrace":null,"DisplayName":"TestRepositoryShouldListByOwnerNoPostFound","Messages":[],"ComputerName":"ALK-10JV9X2","Duration":"00:00:00.0032420","StartTime":"2023-09-01T15:10:20.2215373+00:00","EndTime":"2023-09-01T15:10:20.2247791+00:00","Properties":[{"Key":{"Id":"NUnit.Seed","Label":"Seed","Category":"","Description":"","Attributes":0,"ValueType":"System.String"},"Value":"63183299"}]},{"TestCase":{"Id":"19ec8ece-c694-6bdf-b041-83265e689eb0","FullyQualifiedName":"blog.api.test.PostRepositoryTest.TestRepositoryShouldListPosts","DisplayName":"TestRepositoryShouldListPosts","ExecutorUri":"executor://NUnit3TestExecutor","Source":"C:\\repo_mediamonk\\test5\\blog\\blog.api.test\\bin\\Debug\\net7.0\\fine-code-coverage\\build-output\\blog.api.test.dll","CodeFilePath":null,"LineNumber":0,"Properties":[{"Key":{"Id":"NUnit.Seed","Label":"Seed","Category":"","Description":"","Attributes":0,"ValueType":"System.String"},"Value":"1467145237"}]},"Attachments":[],"Outcome":1,"ErrorMessage":null,"ErrorStackTrace":null,"DisplayName":"TestRepositoryShouldListPosts","Messages":[],"ComputerName":"ALK-10JV9X2","Duration":"00:00:00.0062490","StartTime":"2023-09-01T15:10:20.22481+00:00","EndTime":"2023-09-01T15:10:20.2310583+00:00","Properties":[{"Key":{"Id":"NUnit.Seed","Label":"Seed","Category":"","Description":"","Attributes":0,"ValueType":"System.String"},"Value":"1467145237"}]}],"TestRunStatistics":{"ExecutedTests":45,"Stats":{"Passed":45}},"ActiveTests":[{"Id":"4bc1e11f-e2d7-1e62-2c89-b266de1366d8","FullyQualifiedName":"blog.api.test.PostServiceTest.TestPostServiceShouldGetPostById","DisplayName":"TestPostServiceShouldGetPostById","ExecutorUri":"executor://NUnit3TestExecutor","Source":"C:\\repo_mediamonk\\test5\\blog\\blog.api.test\\bin\\Debug\\net7.0\\fine-code-coverage\\build-output\\blog.api.test.dll","CodeFilePath":null,"LineNumber":0,"Properties":[{"Key":{"Id":"NUnit.Seed","Label":"Seed","Category":"","Description":"","Attributes":0,"ValueType":"System.String"},"Value":"1976813394"}]}]}}
TpTrace Verbose: 0 : 22312, 13, 2023/09/01, 12:10:20.240, 2446709682400, vstest.console.dll, TestRunRequest:SendTestRunStatsChange: Starting.
TpTrace Verbose: 0 : 22312, 13, 2023/09/01, 12:10:20.240, 2446709683360, vstest.console.dll, InProgress is TestPostServiceShouldGetPostById
TpTrace Verbose: 0 : 22312, 13, 2023/09/01, 12:10:20.240, 2446709684324, vstest.console.dll, MulticastDelegateUtilities.SafeInvoke: TestRun.RunStatsChanged: Invoking callbacks was skipped because there are no subscribers.
TpTrace Information: 0 : 22312, 13, 2023/09/01, 12:10:20.240, 2446709684794, vstest.console.dll, TestRunRequest:SendTestRunStatsChange: Completed.
TpTrace Verbose: 0 : 22312, 13, 2023/09/01, 12:10:20.240, 2446709685977, vstest.console.dll, MulticastDelegateUtilities.SafeInvoke: LengthPrefixCommunicationChannel: MessageReceived: Invoking callback 1/1 for Microsoft.VisualStudio.TestPlatform.CommunicationUtilities.TestRequestSender+<>c__DisplayClass34_0., took 1 ms.
TpTrace Verbose: 0 : 22312, 4, 2023/09/01, 12:10:20.240, 2446709685113, vstest.console.dll, MulticastDelegateUtilities.SafeInvoke: InternalTestLoggerEvents.SendTestResult: Invoking callback 1/1 for Microsoft.VisualStudio.TestPlatform.CommandLine.Internal.ConsoleLogger., took 0 ms.
TpTrace Verbose: 0 : 22312, 13, 2023/09/01, 12:10:20.240, 2446709686598, vstest.console.dll, TcpClientExtensions.MessageLoopAsync: Polling on remoteEndPoint: 127.0.0.1:59842 localEndPoint: 127.0.0.1:59840
TpTrace Verbose: 0 : 22312, 4, 2023/09/01, 12:10:20.240, 2446709688229, vstest.console.dll, MulticastDelegateUtilities.SafeInvoke: InternalTestLoggerEvents.SendTestResult: Invoking callback 1/1 for Microsoft.VisualStudio.TestPlatform.CommandLine.Internal.ConsoleLogger., took 0 ms.
TpTrace Verbose: 0 : 22312, 4, 2023/09/01, 12:10:20.240, 2446709690167, vstest.console.dll, MulticastDelegateUtilities.SafeInvoke: InternalTestLoggerEvents.SendTestResult: Invoking callback 1/1 for Microsoft.VisualStudio.TestPlatform.CommandLine.Internal.ConsoleLogger., took 0 ms.
TpTrace Verbose: 0 : 22312, 4, 2023/09/01, 12:10:20.241, 2446709691308, vstest.console.dll, MulticastDelegateUtilities.SafeInvoke: InternalTestLoggerEvents.SendTestResult: Invoking callback 1/1 for Microsoft.VisualStudio.TestPlatform.CommandLine.Internal.ConsoleLogger., took 0 ms.
TpTrace Verbose: 0 : 22312, 4, 2023/09/01, 12:10:20.241, 2446709692828, vstest.console.dll, MulticastDelegateUtilities.SafeInvoke: InternalTestLoggerEvents.SendTestResult: Invoking callback 1/1 for Microsoft.VisualStudio.TestPlatform.CommandLine.Internal.ConsoleLogger., took 0 ms.
TpTrace Verbose: 0 : 22312, 4, 2023/09/01, 12:10:20.241, 2446709695226, vstest.console.dll, MulticastDelegateUtilities.SafeInvoke: InternalTestLoggerEvents.SendTestResult: Invoking callback 1/1 for Microsoft.VisualStudio.TestPlatform.CommandLine.Internal.ConsoleLogger., took 0 ms.
TpTrace Verbose: 0 : 22312, 4, 2023/09/01, 12:10:20.241, 2446709696386, vstest.console.dll, MulticastDelegateUtilities.SafeInvoke: InternalTestLoggerEvents.SendTestResult: Invoking callback 1/1 for Microsoft.VisualStudio.TestPlatform.CommandLine.Internal.ConsoleLogger., took 0 ms.
TpTrace Verbose: 0 : 22312, 4, 2023/09/01, 12:10:20.241, 2446709697111, vstest.console.dll, MulticastDelegateUtilities.SafeInvoke: InternalTestLoggerEvents.SendTestResult: Invoking callback 1/1 for Microsoft.VisualStudio.TestPlatform.CommandLine.Internal.ConsoleLogger., took 0 ms.
TpTrace Verbose: 0 : 22312, 4, 2023/09/01, 12:10:20.241, 2446709697862, vstest.console.dll, MulticastDelegateUtilities.SafeInvoke: InternalTestLoggerEvents.SendTestResult: Invoking callback 1/1 for Microsoft.VisualStudio.TestPlatform.CommandLine.Internal.ConsoleLogger., took 0 ms.
TpTrace Verbose: 0 : 22312, 13, 2023/09/01, 12:10:20.293, 2446710217373, vstest.console.dll, TcpClientExtensions.MessageLoopAsync: NotifyDataAvailable remoteEndPoint: 127.0.0.1:59842 localEndPoint: 127.0.0.1:59840
TpTrace Verbose: 0 : 22312, 13, 2023/09/01, 12:10:20.294, 2446710221602, vstest.console.dll, TestRequestSender.OnExecutionMessageReceived: Received message: {"Version":7,"MessageType":"TestExecution.StatsChange","Payload":{"NewTestResults":[{"TestCase":{"Id":"4bc1e11f-e2d7-1e62-2c89-b266de1366d8","FullyQualifiedName":"blog.api.test.PostServiceTest.TestPostServiceShouldGetPostById","DisplayName":"TestPostServiceShouldGetPostById","ExecutorUri":"executor://NUnit3TestExecutor","Source":"C:\\repo_mediamonk\\test5\\blog\\blog.api.test\\bin\\Debug\\net7.0\\fine-code-coverage\\build-output\\blog.api.test.dll","CodeFilePath":null,"LineNumber":0,"Properties":[{"Key":{"Id":"NUnit.Seed","Label":"Seed","Category":"","Description":"","Attributes":0,"ValueType":"System.String"},"Value":"1976813394"}]},"Attachments":[],"Outcome":1,"ErrorMessage":null,"ErrorStackTrace":null,"DisplayName":"TestPostServiceShouldGetPostById","Messages":[],"ComputerName":"ALK-10JV9X2","Duration":"00:00:00.0026500","StartTime":"2023-09-01T15:10:20.2313098+00:00","EndTime":"2023-09-01T15:10:20.2339597+00:00","Properties":[{"Key":{"Id":"NUnit.Seed","Label":"Seed","Category":"","Description":"","Attributes":0,"ValueType":"System.String"},"Value":"1976813394"}]},{"TestCase":{"Id":"94974fe2-034d-8000-d87c-e751b59104a9","FullyQualifiedName":"blog.api.test.PostServiceTest.TestPostServiceShouldGetPostByIdNotFound","DisplayName":"TestPostServiceShouldGetPostByIdNotFound","ExecutorUri":"executor://NUnit3TestExecutor","Source":"C:\\repo_mediamonk\\test5\\blog\\blog.api.test\\bin\\Debug\\net7.0\\fine-code-coverage\\build-output\\blog.api.test.dll","CodeFilePath":null,"LineNumber":0,"Properties":[{"Key":{"Id":"NUnit.Seed","Label":"Seed","Category":"","Description":"","Attributes":0,"ValueType":"System.String"},"Value":"639436559"}]},"Attachments":[],"Outcome":1,"ErrorMessage":null,"ErrorStackTrace":null,"DisplayName":"TestPostServiceShouldGetPostByIdNotFound","Messages":[],"ComputerName":"ALK-10JV9X2","Duration":"00:00:00.0025350","StartTime":"2023-09-01T15:10:20.2339858+00:00","EndTime":"2023-09-01T15:10:20.2365203+00:00","Properties":[{"Key":{"Id":"NUnit.Seed","Label":"Seed","Category":"","Description":"","Attributes":0,"ValueType":"System.String"},"Value":"639436559"}]},{"TestCase":{"Id":"4340e37b-87d3-c26e-efdd-56bf2f387b53","FullyQualifiedName":"blog.api.test.PostServiceTest.TestPostServiceShouldGetPostByIdWithOwnUser(True)","DisplayName":"TestPostServiceShouldGetPostByIdWithOwnUser(True)","ExecutorUri":"executor://NUnit3TestExecutor","Source":"C:\\repo_mediamonk\\test5\\blog\\blog.api.test\\bin\\Debug\\net7.0\\fine-code-coverage\\build-output\\blog.api.test.dll","CodeFilePath":null,"LineNumber":0,"Properties":[{"Key":{"Id":"NUnit.Seed","Label":"Seed","Category":"","Description":"","Attributes":0,"ValueType":"System.String"},"Value":"1267978164"}]},"Attachments":[],"Outcome":1,"ErrorMessage":null,"ErrorStackTrace":null,"DisplayName":"TestPostServiceShouldGetPostByIdWithOwnUser(True)","Messages":[],"ComputerName":"ALK-10JV9X2","Duration":"00:00:00.0096200","StartTime":"2023-09-01T15:10:20.2365819+00:00","EndTime":"2023-09-01T15:10:20.2462016+00:00","Properties":[{"Key":{"Id":"NUnit.Seed","Label":"Seed","Category":"","Description":"","Attributes":0,"ValueType":"System.String"},"Value":"1267978164"}]},{"TestCase":{"Id":"9d7d0962-7536-6d98-ab87-c8ff514c40bc","FullyQualifiedName":"blog.api.test.PostServiceTest.TestPostServiceShouldGetPostByIdWithOwnUser(False)","DisplayName":"TestPostServiceShouldGetPostByIdWithOwnUser(False)","ExecutorUri":"executor://NUnit3TestExecutor","Source":"C:\\repo_mediamonk\\test5\\blog\\blog.api.test\\bin\\Debug\\net7.0\\fine-code-coverage\\build-output\\blog.api.test.dll","CodeFilePath":null,"LineNumber":0,"Properties":[{"Key":{"Id":"NUnit.Seed","Label":"Seed","Category":"","Description":"","Attributes":0,"ValueType":"System.String"},"Value":"1806404366"}]},"Attachments":[],"Outcome":1,"ErrorMessage":null,"ErrorStackTrace":null,"DisplayName":"TestPostServiceShouldGetPostByIdWithOwnUser(False)","Messages":[],"ComputerName":"ALK-10JV9X2","Duration":"00:00:00.0090570","StartTime":"2023-09-01T15:10:20.2462386+00:00","EndTime":"2023-09-01T15:10:20.2552949+00:00","Properties":[{"Key":{"Id":"NUnit.Seed","Label":"Seed","Category":"","Description":"","Attributes":0,"ValueType":"System.String"},"Value":"1806404366"}]},{"TestCase":{"Id":"b41170af-cc64-89a4-e855-8e5e5250ca79","FullyQualifiedName":"blog.api.test.PostServiceTest.TestPostServiceShouldListPosts","DisplayName":"TestPostServiceShouldListPosts","ExecutorUri":"executor://NUnit3TestExecutor","Source":"C:\\repo_mediamonk\\test5\\blog\\blog.api.test\\bin\\Debug\\net7.0\\fine-code-coverage\\build-output\\blog.api.test.dll","CodeFilePath":null,"LineNumber":0,"Properties":[{"Key":{"Id":"NUnit.Seed","Label":"Seed","Category":"","Description":"","Attributes":0,"ValueType":"System.String"},"Value":"990272919"}]},"Attachments":[],"Outcome":1,"ErrorMessage":null,"ErrorStackTrace":null,"DisplayName":"TestPostServiceShouldListPosts","Messages":[],"ComputerName":"ALK-10JV9X2","Duration":"00:00:00.0034690","StartTime":"2023-09-01T15:10:20.2553695+00:00","EndTime":"2023-09-01T15:10:20.2588379+00:00","Properties":[{"Key":{"Id":"NUnit.Seed","Label":"Seed","Category":"","Description":"","Attributes":0,"ValueType":"System.String"},"Value":"990272919"}]},{"TestCase":{"Id":"5c6c4e8c-148b-52bd-ffc0-dd73ff407fab","FullyQualifiedName":"blog.api.test.PostServiceTest.TestPostServiceShouldSavePost","DisplayName":"TestPostServiceShouldSavePost","ExecutorUri":"executor://NUnit3TestExecutor","Source":"C:\\repo_mediamonk\\test5\\blog\\blog.api.test\\bin\\Debug\\net7.0\\fine-code-coverage\\build-output\\blog.api.test.dll","CodeFilePath":null,"LineNumber":0,"Properties":[{"Key":{"Id":"NUnit.Seed","Label":"Seed","Category":"","Description":"","Attributes":0,"ValueType":"System.String"},"Value":"1296372055"}]},"Attachments":[],"Outcome":1,"ErrorMessage":null,"ErrorStackTrace":null,"DisplayName":"TestPostServiceShouldSavePost","Messages":[],"ComputerName":"ALK-10JV9X2","Duration":"00:00:00.0024150","StartTime":"2023-09-01T15:10:20.258864+00:00","EndTime":"2023-09-01T15:10:20.2612783+00:00","Properties":[{"Key":{"Id":"NUnit.Seed","Label":"Seed","Category":"","Description":"","Attributes":0,"ValueType":"System.String"},"Value":"1296372055"}]},{"TestCase":{"Id":"416afe27-467b-e682-4027-516bad666e2b","FullyQualifiedName":"blog.api.test.PostServiceTest.TestServiceShouldAddCommentCannotBecauseStatusNone","DisplayName":"TestServiceShouldAddCommentCannotBecauseStatusNone","ExecutorUri":"executor://NUnit3TestExecutor","Source":"C:\\repo_mediamonk\\test5\\blog\\blog.api.test\\bin\\Debug\\net7.0\\fine-code-coverage\\build-output\\blog.api.test.dll","CodeFilePath":null,"LineNumber":0,"Properties":[{"Key":{"Id":"NUnit.Seed","Label":"Seed","Category":"","Description":"","Attributes":0,"ValueType":"System.String"},"Value":"2000664567"}]},"Attachments":[],"Outcome":1,"ErrorMessage":null,"ErrorStackTrace":null,"DisplayName":"TestServiceShouldAddCommentCannotBecauseStatusNone","Messages":[],"ComputerName":"ALK-10JV9X2","Duration":"00:00:00.0056280","StartTime":"2023-09-01T15:10:20.2613123+00:00","EndTime":"2023-09-01T15:10:20.26694+00:00","Properties":[{"Key":{"Id":"NUnit.Seed","Label":"Seed","Category":"","Description":"","Attributes":0,"ValueType":"System.String"},"Value":"2000664567"}]},{"TestCase":{"Id":"7be82566-872b-8fab-04f4-d6de5f1baf01","FullyQualifiedName":"blog.api.test.PostServiceTest.TestServiceShouldAddCommentCannotBecauseStatusPendingApproval","DisplayName":"TestServiceShouldAddCommentCannotBecauseStatusPendingApproval","ExecutorUri":"executor://NUnit3TestExecutor","Source":"C:\\repo_mediamonk\\test5\\blog\\blog.api.test\\bin\\Debug\\net7.0\\fine-code-coverage\\build-output\\blog.api.test.dll","CodeFilePath":null,"LineNumber":0,"Properties":[{"Key":{"Id":"NUnit.Seed","Label":"Seed","Category":"","Description":"","Attributes":0,"ValueType":"System.String"},"Value":"377016848"}]},"Attachments":[],"Outcome":1,"ErrorMessage":null,"ErrorStackTrace":null,"DisplayName":"TestServiceShouldAddCommentCannotBecauseStatusPendingApproval","Messages":[],"ComputerName":"ALK-10JV9X2","Duration":"00:00:00.0043430","StartTime":"2023-09-01T15:10:20.2669688+00:00","EndTime":"2023-09-01T15:10:20.2713116+00:00","Properties":[{"Key":{"Id":"NUnit.Seed","Label":"Seed","Category":"","Description":"","Attributes":0,"ValueType":"System.String"},"Value":"377016848"}]},{"TestCase":{"Id":"15508e21-46e1-df9e-1dd6-9483b683a42a","FullyQualifiedName":"blog.api.test.PostServiceTest.TestServiceShouldAddCommentCannotBecauseStatusRejected","DisplayName":"TestServiceShouldAddCommentCannotBecauseStatusRejected","ExecutorUri":"executor://NUnit3TestExecutor","Source":"C:\\repo_mediamonk\\test5\\blog\\blog.api.test\\bin\\Debug\\net7.0\\fine-code-coverage\\build-output\\blog.api.test.dll","CodeFilePath":null,"LineNumber":0,"Properties":[{"Key":{"Id":"NUnit.Seed","Label":"Seed","Category":"","Description":"","Attributes":0,"ValueType":"System.String"},"Value":"1045831656"}]},"Attachments":[],"Outcome":1,"ErrorMessage":null,"ErrorStackTrace":null,"DisplayName":"TestServiceShouldAddCommentCannotBecauseStatusRejected","Messages":[],"ComputerName":"ALK-10JV9X2","Duration":"00:00:00.0048890","StartTime":"2023-09-01T15:10:20.271348+00:00","EndTime":"2023-09-01T15:10:20.2762364+00:00","Properties":[{"Key":{"Id":"NUnit.Seed","Label":"Seed","Category":"","Description":"","Attributes":0,"ValueType":"System.String"},"Value":"1045831656"}]}],"TestRunStatistics":{"ExecutedTests":54,"Stats":{"Passed":54}},"ActiveTests":[{"Id":"e3a19c29-8da3-c268-237d-9c584f5abaa8","FullyQualifiedName":"blog.api.test.PostServiceTest.TestServiceShouldAddCommentToPublishedPost","DisplayName":"TestServiceShouldAddCommentToPublishedPost","ExecutorUri":"executor://NUnit3TestExecutor","Source":"C:\\repo_mediamonk\\test5\\blog\\blog.api.test\\bin\\Debug\\net7.0\\fine-code-coverage\\build-output\\blog.api.test.dll","CodeFilePath":null,"LineNumber":0,"Properties":[{"Key":{"Id":"NUnit.Seed","Label":"Seed","Category":"","Description":"","Attributes":0,"ValueType":"System.String"},"Value":"921592326"}]}]}}
TpTrace Verbose: 0 : 22312, 13, 2023/09/01, 12:10:20.296, 2446710242432, vstest.console.dll, TestRunRequest:SendTestRunStatsChange: Starting.
TpTrace Verbose: 0 : 22312, 13, 2023/09/01, 12:10:20.296, 2446710243939, vstest.console.dll, InProgress is TestServiceShouldAddCommentToPublishedPost
TpTrace Verbose: 0 : 22312, 13, 2023/09/01, 12:10:20.296, 2446710245171, vstest.console.dll, MulticastDelegateUtilities.SafeInvoke: TestRun.RunStatsChanged: Invoking callbacks was skipped because there are no subscribers.
TpTrace Verbose: 0 : 22312, 4, 2023/09/01, 12:10:20.296, 2446710245707, vstest.console.dll, MulticastDelegateUtilities.SafeInvoke: InternalTestLoggerEvents.SendTestResult: Invoking callback 1/1 for Microsoft.VisualStudio.TestPlatform.CommandLine.Internal.ConsoleLogger., took 0 ms.
TpTrace Information: 0 : 22312, 13, 2023/09/01, 12:10:20.296, 2446710245862, vstest.console.dll, TestRunRequest:SendTestRunStatsChange: Completed.
TpTrace Verbose: 0 : 22312, 4, 2023/09/01, 12:10:20.296, 2446710247192, vstest.console.dll, MulticastDelegateUtilities.SafeInvoke: InternalTestLoggerEvents.SendTestResult: Invoking callback 1/1 for Microsoft.VisualStudio.TestPlatform.CommandLine.Internal.ConsoleLogger., took 0 ms.
TpTrace Verbose: 0 : 22312, 13, 2023/09/01, 12:10:20.296, 2446710247751, vstest.console.dll, MulticastDelegateUtilities.SafeInvoke: LengthPrefixCommunicationChannel: MessageReceived: Invoking callback 1/1 for Microsoft.VisualStudio.TestPlatform.CommunicationUtilities.TestRequestSender+<>c__DisplayClass34_0., took 2 ms.
TpTrace Verbose: 0 : 22312, 4, 2023/09/01, 12:10:20.296, 2446710249248, vstest.console.dll, MulticastDelegateUtilities.SafeInvoke: InternalTestLoggerEvents.SendTestResult: Invoking callback 1/1 for Microsoft.VisualStudio.TestPlatform.CommandLine.Internal.ConsoleLogger., took 0 ms.
TpTrace Verbose: 0 : 22312, 13, 2023/09/01, 12:10:20.296, 2446710249565, vstest.console.dll, TcpClientExtensions.MessageLoopAsync: Polling on remoteEndPoint: 127.0.0.1:59842 localEndPoint: 127.0.0.1:59840
TpTrace Verbose: 0 : 22312, 4, 2023/09/01, 12:10:20.297, 2446710250915, vstest.console.dll, MulticastDelegateUtilities.SafeInvoke: InternalTestLoggerEvents.SendTestResult: Invoking callback 1/1 for Microsoft.VisualStudio.TestPlatform.CommandLine.Internal.ConsoleLogger., took 0 ms.
TpTrace Verbose: 0 : 22312, 4, 2023/09/01, 12:10:20.297, 2446710252548, vstest.console.dll, MulticastDelegateUtilities.SafeInvoke: InternalTestLoggerEvents.SendTestResult: Invoking callback 1/1 for Microsoft.VisualStudio.TestPlatform.CommandLine.Internal.ConsoleLogger., took 0 ms.
TpTrace Verbose: 0 : 22312, 4, 2023/09/01, 12:10:20.297, 2446710254046, vstest.console.dll, MulticastDelegateUtilities.SafeInvoke: InternalTestLoggerEvents.SendTestResult: Invoking callback 1/1 for Microsoft.VisualStudio.TestPlatform.CommandLine.Internal.ConsoleLogger., took 0 ms.
TpTrace Verbose: 0 : 22312, 4, 2023/09/01, 12:10:20.297, 2446710255278, vstest.console.dll, MulticastDelegateUtilities.SafeInvoke: InternalTestLoggerEvents.SendTestResult: Invoking callback 1/1 for Microsoft.VisualStudio.TestPlatform.CommandLine.Internal.ConsoleLogger., took 0 ms.
TpTrace Verbose: 0 : 22312, 4, 2023/09/01, 12:10:20.297, 2446710256374, vstest.console.dll, MulticastDelegateUtilities.SafeInvoke: InternalTestLoggerEvents.SendTestResult: Invoking callback 1/1 for Microsoft.VisualStudio.TestPlatform.CommandLine.Internal.ConsoleLogger., took 0 ms.
TpTrace Verbose: 0 : 22312, 4, 2023/09/01, 12:10:20.297, 2446710257516, vstest.console.dll, MulticastDelegateUtilities.SafeInvoke: InternalTestLoggerEvents.SendTestResult: Invoking callback 1/1 for Microsoft.VisualStudio.TestPlatform.CommandLine.Internal.ConsoleLogger., took 0 ms.
TpTrace Verbose: 0 : 22312, 13, 2023/09/01, 12:10:20.348, 2446710764723, vstest.console.dll, TcpClientExtensions.MessageLoopAsync: NotifyDataAvailable remoteEndPoint: 127.0.0.1:59842 localEndPoint: 127.0.0.1:59840
TpTrace Verbose: 0 : 22312, 13, 2023/09/01, 12:10:20.348, 2446710767814, vstest.console.dll, TestRequestSender.OnExecutionMessageReceived: Received message: {"Version":7,"MessageType":"TestExecution.StatsChange","Payload":{"NewTestResults":[{"TestCase":{"Id":"e3a19c29-8da3-c268-237d-9c584f5abaa8","FullyQualifiedName":"blog.api.test.PostServiceTest.TestServiceShouldAddCommentToPublishedPost","DisplayName":"TestServiceShouldAddCommentToPublishedPost","ExecutorUri":"executor://NUnit3TestExecutor","Source":"C:\\repo_mediamonk\\test5\\blog\\blog.api.test\\bin\\Debug\\net7.0\\fine-code-coverage\\build-output\\blog.api.test.dll","CodeFilePath":null,"LineNumber":0,"Properties":[{"Key":{"Id":"NUnit.Seed","Label":"Seed","Category":"","Description":"","Attributes":0,"ValueType":"System.String"},"Value":"921592326"}]},"Attachments":[],"Outcome":1,"ErrorMessage":null,"ErrorStackTrace":null,"DisplayName":"TestServiceShouldAddCommentToPublishedPost","Messages":[],"ComputerName":"ALK-10JV9X2","Duration":"00:00:00.0259260","StartTime":"2023-09-01T15:10:20.2762747+00:00","EndTime":"2023-09-01T15:10:20.3021995+00:00","Properties":[{"Key":{"Id":"NUnit.Seed","Label":"Seed","Category":"","Description":"","Attributes":0,"ValueType":"System.String"},"Value":"921592326"}]},{"TestCase":{"Id":"1b1230c7-d409-c14c-dd0d-653e519b13c9","FullyQualifiedName":"blog.api.test.PostServiceTest.TestServiceShouldAddPostInvalidContentOrTitle(null,\"a\")","DisplayName":"TestServiceShouldAddPostInvalidContentOrTitle(null,\"a\")","ExecutorUri":"executor://NUnit3TestExecutor","Source":"C:\\repo_mediamonk\\test5\\blog\\blog.api.test\\bin\\Debug\\net7.0\\fine-code-coverage\\build-output\\blog.api.test.dll","CodeFilePath":null,"LineNumber":0,"Properties":[{"Key":{"Id":"NUnit.Seed","Label":"Seed","Category":"","Description":"","Attributes":0,"ValueType":"System.String"},"Value":"774389825"}]},"Attachments":[],"Outcome":1,"ErrorMessage":null,"ErrorStackTrace":null,"DisplayName":"TestServiceShouldAddPostInvalidContentOrTitle(null,\"a\")","Messages":[],"ComputerName":"ALK-10JV9X2","Duration":"00:00:00.0033930","StartTime":"2023-09-01T15:10:20.3022868+00:00","EndTime":"2023-09-01T15:10:20.3056797+00:00","Properties":[{"Key":{"Id":"NUnit.Seed","Label":"Seed","Category":"","Description":"","Attributes":0,"ValueType":"System.String"},"Value":"774389825"}]},{"TestCase":{"Id":"f457dacf-f246-c5f3-9a4b-764a1e6bf163","FullyQualifiedName":"blog.api.test.PostServiceTest.TestServiceShouldAddPostInvalidContentOrTitle(\"a\",null)","DisplayName":"TestServiceShouldAddPostInvalidContentOrTitle(\"a\",null)","ExecutorUri":"executor://NUnit3TestExecutor","Source":"C:\\repo_mediamonk\\test5\\blog\\blog.api.test\\bin\\Debug\\net7.0\\fine-code-coverage\\build-output\\blog.api.test.dll","CodeFilePath":null,"LineNumber":0,"Properties":[{"Key":{"Id":"NUnit.Seed","Label":"Seed","Category":"","Description":"","Attributes":0,"ValueType":"System.String"},"Value":"905678387"}]},"Attachments":[],"Outcome":1,"ErrorMessage":null,"ErrorStackTrace":null,"DisplayName":"TestServiceShouldAddPostInvalidContentOrTitle(\"a\",null)","Messages":[],"ComputerName":"ALK-10JV9X2","Duration":"00:00:00.0014319","StartTime":"2023-09-01T15:10:20.305712+00:00","EndTime":"2023-09-01T15:10:20.3071434+00:00","Properties":[{"Key":{"Id":"NUnit.Seed","Label":"Seed","Category":"","Description":"","Attributes":0,"ValueType":"System.String"},"Value":"905678387"}]},{"TestCase":{"Id":"57bcb363-1214-d1b1-ad2d-1c366451db55","FullyQualifiedName":"blog.api.test.PostServiceTest.TestServiceShouldAddPostInvalidContentOrTitle(null,null)","DisplayName":"TestServiceShouldAddPostInvalidContentOrTitle(null,null)","ExecutorUri":"executor://NUnit3TestExecutor","Source":"C:\\repo_mediamonk\\test5\\blog\\blog.api.test\\bin\\Debug\\net7.0\\fine-code-coverage\\build-output\\blog.api.test.dll","CodeFilePath":null,"LineNumber":0,"Properties":[{"Key":{"Id":"NUnit.Seed","Label":"Seed","Category":"","Description":"","Attributes":0,"ValueType":"System.String"},"Value":"1119422964"}]},"Attachments":[],"Outcome":1,"ErrorMessage":null,"ErrorStackTrace":null,"DisplayName":"TestServiceShouldAddPostInvalidContentOrTitle(null,null)","Messages":[],"ComputerName":"ALK-10JV9X2","Duration":"00:00:00.0011300","StartTime":"2023-09-01T15:10:20.3071784+00:00","EndTime":"2023-09-01T15:10:20.3083079+00:00","Properties":[{"Key":{"Id":"NUnit.Seed","Label":"Seed","Category":"","Description":"","Attributes":0,"ValueType":"System.String"},"Value":"1119422964"}]},{"TestCase":{"Id":"36644c11-0e02-d43e-7c74-aab83190d6c8","FullyQualifiedName":"blog.api.test.PostServiceTest.TestServiceShouldApprovePostCannotBecauseStatusApproved","DisplayName":"TestServiceShouldApprovePostCannotBecauseStatusApproved","ExecutorUri":"executor://NUnit3TestExecutor","Source":"C:\\repo_mediamonk\\test5\\blog\\blog.api.test\\bin\\Debug\\net7.0\\fine-code-coverage\\build-output\\blog.api.test.dll","CodeFilePath":null,"LineNumber":0,"Properties":[{"Key":{"Id":"NUnit.Seed","Label":"Seed","Category":"","Description":"","Attributes":0,"ValueType":"System.String"},"Value":"1772166497"}]},"Attachments":[],"Outcome":1,"ErrorMessage":null,"ErrorStackTrace":null,"DisplayName":"TestServiceShouldApprovePostCannotBecauseStatusApproved","Messages":[],"ComputerName":"ALK-10JV9X2","Duration":"00:00:00.0086070","StartTime":"2023-09-01T15:10:20.3083771+00:00","EndTime":"2023-09-01T15:10:20.3169834+00:00","Properties":[{"Key":{"Id":"NUnit.Seed","Label":"Seed","Category":"","Description":"","Attributes":0,"ValueType":"System.String"},"Value":"1772166497"}]},{"TestCase":{"Id":"647f1681-b06e-3fa9-6dc0-0fd5f294e646","FullyQualifiedName":"blog.api.test.PostServiceTest.TestServiceShouldApprovePostCannotBecauseStatusNone","DisplayName":"TestServiceShouldApprovePostCannotBecauseStatusNone","ExecutorUri":"executor://NUnit3TestExecutor","Source":"C:\\repo_mediamonk\\test5\\blog\\blog.api.test\\bin\\Debug\\net7.0\\fine-code-coverage\\build-output\\blog.api.test.dll","CodeFilePath":null,"LineNumber":0,"Properties":[{"Key":{"Id":"NUnit.Seed","Label":"Seed","Category":"","Description":"","Attributes":0,"ValueType":"System.String"},"Value":"1486146618"}]},"Attachments":[],"Outcome":1,"ErrorMessage":null,"ErrorStackTrace":null,"DisplayName":"TestServiceShouldApprovePostCannotBecauseStatusNone","Messages":[],"ComputerName":"ALK-10JV9X2","Duration":"00:00:00.0061980","StartTime":"2023-09-01T15:10:20.3170234+00:00","EndTime":"2023-09-01T15:10:20.323221+00:00","Properties":[{"Key":{"Id":"NUnit.Seed","Label":"Seed","Category":"","Description":"","Attributes":0,"ValueType":"System.String"},"Value":"1486146618"}]},{"TestCase":{"Id":"bf264662-1374-774e-1c2e-5d78e72dc834","FullyQualifiedName":"blog.api.test.PostServiceTest.TestServiceShouldApprovePostCannotBecauseStatusRejected","DisplayName":"TestServiceShouldApprovePostCannotBecauseStatusRejected","ExecutorUri":"executor://NUnit3TestExecutor","Source":"C:\\repo_mediamonk\\test5\\blog\\blog.api.test\\bin\\Debug\\net7.0\\fine-code-coverage\\build-output\\blog.api.test.dll","CodeFilePath":null,"LineNumber":0,"Properties":[{"Key":{"Id":"NUnit.Seed","Label":"Seed","Category":"","Description":"","Attributes":0,"ValueType":"System.String"},"Value":"660233200"}]},"Attachments":[],"Outcome":1,"ErrorMessage":null,"ErrorStackTrace":null,"DisplayName":"TestServiceShouldApprovePostCannotBecauseStatusRejected","Messages":[],"ComputerName":"ALK-10JV9X2","Duration":"00:00:00.0083330","StartTime":"2023-09-01T15:10:20.3232569+00:00","EndTime":"2023-09-01T15:10:20.3315895+00:00","Properties":[{"Key":{"Id":"NUnit.Seed","Label":"Seed","Category":"","Description":"","Attributes":0,"ValueType":"System.String"},"Value":"660233200"}]},{"TestCase":{"Id":"bd4fda6a-1cda-f839-4265-a391243ee4cc","FullyQualifiedName":"blog.api.test.PostServiceTest.TestServiceShouldEditPost","DisplayName":"TestServiceShouldEditPost","ExecutorUri":"executor://NUnit3TestExecutor","Source":"C:\\repo_mediamonk\\test5\\blog\\blog.api.test\\bin\\Debug\\net7.0\\fine-code-coverage\\build-output\\blog.api.test.dll","CodeFilePath":null,"LineNumber":0,"Properties":[{"Key":{"Id":"NUnit.Seed","Label":"Seed","Category":"","Description":"","Attributes":0,"ValueType":"System.String"},"Value":"1602945574"}]},"Attachments":[],"Outcome":1,"ErrorMessage":null,"ErrorStackTrace":null,"DisplayName":"TestServiceShouldEditPost","Messages":[],"ComputerName":"ALK-10JV9X2","Duration":"00:00:00.0052210","StartTime":"2023-09-01T15:10:20.331632+00:00","EndTime":"2023-09-01T15:10:20.3368523+00:00","Properties":[{"Key":{"Id":"NUnit.Seed","Label":"Seed","Category":"","Description":"","Attributes":0,"ValueType":"System.String"},"Value":"1602945574"}]},{"TestCase":{"Id":"83e39004-53e8-71be-efa9-d0be3a2d019f","FullyQualifiedName":"blog.api.test.PostServiceTest.TestServiceShouldEditPostCannotBecauseNotNoneAndNotRejected(False)","DisplayName":"TestServiceShouldEditPostCannotBecauseNotNoneAndNotRejected(False)","ExecutorUri":"executor://NUnit3TestExecutor","Source":"C:\\repo_mediamonk\\test5\\blog\\blog.api.test\\bin\\Debug\\net7.0\\fine-code-coverage\\build-output\\blog.api.test.dll","CodeFilePath":null,"LineNumber":0,"Properties":[{"Key":{"Id":"NUnit.Seed","Label":"Seed","Category":"","Description":"","Attributes":0,"ValueType":"System.String"},"Value":"1447441519"}]},"Attachments":[],"Outcome":1,"ErrorMessage":null,"ErrorStackTrace":null,"DisplayName":"TestServiceShouldEditPostCannotBecauseNotNoneAndNotRejected(False)","Messages":[],"ComputerName":"ALK-10JV9X2","Duration":"00:00:00.0078940","StartTime":"2023-09-01T15:10:20.3369385+00:00","EndTime":"2023-09-01T15:10:20.3448314+00:00","Properties":[{"Key":{"Id":"NUnit.Seed","Label":"Seed","Category":"","Description":"","Attributes":0,"ValueType":"System.String"},"Value":"1447441519"}]}],"TestRunStatistics":{"ExecutedTests":63,"Stats":{"Passed":63}},"ActiveTests":[{"Id":"71c90c91-9dd1-de0e-71e2-e1e699d98476","FullyQualifiedName":"blog.api.test.PostServiceTest.TestServiceShouldEditPostCannotBecauseNotNoneAndNotRejected(True)","DisplayName":"TestServiceShouldEditPostCannotBecauseNotNoneAndNotRejected(True)","ExecutorUri":"executor://NUnit3TestExecutor","Source":"C:\\repo_mediamonk\\test5\\blog\\blog.api.test\\bin\\Debug\\net7.0\\fine-code-coverage\\build-output\\blog.api.test.dll","CodeFilePath":null,"LineNumber":0,"Properties":[{"Key":{"Id":"NUnit.Seed","Label":"Seed","Category":"","Description":"","Attributes":0,"ValueType":"System.String"},"Value":"1186028392"}]}]}}
TpTrace Verbose: 0 : 22312, 13, 2023/09/01, 12:10:20.350, 2446710782219, vstest.console.dll, TestRunRequest:SendTestRunStatsChange: Starting.
TpTrace Verbose: 0 : 22312, 13, 2023/09/01, 12:10:20.350, 2446710783343, vstest.console.dll, InProgress is TestServiceShouldEditPostCannotBecauseNotNoneAndNotRejected(True)
TpTrace Verbose: 0 : 22312, 13, 2023/09/01, 12:10:20.350, 2446710784352, vstest.console.dll, MulticastDelegateUtilities.SafeInvoke: TestRun.RunStatsChanged: Invoking callbacks was skipped because there are no subscribers.
TpTrace Information: 0 : 22312, 13, 2023/09/01, 12:10:20.350, 2446710784840, vstest.console.dll, TestRunRequest:SendTestRunStatsChange: Completed.
TpTrace Verbose: 0 : 22312, 4, 2023/09/01, 12:10:20.350, 2446710785043, vstest.console.dll, MulticastDelegateUtilities.SafeInvoke: InternalTestLoggerEvents.SendTestResult: Invoking callback 1/1 for Microsoft.VisualStudio.TestPlatform.CommandLine.Internal.ConsoleLogger., took 0 ms.
TpTrace Verbose: 0 : 22312, 13, 2023/09/01, 12:10:20.350, 2446710785451, vstest.console.dll, MulticastDelegateUtilities.SafeInvoke: LengthPrefixCommunicationChannel: MessageReceived: Invoking callback 1/1 for Microsoft.VisualStudio.TestPlatform.CommunicationUtilities.TestRequestSender+<>c__DisplayClass34_0., took 1 ms.
TpTrace Verbose: 0 : 22312, 4, 2023/09/01, 12:10:20.350, 2446710786875, vstest.console.dll, MulticastDelegateUtilities.SafeInvoke: InternalTestLoggerEvents.SendTestResult: Invoking callback 1/1 for Microsoft.VisualStudio.TestPlatform.CommandLine.Internal.ConsoleLogger., took 0 ms.
TpTrace Verbose: 0 : 22312, 4, 2023/09/01, 12:10:20.350, 2446710787831, vstest.console.dll, MulticastDelegateUtilities.SafeInvoke: InternalTestLoggerEvents.SendTestResult: Invoking callback 1/1 for Microsoft.VisualStudio.TestPlatform.CommandLine.Internal.ConsoleLogger., took 0 ms.
TpTrace Verbose: 0 : 22312, 13, 2023/09/01, 12:10:20.350, 2446710787845, vstest.console.dll, TcpClientExtensions.MessageLoopAsync: Polling on remoteEndPoint: 127.0.0.1:59842 localEndPoint: 127.0.0.1:59840
TpTrace Verbose: 0 : 22312, 4, 2023/09/01, 12:10:20.350, 2446710788757, vstest.console.dll, MulticastDelegateUtilities.SafeInvoke: InternalTestLoggerEvents.SendTestResult: Invoking callback 1/1 for Microsoft.VisualStudio.TestPlatform.CommandLine.Internal.ConsoleLogger., took 0 ms.
TpTrace Verbose: 0 : 22312, 4, 2023/09/01, 12:10:20.351, 2446710790550, vstest.console.dll, MulticastDelegateUtilities.SafeInvoke: InternalTestLoggerEvents.SendTestResult: Invoking callback 1/1 for Microsoft.VisualStudio.TestPlatform.CommandLine.Internal.ConsoleLogger., took 0 ms.
TpTrace Verbose: 0 : 22312, 4, 2023/09/01, 12:10:20.351, 2446710791293, vstest.console.dll, MulticastDelegateUtilities.SafeInvoke: InternalTestLoggerEvents.SendTestResult: Invoking callback 1/1 for Microsoft.VisualStudio.TestPlatform.CommandLine.Internal.ConsoleLogger., took 0 ms.
TpTrace Verbose: 0 : 22312, 4, 2023/09/01, 12:10:20.351, 2446710792146, vstest.console.dll, MulticastDelegateUtilities.SafeInvoke: InternalTestLoggerEvents.SendTestResult: Invoking callback 1/1 for Microsoft.VisualStudio.TestPlatform.CommandLine.Internal.ConsoleLogger., took 0 ms.
TpTrace Verbose: 0 : 22312, 4, 2023/09/01, 12:10:20.351, 2446710792890, vstest.console.dll, MulticastDelegateUtilities.SafeInvoke: InternalTestLoggerEvents.SendTestResult: Invoking callback 1/1 for Microsoft.VisualStudio.TestPlatform.CommandLine.Internal.ConsoleLogger., took 0 ms.
TpTrace Verbose: 0 : 22312, 4, 2023/09/01, 12:10:20.351, 2446710793711, vstest.console.dll, MulticastDelegateUtilities.SafeInvoke: InternalTestLoggerEvents.SendTestResult: Invoking callback 1/1 for Microsoft.VisualStudio.TestPlatform.CommandLine.Internal.ConsoleLogger., took 0 ms.
TpTrace Verbose: 0 : 22312, 13, 2023/09/01, 12:10:20.392, 2446711207357, vstest.console.dll, TcpClientExtensions.MessageLoopAsync: NotifyDataAvailable remoteEndPoint: 127.0.0.1:59842 localEndPoint: 127.0.0.1:59840
TpTrace Verbose: 0 : 22312, 13, 2023/09/01, 12:10:20.393, 2446711211304, vstest.console.dll, TestRequestSender.OnExecutionMessageReceived: Received message: {"Version":7,"MessageType":"TestExecution.StatsChange","Payload":{"NewTestResults":[{"TestCase":{"Id":"71c90c91-9dd1-de0e-71e2-e1e699d98476","FullyQualifiedName":"blog.api.test.PostServiceTest.TestServiceShouldEditPostCannotBecauseNotNoneAndNotRejected(True)","DisplayName":"TestServiceShouldEditPostCannotBecauseNotNoneAndNotRejected(True)","ExecutorUri":"executor://NUnit3TestExecutor","Source":"C:\\repo_mediamonk\\test5\\blog\\blog.api.test\\bin\\Debug\\net7.0\\fine-code-coverage\\build-output\\blog.api.test.dll","CodeFilePath":null,"LineNumber":0,"Properties":[{"Key":{"Id":"NUnit.Seed","Label":"Seed","Category":"","Description":"","Attributes":0,"ValueType":"System.String"},"Value":"1186028392"}]},"Attachments":[],"Outcome":1,"ErrorMessage":null,"ErrorStackTrace":null,"DisplayName":"TestServiceShouldEditPostCannotBecauseNotNoneAndNotRejected(True)","Messages":[],"ComputerName":"ALK-10JV9X2","Duration":"00:00:00.0081710","StartTime":"2023-09-01T15:10:20.3449115+00:00","EndTime":"2023-09-01T15:10:20.353083+00:00","Properties":[{"Key":{"Id":"NUnit.Seed","Label":"Seed","Category":"","Description":"","Attributes":0,"ValueType":"System.String"},"Value":"1186028392"}]},{"TestCase":{"Id":"9aaaa536-4846-f564-2da8-d1a30c8885ae","FullyQualifiedName":"blog.api.test.PostServiceTest.TestServiceShouldEditPostEvenRejected","DisplayName":"TestServiceShouldEditPostEvenRejected","ExecutorUri":"executor://NUnit3TestExecutor","Source":"C:\\repo_mediamonk\\test5\\blog\\blog.api.test\\bin\\Debug\\net7.0\\fine-code-coverage\\build-output\\blog.api.test.dll","CodeFilePath":null,"LineNumber":0,"Properties":[{"Key":{"Id":"NUnit.Seed","Label":"Seed","Category":"","Description":"","Attributes":0,"ValueType":"System.String"},"Value":"287683684"}]},"Attachments":[],"Outcome":1,"ErrorMessage":null,"ErrorStackTrace":null,"DisplayName":"TestServiceShouldEditPostEvenRejected","Messages":[],"ComputerName":"ALK-10JV9X2","Duration":"00:00:00.0063200","StartTime":"2023-09-01T15:10:20.3531386+00:00","EndTime":"2023-09-01T15:10:20.3594583+00:00","Properties":[{"Key":{"Id":"NUnit.Seed","Label":"Seed","Category":"","Description":"","Attributes":0,"ValueType":"System.String"},"Value":"287683684"}]},{"TestCase":{"Id":"b07cec1b-ca90-5eb1-3336-5b54b9d37a9f","FullyQualifiedName":"blog.api.test.PostServiceTest.TestServiceShouldEditPostNotFound","DisplayName":"TestServiceShouldEditPostNotFound","ExecutorUri":"executor://NUnit3TestExecutor","Source":"C:\\repo_mediamonk\\test5\\blog\\blog.api.test\\bin\\Debug\\net7.0\\fine-code-coverage\\build-output\\blog.api.test.dll","CodeFilePath":null,"LineNumber":0,"Properties":[{"Key":{"Id":"NUnit.Seed","Label":"Seed","Category":"","Description":"","Attributes":0,"ValueType":"System.String"},"Value":"1522049511"}]},"Attachments":[],"Outcome":1,"ErrorMessage":null,"ErrorStackTrace":null,"DisplayName":"TestServiceShouldEditPostNotFound","Messages":[],"ComputerName":"ALK-10JV9X2","Duration":"00:00:00.0020480","StartTime":"2023-09-01T15:10:20.3594948+00:00","EndTime":"2023-09-01T15:10:20.3615426+00:00","Properties":[{"Key":{"Id":"NUnit.Seed","Label":"Seed","Category":"","Description":"","Attributes":0,"ValueType":"System.String"},"Value":"1522049511"}]},{"TestCase":{"Id":"b1ec3c01-2f5e-c9df-fd22-546035ceb363","FullyQualifiedName":"blog.api.test.PostServiceTest.TestServiceShouldListByOwner","DisplayName":"TestServiceShouldListByOwner","ExecutorUri":"executor://NUnit3TestExecutor","Source":"C:\\repo_mediamonk\\test5\\blog\\blog.api.test\\bin\\Debug\\net7.0\\fine-code-coverage\\build-output\\blog.api.test.dll","CodeFilePath":null,"LineNumber":0,"Properties":[{"Key":{"Id":"NUnit.Seed","Label":"Seed","Category":"","Description":"","Attributes":0,"ValueType":"System.String"},"Value":"1769597925"}]},"Attachments":[],"Outcome":1,"ErrorMessage":null,"ErrorStackTrace":null,"DisplayName":"TestServiceShouldListByOwner","Messages":[],"ComputerName":"ALK-10JV9X2","Duration":"00:00:00.0041729","StartTime":"2023-09-01T15:10:20.3615684+00:00","EndTime":"2023-09-01T15:10:20.365741+00:00","Properties":[{"Key":{"Id":"NUnit.Seed","Label":"Seed","Category":"","Description":"","Attributes":0,"ValueType":"System.String"},"Value":"1769597925"}]},{"TestCase":{"Id":"3ca08e14-9369-601b-109b-3728abf980e6","FullyQualifiedName":"blog.api.test.PostServiceTest.TestServiceShouldListByOwnerNoPostFound","DisplayName":"TestServiceShouldListByOwnerNoPostFound","ExecutorUri":"executor://NUnit3TestExecutor","Source":"C:\\repo_mediamonk\\test5\\blog\\blog.api.test\\bin\\Debug\\net7.0\\fine-code-coverage\\build-output\\blog.api.test.dll","CodeFilePath":null,"LineNumber":0,"Properties":[{"Key":{"Id":"NUnit.Seed","Label":"Seed","Category":"","Description":"","Attributes":0,"ValueType":"System.String"},"Value":"1345378126"}]},"Attachments":[],"Outcome":1,"ErrorMessage":null,"ErrorStackTrace":null,"DisplayName":"TestServiceShouldListByOwnerNoPostFound","Messages":[],"ComputerName":"ALK-10JV9X2","Duration":"00:00:00.0026280","StartTime":"2023-09-01T15:10:20.365783+00:00","EndTime":"2023-09-01T15:10:20.3684109+00:00","Properties":[{"Key":{"Id":"NUnit.Seed","Label":"Seed","Category":"","Description":"","Attributes":0,"ValueType":"System.String"},"Value":"1345378126"}]},{"TestCase":{"Id":"00976f73-c2ce-2303-96b3-8a935976cbfe","FullyQualifiedName":"blog.api.test.PostServiceTest.TestServiceShouldRejectPostCannotBecauseStatusApproved","DisplayName":"TestServiceShouldRejectPostCannotBecauseStatusApproved","ExecutorUri":"executor://NUnit3TestExecutor","Source":"C:\\repo_mediamonk\\test5\\blog\\blog.api.test\\bin\\Debug\\net7.0\\fine-code-coverage\\build-output\\blog.api.test.dll","CodeFilePath":null,"LineNumber":0,"Properties":[{"Key":{"Id":"NUnit.Seed","Label":"Seed","Category":"","Description":"","Attributes":0,"ValueType":"System.String"},"Value":"1676819076"}]},"Attachments":[],"Outcome":1,"ErrorMessage":null,"ErrorStackTrace":null,"DisplayName":"TestServiceShouldRejectPostCannotBecauseStatusApproved","Messages":[],"ComputerName":"ALK-10JV9X2","Duration":"00:00:00.0056100","StartTime":"2023-09-01T15:10:20.3684401+00:00","EndTime":"2023-09-01T15:10:20.3740501+00:00","Properties":[{"Key":{"Id":"NUnit.Seed","Label":"Seed","Category":"","Description":"","Attributes":0,"ValueType":"System.String"},"Value":"1676819076"}]},{"TestCase":{"Id":"86094640-a0fb-f7d5-b6e6-151886cc46c4","FullyQualifiedName":"blog.api.test.PostServiceTest.TestServiceShouldRejectPostCannotBecauseStatusNone","DisplayName":"TestServiceShouldRejectPostCannotBecauseStatusNone","ExecutorUri":"executor://NUnit3TestExecutor","Source":"C:\\repo_mediamonk\\test5\\blog\\blog.api.test\\bin\\Debug\\net7.0\\fine-code-coverage\\build-output\\blog.api.test.dll","CodeFilePath":null,"LineNumber":0,"Properties":[{"Key":{"Id":"NUnit.Seed","Label":"Seed","Category":"","Description":"","Attributes":0,"ValueType":"System.String"},"Value":"1049927389"}]},"Attachments":[],"Outcome":1,"ErrorMessage":null,"ErrorStackTrace":null,"DisplayName":"TestServiceShouldRejectPostCannotBecauseStatusNone","Messages":[],"ComputerName":"ALK-10JV9X2","Duration":"00:00:00.0042960","StartTime":"2023-09-01T15:10:20.3740876+00:00","EndTime":"2023-09-01T15:10:20.3783837+00:00","Properties":[{"Key":{"Id":"NUnit.Seed","Label":"Seed","Category":"","Description":"","Attributes":0,"ValueType":"System.String"},"Value":"1049927389"}]},{"TestCase":{"Id":"d0c927fd-f8e8-da3c-a268-e65c731a9ff8","FullyQualifiedName":"blog.api.test.PostServiceTest.TestServiceShouldRejectPostCannotBecauseStatusRejected","DisplayName":"TestServiceShouldRejectPostCannotBecauseStatusRejected","ExecutorUri":"executor://NUnit3TestExecutor","Source":"C:\\repo_mediamonk\\test5\\blog\\blog.api.test\\bin\\Debug\\net7.0\\fine-code-coverage\\build-output\\blog.api.test.dll","CodeFilePath":null,"LineNumber":0,"Properties":[{"Key":{"Id":"NUnit.Seed","Label":"Seed","Category":"","Description":"","Attributes":0,"ValueType":"System.String"},"Value":"127960413"}]},"Attachments":[],"Outcome":1,"ErrorMessage":null,"ErrorStackTrace":null,"DisplayName":"TestServiceShouldRejectPostCannotBecauseStatusRejected","Messages":[],"ComputerName":"ALK-10JV9X2","Duration":"00:00:00.0058070","StartTime":"2023-09-01T15:10:20.3784179+00:00","EndTime":"2023-09-01T15:10:20.3842239+00:00","Properties":[{"Key":{"Id":"NUnit.Seed","Label":"Seed","Category":"","Description":"","Attributes":0,"ValueType":"System.String"},"Value":"127960413"}]},{"TestCase":{"Id":"991b8f75-da58-4009-10a2-294338a689ca","FullyQualifiedName":"blog.api.test.PostServiceTest.TestServiceShouldRejectPostWithCommentContentIsEmpty","DisplayName":"TestServiceShouldRejectPostWithCommentContentIsEmpty","ExecutorUri":"executor://NUnit3TestExecutor","Source":"C:\\repo_mediamonk\\test5\\blog\\blog.api.test\\bin\\Debug\\net7.0\\fine-code-coverage\\build-output\\blog.api.test.dll","CodeFilePath":null,"LineNumber":0,"Properties":[{"Key":{"Id":"NUnit.Seed","Label":"Seed","Category":"","Description":"","Attributes":0,"ValueType":"System.String"},"Value":"99010185"}]},"Attachments":[],"Outcome":1,"ErrorMessage":null,"ErrorStackTrace":null,"DisplayName":"TestServiceShouldRejectPostWithCommentContentIsEmpty","Messages":[],"ComputerName":"ALK-10JV9X2","Duration":"00:00:00.0054510","StartTime":"2023-09-01T15:10:20.384269+00:00","EndTime":"2023-09-01T15:10:20.3897196+00:00","Properties":[{"Key":{"Id":"NUnit.Seed","Label":"Seed","Category":"","Description":"","Attributes":0,"ValueType":"System.String"},"Value":"99010185"}]}],"TestRunStatistics":{"ExecutedTests":72,"Stats":{"Passed":72}},"ActiveTests":[{"Id":"c296fd34-85f5-c564-aed4-d481568b59b6","FullyQualifiedName":"blog.api.test.PostServiceTest.TestServiceShouldSubmitPostCannotBecauseNotNoneAndNotRejected(False)","DisplayName":"TestServiceShouldSubmitPostCannotBecauseNotNoneAndNotRejected(False)","ExecutorUri":"executor://NUnit3TestExecutor","Source":"C:\\repo_mediamonk\\test5\\blog\\blog.api.test\\bin\\Debug\\net7.0\\fine-code-coverage\\build-output\\blog.api.test.dll","CodeFilePath":null,"LineNumber":0,"Properties":[{"Key":{"Id":"NUnit.Seed","Label":"Seed","Category":"","Description":"","Attributes":0,"ValueType":"System.String"},"Value":"763627279"}]}]}}
TpTrace Verbose: 0 : 22312, 13, 2023/09/01, 12:10:20.394, 2446711224117, vstest.console.dll, TestRunRequest:SendTestRunStatsChange: Starting.
TpTrace Verbose: 0 : 22312, 13, 2023/09/01, 12:10:20.394, 2446711225756, vstest.console.dll, InProgress is TestServiceShouldSubmitPostCannotBecauseNotNoneAndNotRejected(False)
TpTrace Verbose: 0 : 22312, 13, 2023/09/01, 12:10:20.394, 2446711226612, vstest.console.dll, MulticastDelegateUtilities.SafeInvoke: TestRun.RunStatsChanged: Invoking callbacks was skipped because there are no subscribers.
TpTrace Information: 0 : 22312, 13, 2023/09/01, 12:10:20.394, 2446711227064, vstest.console.dll, TestRunRequest:SendTestRunStatsChange: Completed.
TpTrace Verbose: 0 : 22312, 4, 2023/09/01, 12:10:20.394, 2446711227176, vstest.console.dll, MulticastDelegateUtilities.SafeInvoke: InternalTestLoggerEvents.SendTestResult: Invoking callback 1/1 for Microsoft.VisualStudio.TestPlatform.CommandLine.Internal.ConsoleLogger., took 0 ms.
TpTrace Verbose: 0 : 22312, 13, 2023/09/01, 12:10:20.394, 2446711227580, vstest.console.dll, MulticastDelegateUtilities.SafeInvoke: LengthPrefixCommunicationChannel: MessageReceived: Invoking callback 1/1 for Microsoft.VisualStudio.TestPlatform.CommunicationUtilities.TestRequestSender+<>c__DisplayClass34_0., took 1 ms.
TpTrace Verbose: 0 : 22312, 4, 2023/09/01, 12:10:20.394, 2446711228824, vstest.console.dll, MulticastDelegateUtilities.SafeInvoke: InternalTestLoggerEvents.SendTestResult: Invoking callback 1/1 for Microsoft.VisualStudio.TestPlatform.CommandLine.Internal.ConsoleLogger., took 0 ms.
TpTrace Verbose: 0 : 22312, 13, 2023/09/01, 12:10:20.394, 2446711229361, vstest.console.dll, TcpClientExtensions.MessageLoopAsync: Polling on remoteEndPoint: 127.0.0.1:59842 localEndPoint: 127.0.0.1:59840
TpTrace Verbose: 0 : 22312, 4, 2023/09/01, 12:10:20.394, 2446711230315, vstest.console.dll, MulticastDelegateUtilities.SafeInvoke: InternalTestLoggerEvents.SendTestResult: Invoking callback 1/1 for Microsoft.VisualStudio.TestPlatform.CommandLine.Internal.ConsoleLogger., took 0 ms.
TpTrace Verbose: 0 : 22312, 4, 2023/09/01, 12:10:20.395, 2446711231767, vstest.console.dll, MulticastDelegateUtilities.SafeInvoke: InternalTestLoggerEvents.SendTestResult: Invoking callback 1/1 for Microsoft.VisualStudio.TestPlatform.CommandLine.Internal.ConsoleLogger., took 0 ms.
TpTrace Verbose: 0 : 22312, 4, 2023/09/01, 12:10:20.395, 2446711232417, vstest.console.dll, MulticastDelegateUtilities.SafeInvoke: InternalTestLoggerEvents.SendTestResult: Invoking callback 1/1 for Microsoft.VisualStudio.TestPlatform.CommandLine.Internal.ConsoleLogger., took 0 ms.
TpTrace Verbose: 0 : 22312, 4, 2023/09/01, 12:10:20.395, 2446711233017, vstest.console.dll, MulticastDelegateUtilities.SafeInvoke: InternalTestLoggerEvents.SendTestResult: Invoking callback 1/1 for Microsoft.VisualStudio.TestPlatform.CommandLine.Internal.ConsoleLogger., took 0 ms.
TpTrace Verbose: 0 : 22312, 4, 2023/09/01, 12:10:20.395, 2446711233795, vstest.console.dll, MulticastDelegateUtilities.SafeInvoke: InternalTestLoggerEvents.SendTestResult: Invoking callback 1/1 for Microsoft.VisualStudio.TestPlatform.CommandLine.Internal.ConsoleLogger., took 0 ms.
TpTrace Verbose: 0 : 22312, 4, 2023/09/01, 12:10:20.395, 2446711234446, vstest.console.dll, MulticastDelegateUtilities.SafeInvoke: InternalTestLoggerEvents.SendTestResult: Invoking callback 1/1 for Microsoft.VisualStudio.TestPlatform.CommandLine.Internal.ConsoleLogger., took 0 ms.
TpTrace Verbose: 0 : 22312, 4, 2023/09/01, 12:10:20.395, 2446711235029, vstest.console.dll, MulticastDelegateUtilities.SafeInvoke: InternalTestLoggerEvents.SendTestResult: Invoking callback 1/1 for Microsoft.VisualStudio.TestPlatform.CommandLine.Internal.ConsoleLogger., took 0 ms.
TpTrace Verbose: 0 : 22312, 13, 2023/09/01, 12:10:20.486, 2446712146236, vstest.console.dll, TcpClientExtensions.MessageLoopAsync: NotifyDataAvailable remoteEndPoint: 127.0.0.1:59842 localEndPoint: 127.0.0.1:59840
TpTrace Verbose: 0 : 22312, 13, 2023/09/01, 12:10:20.486, 2446712149743, vstest.console.dll, TestRequestSender.OnExecutionMessageReceived: Received message: {"Version":7,"MessageType":"TestExecution.StatsChange","Payload":{"NewTestResults":[{"TestCase":{"Id":"c296fd34-85f5-c564-aed4-d481568b59b6","FullyQualifiedName":"blog.api.test.PostServiceTest.TestServiceShouldSubmitPostCannotBecauseNotNoneAndNotRejected(False)","DisplayName":"TestServiceShouldSubmitPostCannotBecauseNotNoneAndNotRejected(False)","ExecutorUri":"executor://NUnit3TestExecutor","Source":"C:\\repo_mediamonk\\test5\\blog\\blog.api.test\\bin\\Debug\\net7.0\\fine-code-coverage\\build-output\\blog.api.test.dll","CodeFilePath":null,"LineNumber":0,"Properties":[{"Key":{"Id":"NUnit.Seed","Label":"Seed","Category":"","Description":"","Attributes":0,"ValueType":"System.String"},"Value":"763627279"}]},"Attachments":[],"Outcome":1,"ErrorMessage":null,"ErrorStackTrace":null,"DisplayName":"TestServiceShouldSubmitPostCannotBecauseNotNoneAndNotRejected(False)","Messages":[],"ComputerName":"ALK-10JV9X2","Duration":"00:00:00.0053280","StartTime":"2023-09-01T15:10:20.3897955+00:00","EndTime":"2023-09-01T15:10:20.3951231+00:00","Properties":[{"Key":{"Id":"NUnit.Seed","Label":"Seed","Category":"","Description":"","Attributes":0,"ValueType":"System.String"},"Value":"763627279"}]},{"TestCase":{"Id":"ba618cc6-f0cf-2d3e-04f3-31ea4aba63db","FullyQualifiedName":"blog.api.test.PostServiceTest.TestServiceShouldSubmitPostCannotBecauseNotNoneAndNotRejected(True)","DisplayName":"TestServiceShouldSubmitPostCannotBecauseNotNoneAndNotRejected(True)","ExecutorUri":"executor://NUnit3TestExecutor","Source":"C:\\repo_mediamonk\\test5\\blog\\blog.api.test\\bin\\Debug\\net7.0\\fine-code-coverage\\build-output\\blog.api.test.dll","CodeFilePath":null,"LineNumber":0,"Properties":[{"Key":{"Id":"NUnit.Seed","Label":"Seed","Category":"","Description":"","Attributes":0,"ValueType":"System.String"},"Value":"1607313974"}]},"Attachments":[],"Outcome":1,"ErrorMessage":null,"ErrorStackTrace":null,"DisplayName":"TestServiceShouldSubmitPostCannotBecauseNotNoneAndNotRejected(True)","Messages":[],"ComputerName":"ALK-10JV9X2","Duration":"00:00:00.0048520","StartTime":"2023-09-01T15:10:20.3951586+00:00","EndTime":"2023-09-01T15:10:20.4000105+00:00","Properties":[{"Key":{"Id":"NUnit.Seed","Label":"Seed","Category":"","Description":"","Attributes":0,"ValueType":"System.String"},"Value":"1607313974"}]},{"TestCase":{"Id":"30b7946b-7a0a-b6f2-b21b-21ecf1e7211d","FullyQualifiedName":"blog.api.test.UserControllerTest.AddUserFail","DisplayName":"AddUserFail","ExecutorUri":"executor://NUnit3TestExecutor","Source":"C:\\repo_mediamonk\\test5\\blog\\blog.api.test\\bin\\Debug\\net7.0\\fine-code-coverage\\build-output\\blog.api.test.dll","CodeFilePath":null,"LineNumber":0,"Properties":[{"Key":{"Id":"NUnit.Seed","Label":"Seed","Category":"","Description":"","Attributes":0,"ValueType":"System.String"},"Value":"1485722044"}]},"Attachments":[],"Outcome":1,"ErrorMessage":null,"ErrorStackTrace":null,"DisplayName":"AddUserFail","Messages":[],"ComputerName":"ALK-10JV9X2","Duration":"00:00:00.0052040","StartTime":"2023-09-01T15:10:20.4002457+00:00","EndTime":"2023-09-01T15:10:20.4054498+00:00","Properties":[{"Key":{"Id":"NUnit.Seed","Label":"Seed","Category":"","Description":"","Attributes":0,"ValueType":"System.String"},"Value":"1485722044"}]},{"TestCase":{"Id":"d051019a-1b6d-fb0e-a4b9-4a5cb49416ab","FullyQualifiedName":"blog.api.test.UserControllerTest.AddUserSuccess","DisplayName":"AddUserSuccess","ExecutorUri":"executor://NUnit3TestExecutor","Source":"C:\\repo_mediamonk\\test5\\blog\\blog.api.test\\bin\\Debug\\net7.0\\fine-code-coverage\\build-output\\blog.api.test.dll","CodeFilePath":null,"LineNumber":0,"Properties":[{"Key":{"Id":"NUnit.Seed","Label":"Seed","Category":"","Description":"","Attributes":0,"ValueType":"System.String"},"Value":"1855046283"}]},"Attachments":[],"Outcome":1,"ErrorMessage":null,"ErrorStackTrace":null,"DisplayName":"AddUserSuccess","Messages":[],"ComputerName":"ALK-10JV9X2","Duration":"00:00:00.0441720","StartTime":"2023-09-01T15:10:20.4054864+00:00","EndTime":"2023-09-01T15:10:20.449658+00:00","Properties":[{"Key":{"Id":"NUnit.Seed","Label":"Seed","Category":"","Description":"","Attributes":0,"ValueType":"System.String"},"Value":"1855046283"}]},{"TestCase":{"Id":"a50ce12c-c89e-9ebb-a6bd-f47d8e056c55","FullyQualifiedName":"blog.api.test.UserControllerTest.GetUserByIdFail","DisplayName":"GetUserByIdFail","ExecutorUri":"executor://NUnit3TestExecutor","Source":"C:\\repo_mediamonk\\test5\\blog\\blog.api.test\\bin\\Debug\\net7.0\\fine-code-coverage\\build-output\\blog.api.test.dll","CodeFilePath":null,"LineNumber":0,"Properties":[{"Key":{"Id":"NUnit.Seed","Label":"Seed","Category":"","Description":"","Attributes":0,"ValueType":"System.String"},"Value":"979127315"}]},"Attachments":[],"Outcome":1,"ErrorMessage":null,"ErrorStackTrace":null,"DisplayName":"GetUserByIdFail","Messages":[],"ComputerName":"ALK-10JV9X2","Duration":"00:00:00.0029910","StartTime":"2023-09-01T15:10:20.4496937+00:00","EndTime":"2023-09-01T15:10:20.4526845+00:00","Properties":[{"Key":{"Id":"NUnit.Seed","Label":"Seed","Category":"","Description":"","Attributes":0,"ValueType":"System.String"},"Value":"979127315"}]},{"TestCase":{"Id":"7a085101-c658-a4fc-b727-3934430def84","FullyQualifiedName":"blog.api.test.UserControllerTest.GetUserByIdNotFound","DisplayName":"GetUserByIdNotFound","ExecutorUri":"executor://NUnit3TestExecutor","Source":"C:\\repo_mediamonk\\test5\\blog\\blog.api.test\\bin\\Debug\\net7.0\\fine-code-coverage\\build-output\\blog.api.test.dll","CodeFilePath":null,"LineNumber":0,"Properties":[{"Key":{"Id":"NUnit.Seed","Label":"Seed","Category":"","Description":"","Attributes":0,"ValueType":"System.String"},"Value":"967533928"}]},"Attachments":[],"Outcome":1,"ErrorMessage":null,"ErrorStackTrace":null,"DisplayName":"GetUserByIdNotFound","Messages":[],"ComputerName":"ALK-10JV9X2","Duration":"00:00:00.0154910","StartTime":"2023-09-01T15:10:20.4527151+00:00","EndTime":"2023-09-01T15:10:20.4682051+00:00","Properties":[{"Key":{"Id":"NUnit.Seed","Label":"Seed","Category":"","Description":"","Attributes":0,"ValueType":"System.String"},"Value":"967533928"}]},{"TestCase":{"Id":"0c0b215e-ed8f-a122-9f7b-530d72c9d85c","FullyQualifiedName":"blog.api.test.UserControllerTest.GetUserByUsernameFail","DisplayName":"GetUserByUsernameFail","ExecutorUri":"executor://NUnit3TestExecutor","Source":"C:\\repo_mediamonk\\test5\\blog\\blog.api.test\\bin\\Debug\\net7.0\\fine-code-coverage\\build-output\\blog.api.test.dll","CodeFilePath":null,"LineNumber":0,"Properties":[{"Key":{"Id":"NUnit.Seed","Label":"Seed","Category":"","Description":"","Attributes":0,"ValueType":"System.String"},"Value":"1050770615"}]},"Attachments":[],"Outcome":1,"ErrorMessage":null,"ErrorStackTrace":null,"DisplayName":"GetUserByUsernameFail","Messages":[],"ComputerName":"ALK-10JV9X2","Duration":"00:00:00.0040020","StartTime":"2023-09-01T15:10:20.4682418+00:00","EndTime":"2023-09-01T15:10:20.4722428+00:00","Properties":[{"Key":{"Id":"NUnit.Seed","Label":"Seed","Category":"","Description":"","Attributes":0,"ValueType":"System.String"},"Value":"1050770615"}]},{"TestCase":{"Id":"cbd273a8-2e61-6bd0-f960-de248740d9b7","FullyQualifiedName":"blog.api.test.UserControllerTest.GetUserByUsernameNotFound","DisplayName":"GetUserByUsernameNotFound","ExecutorUri":"executor://NUnit3TestExecutor","Source":"C:\\repo_mediamonk\\test5\\blog\\blog.api.test\\bin\\Debug\\net7.0\\fine-code-coverage\\build-output\\blog.api.test.dll","CodeFilePath":null,"LineNumber":0,"Properties":[{"Key":{"Id":"NUnit.Seed","Label":"Seed","Category":"","Description":"","Attributes":0,"ValueType":"System.String"},"Value":"421742249"}]},"Attachments":[],"Outcome":1,"ErrorMessage":null,"ErrorStackTrace":null,"DisplayName":"GetUserByUsernameNotFound","Messages":[],"ComputerName":"ALK-10JV9X2","Duration":"00:00:00.0080420","StartTime":"2023-09-01T15:10:20.4722757+00:00","EndTime":"2023-09-01T15:10:20.4803169+00:00","Properties":[{"Key":{"Id":"NUnit.Seed","Label":"Seed","Category":"","Description":"","Attributes":0,"ValueType":"System.String"},"Value":"421742249"}]},{"TestCase":{"Id":"50877d6e-633e-02b6-bfed-338006c99fd3","FullyQualifiedName":"blog.api.test.UserControllerTest.Initialize","DisplayName":"Initialize","ExecutorUri":"executor://NUnit3TestExecutor","Source":"C:\\repo_mediamonk\\test5\\blog\\blog.api.test\\bin\\Debug\\net7.0\\fine-code-coverage\\build-output\\blog.api.test.dll","CodeFilePath":null,"LineNumber":0,"Properties":[{"Key":{"Id":"NUnit.Seed","Label":"Seed","Category":"","Description":"","Attributes":0,"ValueType":"System.String"},"Value":"863230667"}]},"Attachments":[],"Outcome":1,"ErrorMessage":null,"ErrorStackTrace":null,"DisplayName":"Initialize","Messages":[],"ComputerName":"ALK-10JV9X2","Duration":"00:00:00.0006940","StartTime":"2023-09-01T15:10:20.480349+00:00","EndTime":"2023-09-01T15:10:20.481043+00:00","Properties":[{"Key":{"Id":"NUnit.Seed","Label":"Seed","Category":"","Description":"","Attributes":0,"ValueType":"System.String"},"Value":"863230667"}]}],"TestRunStatistics":{"ExecutedTests":81,"Stats":{"Passed":81}},"ActiveTests":[{"Id":"2726a8da-5443-a164-ed4d-11ea88d37332","FullyQualifiedName":"blog.api.test.UserControllerTest.ListUsersFail","DisplayName":"ListUsersFail","ExecutorUri":"executor://NUnit3TestExecutor","Source":"C:\\repo_mediamonk\\test5\\blog\\blog.api.test\\bin\\Debug\\net7.0\\fine-code-coverage\\build-output\\blog.api.test.dll","CodeFilePath":null,"LineNumber":0,"Properties":[{"Key":{"Id":"NUnit.Seed","Label":"Seed","Category":"","Description":"","Attributes":0,"ValueType":"System.String"},"Value":"1845957369"}]}]}}
TpTrace Verbose: 0 : 22312, 13, 2023/09/01, 12:10:20.488, 2446712164389, vstest.console.dll, TestRunRequest:SendTestRunStatsChange: Starting.
TpTrace Verbose: 0 : 22312, 13, 2023/09/01, 12:10:20.488, 2446712165549, vstest.console.dll, InProgress is ListUsersFail
TpTrace Verbose: 0 : 22312, 13, 2023/09/01, 12:10:20.488, 2446712166616, vstest.console.dll, MulticastDelegateUtilities.SafeInvoke: TestRun.RunStatsChanged: Invoking callbacks was skipped because there are no subscribers.
TpTrace Information: 0 : 22312, 13, 2023/09/01, 12:10:20.488, 2446712167318, vstest.console.dll, TestRunRequest:SendTestRunStatsChange: Completed.
TpTrace Verbose: 0 : 22312, 4, 2023/09/01, 12:10:20.488, 2446712166988, vstest.console.dll, MulticastDelegateUtilities.SafeInvoke: InternalTestLoggerEvents.SendTestResult: Invoking callback 1/1 for Microsoft.VisualStudio.TestPlatform.CommandLine.Internal.ConsoleLogger., took 0 ms.
TpTrace Verbose: 0 : 22312, 13, 2023/09/01, 12:10:20.488, 2446712167973, vstest.console.dll, MulticastDelegateUtilities.SafeInvoke: LengthPrefixCommunicationChannel: MessageReceived: Invoking callback 1/1 for Microsoft.VisualStudio.TestPlatform.CommunicationUtilities.TestRequestSender+<>c__DisplayClass34_0., took 1 ms.
TpTrace Verbose: 0 : 22312, 4, 2023/09/01, 12:10:20.488, 2446712169438, vstest.console.dll, MulticastDelegateUtilities.SafeInvoke: InternalTestLoggerEvents.SendTestResult: Invoking callback 1/1 for Microsoft.VisualStudio.TestPlatform.CommandLine.Internal.ConsoleLogger., took 0 ms.
TpTrace Verbose: 0 : 22312, 13, 2023/09/01, 12:10:20.488, 2446712170137, vstest.console.dll, TcpClientExtensions.MessageLoopAsync: Polling on remoteEndPoint: 127.0.0.1:59842 localEndPoint: 127.0.0.1:59840
TpTrace Verbose: 0 : 22312, 4, 2023/09/01, 12:10:20.489, 2446712171486, vstest.console.dll, MulticastDelegateUtilities.SafeInvoke: InternalTestLoggerEvents.SendTestResult: Invoking callback 1/1 for Microsoft.VisualStudio.TestPlatform.CommandLine.Internal.ConsoleLogger., took 0 ms.
TpTrace Verbose: 0 : 22312, 4, 2023/09/01, 12:10:20.489, 2446712173414, vstest.console.dll, MulticastDelegateUtilities.SafeInvoke: InternalTestLoggerEvents.SendTestResult: Invoking callback 1/1 for Microsoft.VisualStudio.TestPlatform.CommandLine.Internal.ConsoleLogger., took 0 ms.
TpTrace Verbose: 0 : 22312, 4, 2023/09/01, 12:10:20.489, 2446712174708, vstest.console.dll, MulticastDelegateUtilities.SafeInvoke: InternalTestLoggerEvents.SendTestResult: Invoking callback 1/1 for Microsoft.VisualStudio.TestPlatform.CommandLine.Internal.ConsoleLogger., took 0 ms.
TpTrace Verbose: 0 : 22312, 4, 2023/09/01, 12:10:20.489, 2446712176126, vstest.console.dll, MulticastDelegateUtilities.SafeInvoke: InternalTestLoggerEvents.SendTestResult: Invoking callback 1/1 for Microsoft.VisualStudio.TestPlatform.CommandLine.Internal.ConsoleLogger., took 0 ms.
TpTrace Verbose: 0 : 22312, 4, 2023/09/01, 12:10:20.489, 2446712177442, vstest.console.dll, MulticastDelegateUtilities.SafeInvoke: InternalTestLoggerEvents.SendTestResult: Invoking callback 1/1 for Microsoft.VisualStudio.TestPlatform.CommandLine.Internal.ConsoleLogger., took 0 ms.
TpTrace Verbose: 0 : 22312, 4, 2023/09/01, 12:10:20.489, 2446712178346, vstest.console.dll, MulticastDelegateUtilities.SafeInvoke: InternalTestLoggerEvents.SendTestResult: Invoking callback 1/1 for Microsoft.VisualStudio.TestPlatform.CommandLine.Internal.ConsoleLogger., took 0 ms.
TpTrace Verbose: 0 : 22312, 4, 2023/09/01, 12:10:20.489, 2446712179175, vstest.console.dll, MulticastDelegateUtilities.SafeInvoke: InternalTestLoggerEvents.SendTestResult: Invoking callback 1/1 for Microsoft.VisualStudio.TestPlatform.CommandLine.Internal.ConsoleLogger., took 0 ms.
TpTrace Verbose: 0 : 22312, 13, 2023/09/01, 12:10:20.532, 2446712604522, vstest.console.dll, TcpClientExtensions.MessageLoopAsync: NotifyDataAvailable remoteEndPoint: 127.0.0.1:59842 localEndPoint: 127.0.0.1:59840
TpTrace Verbose: 0 : 22312, 13, 2023/09/01, 12:10:20.532, 2446712608160, vstest.console.dll, TestRequestSender.OnExecutionMessageReceived: Received message: {"Version":7,"MessageType":"TestExecution.StatsChange","Payload":{"NewTestResults":[{"TestCase":{"Id":"2726a8da-5443-a164-ed4d-11ea88d37332","FullyQualifiedName":"blog.api.test.UserControllerTest.ListUsersFail","DisplayName":"ListUsersFail","ExecutorUri":"executor://NUnit3TestExecutor","Source":"C:\\repo_mediamonk\\test5\\blog\\blog.api.test\\bin\\Debug\\net7.0\\fine-code-coverage\\build-output\\blog.api.test.dll","CodeFilePath":null,"LineNumber":0,"Properties":[{"Key":{"Id":"NUnit.Seed","Label":"Seed","Category":"","Description":"","Attributes":0,"ValueType":"System.String"},"Value":"1845957369"}]},"Attachments":[],"Outcome":1,"ErrorMessage":null,"ErrorStackTrace":null,"DisplayName":"ListUsersFail","Messages":[],"ComputerName":"ALK-10JV9X2","Duration":"00:00:00.0033640","StartTime":"2023-09-01T15:10:20.4810631+00:00","EndTime":"2023-09-01T15:10:20.4844266+00:00","Properties":[{"Key":{"Id":"NUnit.Seed","Label":"Seed","Category":"","Description":"","Attributes":0,"ValueType":"System.String"},"Value":"1845957369"}]},{"TestCase":{"Id":"f18e8617-bc48-d2bb-ff6b-507324f1ec06","FullyQualifiedName":"blog.api.test.UserControllerTest.ListUsersSuccess","DisplayName":"ListUsersSuccess","ExecutorUri":"executor://NUnit3TestExecutor","Source":"C:\\repo_mediamonk\\test5\\blog\\blog.api.test\\bin\\Debug\\net7.0\\fine-code-coverage\\build-output\\blog.api.test.dll","CodeFilePath":null,"LineNumber":0,"Properties":[{"Key":{"Id":"NUnit.Seed","Label":"Seed","Category":"","Description":"","Attributes":0,"ValueType":"System.String"},"Value":"1884866542"}]},"Attachments":[],"Outcome":1,"ErrorMessage":null,"ErrorStackTrace":null,"DisplayName":"ListUsersSuccess","Messages":[],"ComputerName":"ALK-10JV9X2","Duration":"00:00:00.0077220","StartTime":"2023-09-01T15:10:20.4844583+00:00","EndTime":"2023-09-01T15:10:20.4921798+00:00","Properties":[{"Key":{"Id":"NUnit.Seed","Label":"Seed","Category":"","Description":"","Attributes":0,"ValueType":"System.String"},"Value":"1884866542"}]},{"TestCase":{"Id":"a8374f16-3b84-da98-4149-130d9aad4c3b","FullyQualifiedName":"blog.api.test.UserRepositoryTest.TestUserRepositoryShouldAuthenticateFailPath","DisplayName":"TestUserRepositoryShouldAuthenticateFailPath","ExecutorUri":"executor://NUnit3TestExecutor","Source":"C:\\repo_mediamonk\\test5\\blog\\blog.api.test\\bin\\Debug\\net7.0\\fine-code-coverage\\build-output\\blog.api.test.dll","CodeFilePath":null,"LineNumber":0,"Properties":[{"Key":{"Id":"NUnit.Seed","Label":"Seed","Category":"","Description":"","Attributes":0,"ValueType":"System.String"},"Value":"1869197424"}]},"Attachments":[],"Outcome":1,"ErrorMessage":null,"ErrorStackTrace":null,"DisplayName":"TestUserRepositoryShouldAuthenticateFailPath","Messages":[],"ComputerName":"ALK-10JV9X2","Duration":"00:00:00.0198419","StartTime":"2023-09-01T15:10:20.4924189+00:00","EndTime":"2023-09-01T15:10:20.5122604+00:00","Properties":[{"Key":{"Id":"NUnit.Seed","Label":"Seed","Category":"","Description":"","Attributes":0,"ValueType":"System.String"},"Value":"1869197424"}]},{"TestCase":{"Id":"2bbf82b0-d27a-5fbd-857d-5cf32bb5f33c","FullyQualifiedName":"blog.api.test.UserRepositoryTest.TestUserRepositoryShouldAuthenticateHappyPath","DisplayName":"TestUserRepositoryShouldAuthenticateHappyPath","ExecutorUri":"executor://NUnit3TestExecutor","Source":"C:\\repo_mediamonk\\test5\\blog\\blog.api.test\\bin\\Debug\\net7.0\\fine-code-coverage\\build-output\\blog.api.test.dll","CodeFilePath":null,"LineNumber":0,"Properties":[{"Key":{"Id":"NUnit.Seed","Label":"Seed","Category":"","Description":"","Attributes":0,"ValueType":"System.String"},"Value":"12066966"}]},"Attachments":[],"Outcome":1,"ErrorMessage":null,"ErrorStackTrace":null,"DisplayName":"TestUserRepositoryShouldAuthenticateHappyPath","Messages":[],"ComputerName":"ALK-10JV9X2","Duration":"00:00:00.0027080","StartTime":"2023-09-01T15:10:20.5122962+00:00","EndTime":"2023-09-01T15:10:20.5150037+00:00","Properties":[{"Key":{"Id":"NUnit.Seed","Label":"Seed","Category":"","Description":"","Attributes":0,"ValueType":"System.String"},"Value":"12066966"}]},{"TestCase":{"Id":"160d38b6-78ae-5788-92e4-6c4adb6a6561","FullyQualifiedName":"blog.api.test.UserRepositoryTest.TestUserRepositoryShouldGetUserByIdHappyPath","DisplayName":"TestUserRepositoryShouldGetUserByIdHappyPath","ExecutorUri":"executor://NUnit3TestExecutor","Source":"C:\\repo_mediamonk\\test5\\blog\\blog.api.test\\bin\\Debug\\net7.0\\fine-code-coverage\\build-output\\blog.api.test.dll","CodeFilePath":null,"LineNumber":0,"Properties":[{"Key":{"Id":"NUnit.Seed","Label":"Seed","Category":"","Description":"","Attributes":0,"ValueType":"System.String"},"Value":"744959371"}]},"Attachments":[],"Outcome":1,"ErrorMessage":null,"ErrorStackTrace":null,"DisplayName":"TestUserRepositoryShouldGetUserByIdHappyPath","Messages":[],"ComputerName":"ALK-10JV9X2","Duration":"00:00:00.0023940","StartTime":"2023-09-01T15:10:20.5150341+00:00","EndTime":"2023-09-01T15:10:20.5174281+00:00","Properties":[{"Key":{"Id":"NUnit.Seed","Label":"Seed","Category":"","Description":"","Attributes":0,"ValueType":"System.String"},"Value":"744959371"}]},{"TestCase":{"Id":"1ff8c36a-f58c-e514-ed40-c369cd683264","FullyQualifiedName":"blog.api.test.UserRepositoryTest.TestUserRepositoryShouldGetUserByIdNullFail","DisplayName":"TestUserRepositoryShouldGetUserByIdNullFail","ExecutorUri":"executor://NUnit3TestExecutor","Source":"C:\\repo_mediamonk\\test5\\blog\\blog.api.test\\bin\\Debug\\net7.0\\fine-code-coverage\\build-output\\blog.api.test.dll","CodeFilePath":null,"LineNumber":0,"Properties":[{"Key":{"Id":"NUnit.Seed","Label":"Seed","Category":"","Description":"","Attributes":0,"ValueType":"System.String"},"Value":"2147470613"}]},"Attachments":[],"Outcome":1,"ErrorMessage":null,"ErrorStackTrace":null,"DisplayName":"TestUserRepositoryShouldGetUserByIdNullFail","Messages":[],"ComputerName":"ALK-10JV9X2","Duration":"00:00:00.0024979","StartTime":"2023-09-01T15:10:20.517454+00:00","EndTime":"2023-09-01T15:10:20.5199521+00:00","Properties":[{"Key":{"Id":"NUnit.Seed","Label":"Seed","Category":"","Description":"","Attributes":0,"ValueType":"System.String"},"Value":"2147470613"}]},{"TestCase":{"Id":"8e012af4-3a66-58dd-ba95-30c8a488320d","FullyQualifiedName":"blog.api.test.UserRepositoryTest.TestUserRepositoryShouldGetUserByUsernameHappyPath","DisplayName":"TestUserRepositoryShouldGetUserByUsernameHappyPath","ExecutorUri":"executor://NUnit3TestExecutor","Source":"C:\\repo_mediamonk\\test5\\blog\\blog.api.test\\bin\\Debug\\net7.0\\fine-code-coverage\\build-output\\blog.api.test.dll","CodeFilePath":null,"LineNumber":0,"Properties":[{"Key":{"Id":"NUnit.Seed","Label":"Seed","Category":"","Description":"","Attributes":0,"ValueType":"System.String"},"Value":"1946205977"}]},"Attachments":[],"Outcome":1,"ErrorMessage":null,"ErrorStackTrace":null,"DisplayName":"TestUserRepositoryShouldGetUserByUsernameHappyPath","Messages":[],"ComputerName":"ALK-10JV9X2","Duration":"00:00:00.0025829","StartTime":"2023-09-01T15:10:20.5199789+00:00","EndTime":"2023-09-01T15:10:20.522562+00:00","Properties":[{"Key":{"Id":"NUnit.Seed","Label":"Seed","Category":"","Description":"","Attributes":0,"ValueType":"System.String"},"Value":"1946205977"}]},{"TestCase":{"Id":"611b79e2-e1ab-d13d-2cfc-a0da4a8ba004","FullyQualifiedName":"blog.api.test.UserRepositoryTest.TestUserRepositoryShouldGetUserByUsernameNullFail","DisplayName":"TestUserRepositoryShouldGetUserByUsernameNullFail","ExecutorUri":"executor://NUnit3TestExecutor","Source":"C:\\repo_mediamonk\\test5\\blog\\blog.api.test\\bin\\Debug\\net7.0\\fine-code-coverage\\build-output\\blog.api.test.dll","CodeFilePath":null,"LineNumber":0,"Properties":[{"Key":{"Id":"NUnit.Seed","Label":"Seed","Category":"","Description":"","Attributes":0,"ValueType":"System.String"},"Value":"1707144558"}]},"Attachments":[],"Outcome":1,"ErrorMessage":null,"ErrorStackTrace":null,"DisplayName":"TestUserRepositoryShouldGetUserByUsernameNullFail","Messages":[],"ComputerName":"ALK-10JV9X2","Duration":"00:00:00.0020580","StartTime":"2023-09-01T15:10:20.5225877+00:00","EndTime":"2023-09-01T15:10:20.5246453+00:00","Properties":[{"Key":{"Id":"NUnit.Seed","Label":"Seed","Category":"","Description":"","Attributes":0,"ValueType":"System.String"},"Value":"1707144558"}]},{"TestCase":{"Id":"2d6e5f5b-0f2d-6bb2-82b3-98505ec08a9b","FullyQualifiedName":"blog.api.test.UserServiceTest.TestUserServiceShouldAddUserWithoutRoleHappyPath","DisplayName":"TestUserServiceShouldAddUserWithoutRoleHappyPath","ExecutorUri":"executor://NUnit3TestExecutor","Source":"C:\\repo_mediamonk\\test5\\blog\\blog.api.test\\bin\\Debug\\net7.0\\fine-code-coverage\\build-output\\blog.api.test.dll","CodeFilePath":null,"LineNumber":0,"Properties":[{"Key":{"Id":"NUnit.Seed","Label":"Seed","Category":"","Description":"","Attributes":0,"ValueType":"System.String"},"Value":"881407455"}]},"Attachments":[],"Outcome":1,"ErrorMessage":null,"ErrorStackTrace":null,"DisplayName":"TestUserServiceShouldAddUserWithoutRoleHappyPath","Messages":[],"ComputerName":"ALK-10JV9X2","Duration":"00:00:00.0032680","StartTime":"2023-09-01T15:10:20.5248853+00:00","EndTime":"2023-09-01T15:10:20.5281532+00:00","Properties":[{"Key":{"Id":"NUnit.Seed","Label":"Seed","Category":"","Description":"","Attributes":0,"ValueType":"System.String"},"Value":"881407455"}]}],"TestRunStatistics":{"ExecutedTests":90,"Stats":{"Passed":90}},"ActiveTests":[{"Id":"6bef85a0-5151-535b-6977-2b54302f8824","FullyQualifiedName":"blog.api.test.UserServiceTest.TestUserServiceShouldAuthenticateFailPath","DisplayName":"TestUserServiceShouldAuthenticateFailPath","ExecutorUri":"executor://NUnit3TestExecutor","Source":"C:\\repo_mediamonk\\test5\\blog\\blog.api.test\\bin\\Debug\\net7.0\\fine-code-coverage\\build-output\\blog.api.test.dll","CodeFilePath":null,"LineNumber":0,"Properties":[{"Key":{"Id":"NUnit.Seed","Label":"Seed","Category":"","Description":"","Attributes":0,"ValueType":"System.String"},"Value":"1012353551"}]}]}}
TpTrace Verbose: 0 : 22312, 13, 2023/09/01, 12:10:20.534, 2446712620714, vstest.console.dll, TestRunRequest:SendTestRunStatsChange: Starting.
TpTrace Verbose: 0 : 22312, 13, 2023/09/01, 12:10:20.534, 2446712621950, vstest.console.dll, InProgress is TestUserServiceShouldAuthenticateFailPath
TpTrace Verbose: 0 : 22312, 13, 2023/09/01, 12:10:20.534, 2446712623012, vstest.console.dll, MulticastDelegateUtilities.SafeInvoke: TestRun.RunStatsChanged: Invoking callbacks was skipped because there are no subscribers.
TpTrace Information: 0 : 22312, 13, 2023/09/01, 12:10:20.534, 2446712623707, vstest.console.dll, TestRunRequest:SendTestRunStatsChange: Completed.
TpTrace Verbose: 0 : 22312, 13, 2023/09/01, 12:10:20.534, 2446712624508, vstest.console.dll, MulticastDelegateUtilities.SafeInvoke: LengthPrefixCommunicationChannel: MessageReceived: Invoking callback 1/1 for Microsoft.VisualStudio.TestPlatform.CommunicationUtilities.TestRequestSender+<>c__DisplayClass34_0., took 1 ms.
TpTrace Verbose: 0 : 22312, 4, 2023/09/01, 12:10:20.534, 2446712624721, vstest.console.dll, MulticastDelegateUtilities.SafeInvoke: InternalTestLoggerEvents.SendTestResult: Invoking callback 1/1 for Microsoft.VisualStudio.TestPlatform.CommandLine.Internal.ConsoleLogger., took 0 ms.
TpTrace Verbose: 0 : 22312, 13, 2023/09/01, 12:10:20.534, 2446712625685, vstest.console.dll, TcpClientExtensions.MessageLoopAsync: Polling on remoteEndPoint: 127.0.0.1:59842 localEndPoint: 127.0.0.1:59840
TpTrace Verbose: 0 : 22312, 4, 2023/09/01, 12:10:20.534, 2446712627034, vstest.console.dll, MulticastDelegateUtilities.SafeInvoke: InternalTestLoggerEvents.SendTestResult: Invoking callback 1/1 for Microsoft.VisualStudio.TestPlatform.CommandLine.Internal.ConsoleLogger., took 0 ms.
TpTrace Verbose: 0 : 22312, 4, 2023/09/01, 12:10:20.534, 2446712628728, vstest.console.dll, MulticastDelegateUtilities.SafeInvoke: InternalTestLoggerEvents.SendTestResult: Invoking callback 1/1 for Microsoft.VisualStudio.TestPlatform.CommandLine.Internal.ConsoleLogger., took 0 ms.
TpTrace Verbose: 0 : 22312, 4, 2023/09/01, 12:10:20.534, 2446712629613, vstest.console.dll, MulticastDelegateUtilities.SafeInvoke: InternalTestLoggerEvents.SendTestResult: Invoking callback 1/1 for Microsoft.VisualStudio.TestPlatform.CommandLine.Internal.ConsoleLogger., took 0 ms.
TpTrace Verbose: 0 : 22312, 4, 2023/09/01, 12:10:20.535, 2446712630413, vstest.console.dll, MulticastDelegateUtilities.SafeInvoke: InternalTestLoggerEvents.SendTestResult: Invoking callback 1/1 for Microsoft.VisualStudio.TestPlatform.CommandLine.Internal.ConsoleLogger., took 0 ms.
TpTrace Verbose: 0 : 22312, 4, 2023/09/01, 12:10:20.535, 2446712631324, vstest.console.dll, MulticastDelegateUtilities.SafeInvoke: InternalTestLoggerEvents.SendTestResult: Invoking callback 1/1 for Microsoft.VisualStudio.TestPlatform.CommandLine.Internal.ConsoleLogger., took 0 ms.
TpTrace Verbose: 0 : 22312, 4, 2023/09/01, 12:10:20.535, 2446712632124, vstest.console.dll, MulticastDelegateUtilities.SafeInvoke: InternalTestLoggerEvents.SendTestResult: Invoking callback 1/1 for Microsoft.VisualStudio.TestPlatform.CommandLine.Internal.ConsoleLogger., took 0 ms.
TpTrace Verbose: 0 : 22312, 4, 2023/09/01, 12:10:20.535, 2446712632914, vstest.console.dll, MulticastDelegateUtilities.SafeInvoke: InternalTestLoggerEvents.SendTestResult: Invoking callback 1/1 for Microsoft.VisualStudio.TestPlatform.CommandLine.Internal.ConsoleLogger., took 0 ms.
TpTrace Verbose: 0 : 22312, 4, 2023/09/01, 12:10:20.535, 2446712633694, vstest.console.dll, MulticastDelegateUtilities.SafeInvoke: InternalTestLoggerEvents.SendTestResult: Invoking callback 1/1 for Microsoft.VisualStudio.TestPlatform.CommandLine.Internal.ConsoleLogger., took 0 ms.
TpTrace Verbose: 0 : 22312, 13, 2023/09/01, 12:10:20.575, 2446713037045, vstest.console.dll, TcpClientExtensions.MessageLoopAsync: NotifyDataAvailable remoteEndPoint: 127.0.0.1:59842 localEndPoint: 127.0.0.1:59840
TpTrace Verbose: 0 : 22312, 13, 2023/09/01, 12:10:20.575, 2446713039546, vstest.console.dll, TestRequestSender.OnExecutionMessageReceived: Received message: {"Version":7,"MessageType":"TestSession.Message","Payload":{"MessageLevel":0,"Message":"NUnit Adapter 4.3.0.0: Test execution complete"}}
TpTrace Verbose: 0 : 22312, 13, 2023/09/01, 12:10:20.576, 2446713041400, vstest.console.dll, TestRunRequest:SendTestRunMessage: Starting.
TpTrace Verbose: 0 : 22312, 13, 2023/09/01, 12:10:20.576, 2446713042674, vstest.console.dll, MulticastDelegateUtilities.SafeInvoke: TestRun.LogMessages: Invoking callback 1/1 for Microsoft.VisualStudio.TestPlatform.CommandLine.TestRunResultAggregator., took 0 ms.
TpTrace Verbose: 0 : 22312, 4, 2023/09/01, 12:10:20.576, 2446713042862, vstest.console.dll, MulticastDelegateUtilities.SafeInvoke: InternalTestLoggerEvents.SendTestRunMessage: Invoking callback 1/1 for Microsoft.VisualStudio.TestPlatform.CommandLine.Internal.ConsoleLogger., took 0 ms.
TpTrace Information: 0 : 22312, 13, 2023/09/01, 12:10:20.576, 2446713043618, vstest.console.dll, TestRunRequest:SendTestRunMessage: Completed.
TpTrace Verbose: 0 : 22312, 13, 2023/09/01, 12:10:20.576, 2446713045717, vstest.console.dll, MulticastDelegateUtilities.SafeInvoke: LengthPrefixCommunicationChannel: MessageReceived: Invoking callback 1/1 for Microsoft.VisualStudio.TestPlatform.CommunicationUtilities.TestRequestSender+<>c__DisplayClass34_0., took 0 ms.
TpTrace Verbose: 0 : 22312, 13, 2023/09/01, 12:10:20.576, 2446713046617, vstest.console.dll, TcpClientExtensions.MessageLoopAsync: Polling on remoteEndPoint: 127.0.0.1:59842 localEndPoint: 127.0.0.1:59840
TpTrace Verbose: 0 : 22312, 13, 2023/09/01, 12:10:20.601, 2446713294287, vstest.console.dll, TcpClientExtensions.MessageLoopAsync: NotifyDataAvailable remoteEndPoint: 127.0.0.1:59842 localEndPoint: 127.0.0.1:59840
TpTrace Verbose: 0 : 22312, 13, 2023/09/01, 12:10:20.601, 2446713297520, vstest.console.dll, TestRequestSender.OnExecutionMessageReceived: Received message: {"Version":7,"MessageType":"TestExecution.Completed","Payload":{"TestRunCompleteArgs":{"TestRunStatistics":{"ExecutedTests":98,"Stats":{"Passed":98}},"IsCanceled":false,"IsAborted":false,"Error":null,"AttachmentSets":[],"InvokedDataCollectors":[],"ElapsedTimeInRunningTests":"00:00:02.2075492","Metrics":{},"DiscoveredExtensions":{"TestDiscoverers":["NUnit.VisualStudio.TestAdapter.NUnit3TestDiscoverer, NUnit3.TestAdapter, Version=4.3.0.0, Culture=neutral, PublicKeyToken=4cb40d35494691ac"],"TestExecutors":["executor://NUnit3TestExecutor"],"TestExecutors2":[],"TestSettingsProviders":[]}},"LastRunTests":{"NewTestResults":[{"TestCase":{"Id":"6bef85a0-5151-535b-6977-2b54302f8824","FullyQualifiedName":"blog.api.test.UserServiceTest.TestUserServiceShouldAuthenticateFailPath","DisplayName":"TestUserServiceShouldAuthenticateFailPath","ExecutorUri":"executor://NUnit3TestExecutor","Source":"C:\\repo_mediamonk\\test5\\blog\\blog.api.test\\bin\\Debug\\net7.0\\fine-code-coverage\\build-output\\blog.api.test.dll","CodeFilePath":null,"LineNumber":0,"Properties":[{"Key":{"Id":"NUnit.Seed","Label":"Seed","Category":"","Description":"","Attributes":0,"ValueType":"System.String"},"Value":"1012353551"}]},"Attachments":[],"Outcome":1,"ErrorMessage":null,"ErrorStackTrace":null,"DisplayName":"TestUserServiceShouldAuthenticateFailPath","Messages":[],"ComputerName":"ALK-10JV9X2","Duration":"00:00:00.0023249","StartTime":"2023-09-01T15:10:20.5281798+00:00","EndTime":"2023-09-01T15:10:20.5305044+00:00","Properties":[{"Key":{"Id":"NUnit.Seed","Label":"Seed","Category":"","Description":"","Attributes":0,"ValueType":"System.String"},"Value":"1012353551"}]},{"TestCase":{"Id":"4a67bd48-dffb-dcf5-d460-0018eb7fff53","FullyQualifiedName":"blog.api.test.UserServiceTest.TestUserServiceShouldAuthenticateHappyPath","DisplayName":"TestUserServiceShouldAuthenticateHappyPath","ExecutorUri":"executor://NUnit3TestExecutor","Source":"C:\\repo_mediamonk\\test5\\blog\\blog.api.test\\bin\\Debug\\net7.0\\fine-code-coverage\\build-output\\blog.api.test.dll","CodeFilePath":null,"LineNumber":0,"Properties":[{"Key":{"Id":"NUnit.Seed","Label":"Seed","Category":"","Description":"","Attributes":0,"ValueType":"System.String"},"Value":"596331856"}]},"Attachments":[],"Outcome":1,"ErrorMessage":null,"ErrorStackTrace":null,"DisplayName":"TestUserServiceShouldAuthenticateHappyPath","Messages":[],"ComputerName":"ALK-10JV9X2","Duration":"00:00:00.0019310","StartTime":"2023-09-01T15:10:20.5305293+00:00","EndTime":"2023-09-01T15:10:20.5324595+00:00","Properties":[{"Key":{"Id":"NUnit.Seed","Label":"Seed","Category":"","Description":"","Attributes":0,"ValueType":"System.String"},"Value":"596331856"}]},{"TestCase":{"Id":"7b279dc5-0ebb-8153-9a94-1a06210118a2","FullyQualifiedName":"blog.api.test.UserServiceTest.TestUserServiceShouldCheckHasRole(True)","DisplayName":"TestUserServiceShouldCheckHasRole(True)","ExecutorUri":"executor://NUnit3TestExecutor","Source":"C:\\repo_mediamonk\\test5\\blog\\blog.api.test\\bin\\Debug\\net7.0\\fine-code-coverage\\build-output\\blog.api.test.dll","CodeFilePath":null,"LineNumber":0,"Properties":[{"Key":{"Id":"NUnit.Seed","Label":"Seed","Category":"","Description":"","Attributes":0,"ValueType":"System.String"},"Value":"165649743"}]},"Attachments":[],"Outcome":1,"ErrorMessage":null,"ErrorStackTrace":null,"DisplayName":"TestUserServiceShouldCheckHasRole(True)","Messages":[],"ComputerName":"ALK-10JV9X2","Duration":"00:00:00.0042110","StartTime":"2023-09-01T15:10:20.5325273+00:00","EndTime":"2023-09-01T15:10:20.5367375+00:00","Properties":[{"Key":{"Id":"NUnit.Seed","Label":"Seed","Category":"","Description":"","Attributes":0,"ValueType":"System.String"},"Value":"165649743"}]},{"TestCase":{"Id":"5f9afeb4-d630-6b79-c79c-ac67c69104c7","FullyQualifiedName":"blog.api.test.UserServiceTest.TestUserServiceShouldCheckHasRole(False)","DisplayName":"TestUserServiceShouldCheckHasRole(False)","ExecutorUri":"executor://NUnit3TestExecutor","Source":"C:\\repo_mediamonk\\test5\\blog\\blog.api.test\\bin\\Debug\\net7.0\\fine-code-coverage\\build-output\\blog.api.test.dll","CodeFilePath":null,"LineNumber":0,"Properties":[{"Key":{"Id":"NUnit.Seed","Label":"Seed","Category":"","Description":"","Attributes":0,"ValueType":"System.String"},"Value":"1782627598"}]},"Attachments":[],"Outcome":1,"ErrorMessage":null,"ErrorStackTrace":null,"DisplayName":"TestUserServiceShouldCheckHasRole(False)","Messages":[],"ComputerName":"ALK-10JV9X2","Duration":"00:00:00.0013820","StartTime":"2023-09-01T15:10:20.5367644+00:00","EndTime":"2023-09-01T15:10:20.5381464+00:00","Properties":[{"Key":{"Id":"NUnit.Seed","Label":"Seed","Category":"","Description":"","Attributes":0,"ValueType":"System.String"},"Value":"1782627598"}]},{"TestCase":{"Id":"13fa0faf-3081-5a43-bc05-16ccb7cac5fb","FullyQualifiedName":"blog.api.test.UserServiceTest.TestUserServiceShouldGetUserByIdHappyPath","DisplayName":"TestUserServiceShouldGetUserByIdHappyPath","ExecutorUri":"executor://NUnit3TestExecutor","Source":"C:\\repo_mediamonk\\test5\\blog\\blog.api.test\\bin\\Debug\\net7.0\\fine-code-coverage\\build-output\\blog.api.test.dll","CodeFilePath":null,"LineNumber":0,"Properties":[{"Key":{"Id":"NUnit.Seed","Label":"Seed","Category":"","Description":"","Attributes":0,"ValueType":"System.String"},"Value":"1526236062"}]},"Attachments":[],"Outcome":1,"ErrorMessage":null,"ErrorStackTrace":null,"DisplayName":"TestUserServiceShouldGetUserByIdHappyPath","Messages":[],"ComputerName":"ALK-10JV9X2","Duration":"00:00:00.0017650","StartTime":"2023-09-01T15:10:20.5381935+00:00","EndTime":"2023-09-01T15:10:20.5399582+00:00","Properties":[{"Key":{"Id":"NUnit.Seed","Label":"Seed","Category":"","Description":"","Attributes":0,"ValueType":"System.String"},"Value":"1526236062"}]},{"TestCase":{"Id":"b26a3202-5c9e-7826-8339-2223b282876b","FullyQualifiedName":"blog.api.test.UserServiceTest.TestUserServiceShouldGetUserByIdNullFail","DisplayName":"TestUserServiceShouldGetUserByIdNullFail","ExecutorUri":"executor://NUnit3TestExecutor","Source":"C:\\repo_mediamonk\\test5\\blog\\blog.api.test\\bin\\Debug\\net7.0\\fine-code-coverage\\build-output\\blog.api.test.dll","CodeFilePath":null,"LineNumber":0,"Properties":[{"Key":{"Id":"NUnit.Seed","Label":"Seed","Category":"","Description":"","Attributes":0,"ValueType":"System.String"},"Value":"1189177519"}]},"Attachments":[],"Outcome":1,"ErrorMessage":null,"ErrorStackTrace":null,"DisplayName":"TestUserServiceShouldGetUserByIdNullFail","Messages":[],"ComputerName":"ALK-10JV9X2","Duration":"00:00:00.0034090","StartTime":"2023-09-01T15:10:20.5399838+00:00","EndTime":"2023-09-01T15:10:20.5433929+00:00","Properties":[{"Key":{"Id":"NUnit.Seed","Label":"Seed","Category":"","Description":"","Attributes":0,"ValueType":"System.String"},"Value":"1189177519"}]},{"TestCase":{"Id":"4689954b-1da7-141a-28b4-9e396dceb628","FullyQualifiedName":"blog.api.test.UserServiceTest.TestUserServiceShouldGetUserByUsernameHappyPath","DisplayName":"TestUserServiceShouldGetUserByUsernameHappyPath","ExecutorUri":"executor://NUnit3TestExecutor","Source":"C:\\repo_mediamonk\\test5\\blog\\blog.api.test\\bin\\Debug\\net7.0\\fine-code-coverage\\build-output\\blog.api.test.dll","CodeFilePath":null,"LineNumber":0,"Properties":[{"Key":{"Id":"NUnit.Seed","Label":"Seed","Category":"","Description":"","Attributes":0,"ValueType":"System.String"},"Value":"1218962309"}]},"Attachments":[],"Outcome":1,"ErrorMessage":null,"ErrorStackTrace":null,"DisplayName":"TestUserServiceShouldGetUserByUsernameHappyPath","Messages":[],"ComputerName":"ALK-10JV9X2","Duration":"00:00:00.0024200","StartTime":"2023-09-01T15:10:20.5434175+00:00","EndTime":"2023-09-01T15:10:20.5458369+00:00","Properties":[{"Key":{"Id":"NUnit.Seed","Label":"Seed","Category":"","Description":"","Attributes":0,"ValueType":"System.String"},"Value":"1218962309"}]},{"TestCase":{"Id":"9ef061e7-ee4a-5772-7701-7482d4b22aab","FullyQualifiedName":"blog.api.test.UserServiceTest.TestUserServiceShouldGetUserByUsernameNullFail","DisplayName":"TestUserServiceShouldGetUserByUsernameNullFail","ExecutorUri":"executor://NUnit3TestExecutor","Source":"C:\\repo_mediamonk\\test5\\blog\\blog.api.test\\bin\\Debug\\net7.0\\fine-code-coverage\\build-output\\blog.api.test.dll","CodeFilePath":null,"LineNumber":0,"Properties":[{"Key":{"Id":"NUnit.Seed","Label":"Seed","Category":"","Description":"","Attributes":0,"ValueType":"System.String"},"Value":"1840944717"}]},"Attachments":[],"Outcome":1,"ErrorMessage":null,"ErrorStackTrace":null,"DisplayName":"TestUserServiceShouldGetUserByUsernameNullFail","Messages":[],"ComputerName":"ALK-10JV9X2","Duration":"00:00:00.0023960","StartTime":"2023-09-01T15:10:20.5458627+00:00","EndTime":"2023-09-01T15:10:20.5482582+00:00","Properties":[{"Key":{"Id":"NUnit.Seed","Label":"Seed","Category":"","Description":"","Attributes":0,"ValueType":"System.String"},"Value":"1840944717"}]}],"TestRunStatistics":{"ExecutedTests":98,"Stats":{"Passed":98}},"ActiveTests":[]},"RunAttachments":[],"ExecutorUris":["executor://nunit3testexecutor/"]}}
TpTrace Verbose: 0 : 22312, 13, 2023/09/01, 12:10:20.601, 2446713300157, vstest.console.dll, TestRequestSender.EndSession: Sending end session.
TpTrace Verbose: 0 : 22312, 13, 2023/09/01, 12:10:20.602, 2446713302430, vstest.console.dll, ProxyOperationManager.Close: waiting for test host to exit for 100 ms
TpTrace Warning: 0 : 22312, 11, 2023/09/01, 12:10:20.637, 2446713655865, vstest.console.dll, TestHostManagerCallbacks.ErrorReceivedCallback Test host standard error line: 
TpTrace Verbose: 0 : 22312, 11, 2023/09/01, 12:10:20.651, 2446713793213, vstest.console.dll, TestHostProvider.ExitCallBack: Host exited starting callback.
TpTrace Information: 0 : 22312, 11, 2023/09/01, 12:10:20.651, 2446713795349, vstest.console.dll, TestHostManagerCallbacks.ExitCallBack: Testhost processId: 25332 exited with exitcode: 0 error: ''
TpTrace Verbose: 0 : 22312, 11, 2023/09/01, 12:10:20.651, 2446713795926, vstest.console.dll, DotnetTestHostManager.OnHostExited: invoking OnHostExited callback
TpTrace Verbose: 0 : 22312, 11, 2023/09/01, 12:10:20.651, 2446713796506, vstest.console.dll, CrossPlatEngine.TestHostManagerHostExited: calling on client process exit callback.
TpTrace Information: 0 : 22312, 11, 2023/09/01, 12:10:20.651, 2446713797496, vstest.console.dll, TestRequestSender.OnClientProcessExit: Test host process exited. Standard error: 
TpTrace Information: 0 : 22312, 11, 2023/09/01, 12:10:20.651, 2446713798403, vstest.console.dll, SocketServer.Stop: Stop server endPoint: 127.0.0.1:59840
TpTrace Information: 0 : 22312, 13, 2023/09/01, 12:10:20.651, 2446713799027, vstest.console.dll, SocketServer.Stop: Stop server endPoint: 127.0.0.1:59840
TpTrace Information: 0 : 22312, 13, 2023/09/01, 12:10:20.651, 2446713799696, vstest.console.dll, SocketServer.Stop: Cancellation requested. Stopping message loop.
TpTrace Information: 0 : 22312, 11, 2023/09/01, 12:10:20.651, 2446713799082, vstest.console.dll, SocketServer.Stop: Cancellation requested. Stopping message loop.
TpTrace Verbose: 0 : 22312, 11, 2023/09/01, 12:10:20.652, 2446713801101, vstest.console.dll, MulticastDelegateUtilities.SafeInvoke: HostProviderEvents.OnHostExited: Invoking callback 1/1 for Microsoft.VisualStudio.TestPlatform.CrossPlatEngine.Client.ProxyOperationManager., took 0 ms.
TpTrace Information: 0 : 22312, 13, 2023/09/01, 12:10:20.652, 2446713801225, vstest.console.dll, Closing the connection
TpTrace Verbose: 0 : 22312, 13, 2023/09/01, 12:10:20.652, 2446713804184, vstest.console.dll, ProxyDataCollectionManager.InvokeDataCollectionServiceAction: Starting.
TpTrace Information: 0 : 22312, 13, 2023/09/01, 12:10:20.652, 2446713804714, vstest.console.dll, ProxyDataCollectionManager.AfterTestRunEnd: Get attachment set and invoked data collectors processId: 28392 port: 59837
TpTrace Verbose: 0 : 22312, 13, 2023/09/01, 12:10:20.652, 2446713805540, vstest.console.dll, DataCollectionRequestSender.SendAfterTestRunStartAndGetResult: Send AfterTestRunEnd message with isCancelled: False
TpTrace Verbose: 0 : 22312, 13, 2023/09/01, 12:10:20.660, 2446713884706, vstest.console.dll, DataCollectionRequestSender.SendAfterTestRunStartAndGetResult: Received message: (DataCollection.AfterTestRunEndResult) -> {"MessageType":"DataCollection.AfterTestRunEndResult","Payload":{"AttachmentSets":[],"InvokedDataCollectors":[{"Uri":"datacollector://Microsoft/TestPlatform/Extensions/Blame/v1","FriendlyName":"Blame","AssemblyQualifiedName":"Microsoft.TestPlatform.Extensions.BlameDataCollector.BlameCollector, Microsoft.TestPlatform.Extensions.BlameDataCollector, Version=15.0.0.0, Culture=neutral, PublicKeyToken=b03f5f7f11d50a3a","FilePath":"C:\\Program Files\\dotnet\\sdk\\7.0.201\\Extensions\\Microsoft.TestPlatform.Extensions.BlameDataCollector.dll","HasAttachmentProcessor":false}],"Metrics":{}}}
TpTrace Information: 0 : 22312, 13, 2023/09/01, 12:10:20.666, 2446713947486, vstest.console.dll, ProxyDataCollectionManager.InvokeDataCollectionServiceAction: Completed.
TpTrace Warning: 0 : 22312, 9, 2023/09/01, 12:10:20.686, 2446714149246, vstest.console.dll, DataCollectionLauncher.ErrorReceivedCallback datacollector standard error line: 
TpTrace Information: 0 : 22312, 9, 2023/09/01, 12:10:20.694, 2446714221634, vstest.console.dll, DataCollectionLauncher.ExitCallBack: Data collector exited with exitcode: 0 error: ''
TpTrace Verbose: 0 : 22312, 13, 2023/09/01, 12:10:20.711, 2446714392093, vstest.console.dll, TestRunRequest:SendTestRunStatsChange: Starting.
TpTrace Verbose: 0 : 22312, 13, 2023/09/01, 12:10:20.711, 2446714393260, vstest.console.dll, MulticastDelegateUtilities.SafeInvoke: TestRun.RunStatsChanged: Invoking callbacks was skipped because there are no subscribers.
TpTrace Information: 0 : 22312, 13, 2023/09/01, 12:10:20.711, 2446714393612, vstest.console.dll, TestRunRequest:SendTestRunStatsChange: Completed.
TpTrace Verbose: 0 : 22312, 4, 2023/09/01, 12:10:20.711, 2446714393628, vstest.console.dll, MulticastDelegateUtilities.SafeInvoke: InternalTestLoggerEvents.SendTestResult: Invoking callback 1/1 for Microsoft.VisualStudio.TestPlatform.CommandLine.Internal.ConsoleLogger., took 0 ms.
TpTrace Verbose: 0 : 22312, 4, 2023/09/01, 12:10:20.711, 2446714394786, vstest.console.dll, MulticastDelegateUtilities.SafeInvoke: InternalTestLoggerEvents.SendTestResult: Invoking callback 1/1 for Microsoft.VisualStudio.TestPlatform.CommandLine.Internal.ConsoleLogger., took 0 ms.
TpTrace Verbose: 0 : 22312, 4, 2023/09/01, 12:10:20.711, 2446714395333, vstest.console.dll, MulticastDelegateUtilities.SafeInvoke: InternalTestLoggerEvents.SendTestResult: Invoking callback 1/1 for Microsoft.VisualStudio.TestPlatform.CommandLine.Internal.ConsoleLogger., took 0 ms.
TpTrace Verbose: 0 : 22312, 4, 2023/09/01, 12:10:20.711, 2446714395750, vstest.console.dll, MulticastDelegateUtilities.SafeInvoke: InternalTestLoggerEvents.SendTestResult: Invoking callback 1/1 for Microsoft.VisualStudio.TestPlatform.CommandLine.Internal.ConsoleLogger., took 0 ms.
TpTrace Verbose: 0 : 22312, 4, 2023/09/01, 12:10:20.711, 2446714396261, vstest.console.dll, MulticastDelegateUtilities.SafeInvoke: InternalTestLoggerEvents.SendTestResult: Invoking callback 1/1 for Microsoft.VisualStudio.TestPlatform.CommandLine.Internal.ConsoleLogger., took 0 ms.
TpTrace Verbose: 0 : 22312, 4, 2023/09/01, 12:10:20.711, 2446714396640, vstest.console.dll, MulticastDelegateUtilities.SafeInvoke: InternalTestLoggerEvents.SendTestResult: Invoking callback 1/1 for Microsoft.VisualStudio.TestPlatform.CommandLine.Internal.ConsoleLogger., took 0 ms.
TpTrace Verbose: 0 : 22312, 4, 2023/09/01, 12:10:20.711, 2446714396997, vstest.console.dll, MulticastDelegateUtilities.SafeInvoke: InternalTestLoggerEvents.SendTestResult: Invoking callback 1/1 for Microsoft.VisualStudio.TestPlatform.CommandLine.Internal.ConsoleLogger., took 0 ms.
TpTrace Verbose: 0 : 22312, 4, 2023/09/01, 12:10:20.711, 2446714397437, vstest.console.dll, MulticastDelegateUtilities.SafeInvoke: InternalTestLoggerEvents.SendTestResult: Invoking callback 1/1 for Microsoft.VisualStudio.TestPlatform.CommandLine.Internal.ConsoleLogger., took 0 ms.
TpTrace Verbose: 0 : 22312, 13, 2023/09/01, 12:10:20.711, 2446714398595, vstest.console.dll, ParallelProxyExecutionManager: HandlePartialRunComplete: Total completed clients = 1, Run complete = True, Run canceled: False.
TpTrace Verbose: 0 : 22312, 4, 2023/09/01, 12:10:20.720, 2446714487046, vstest.console.dll, MulticastDelegateUtilities.SafeInvoke: InternalTestLoggerEvents.SendTestRunComplete: Invoking callback 1/2 for Microsoft.TestPlatform.Extensions.BlameDataCollector.BlameLogger., took 0 ms.
TpTrace Verbose: 0 : 22312, 4, 2023/09/01, 12:10:20.726, 2446714547093, vstest.console.dll, MulticastDelegateUtilities.SafeInvoke: InternalTestLoggerEvents.SendTestRunComplete: Invoking callback 2/2 for Microsoft.VisualStudio.TestPlatform.CommandLine.Internal.ConsoleLogger., took 5 ms.
TpTrace Verbose: 0 : 22312, 13, 2023/09/01, 12:10:20.727, 2446714551960, vstest.console.dll, TestRunRequest:TestRunComplete: Starting. IsAborted:False IsCanceled:False.
TpTrace Verbose: 0 : 22312, 13, 2023/09/01, 12:10:20.728, 2446714565068, vstest.console.dll, TestLoggerManager.HandleTestRunComplete: Ignoring as the object is disposed.
TpTrace Verbose: 0 : 22312, 13, 2023/09/01, 12:10:20.728, 2446714567273, vstest.console.dll, MulticastDelegateUtilities.SafeInvoke: TestRun.TestRunComplete: Invoking callback 1/2 for Microsoft.VisualStudio.TestPlatform.CommandLine.TestRunResultAggregator., took 0 ms.
TpTrace Verbose: 0 : 22312, 13, 2023/09/01, 12:10:20.728, 2446714569253, vstest.console.dll, MulticastDelegateUtilities.SafeInvoke: TestRun.TestRunComplete: Invoking callback 2/2 for Microsoft.VisualStudio.TestPlatform.CommandLine.Processors.RunTestsArgumentExecutor+TestRunRequestEventsRegistrar., took 0 ms.
TpTrace Information: 0 : 22312, 13, 2023/09/01, 12:10:20.728, 2446714570245, vstest.console.dll, TestRunRequest:TestRunComplete: Completed.
TpTrace Verbose: 0 : 22312, 13, 2023/09/01, 12:10:20.729, 2446714570755, vstest.console.dll, TestRequestSender.SetOperationComplete: Setting operation complete.
TpTrace Information: 0 : 22312, 13, 2023/09/01, 12:10:20.729, 2446714571139, vstest.console.dll, SocketServer.Stop: Stop server endPoint: 127.0.0.1:59840
TpTrace Verbose: 0 : 22312, 1, 2023/09/01, 12:10:20.729, 2446714571532, vstest.console.dll, TestRunRequest.Dispose: Starting.
TpTrace Information: 0 : 22312, 1, 2023/09/01, 12:10:20.729, 2446714572335, vstest.console.dll, TestRunRequest.Dispose: Completed.
TpTrace Information: 0 : 22312, 1, 2023/09/01, 12:10:20.729, 2446714572867, vstest.console.dll, TestRequestManager.RunTests: run tests completed.
TpTrace Information: 0 : 22312, 13, 2023/09/01, 12:10:20.729, 2446714571582, vstest.console.dll, SocketServer.Stop: Cancellation requested. Stopping message loop.
TpTrace Verbose: 0 : 22312, 13, 2023/09/01, 12:10:20.729, 2446714573888, vstest.console.dll, MulticastDelegateUtilities.SafeInvoke: LengthPrefixCommunicationChannel: MessageReceived: Invoking callback 1/1 for Microsoft.VisualStudio.TestPlatform.CommunicationUtilities.TestRequestSender+<>c__DisplayClass34_0., took 127 ms.
TpTrace Information: 0 : 22312, 1, 2023/09/01, 12:10:20.729, 2446714574206, vstest.console.dll, RunTestsArgumentProcessor:Execute: Test run is completed.
TpTrace Information: 0 : 22312, 13, 2023/09/01, 12:10:20.729, 2446714574440, vstest.console.dll, SocketServer.PrivateStop: Stopping server endPoint: 127.0.0.1:59840 error: 
TpTrace Verbose: 0 : 22312, 1, 2023/09/01, 12:10:20.729, 2446714576319, vstest.console.dll, Executor.Execute: Exiting with exit code of 0
TpTrace Verbose: 0 : 22312, 13, 2023/09/01, 12:10:20.729, 2446714579628, vstest.console.dll, LengthPrefixCommunicationChannel.Dispose: Dispose reader and writer.
TpTrace Information: 0 : 22312, 13, 2023/09/01, 12:10:20.730, 2446714580657, vstest.console.dll, SocketServer.Stop: Raise disconnected event endPoint: 127.0.0.1:59840 error: 
TpTrace Verbose: 0 : 22312, 13, 2023/09/01, 12:10:20.730, 2446714581646, vstest.console.dll, TestRequestSender: OnTestRunAbort: Operation is already complete. Skip error message.
